{"message":"You have successfully started working with winston and morgan","level":"info"}
{"message":"fa7beb8e-5acb-4383-ae2e-35253391d0e8[METODO->validateMessage][BODY]{\"data\":{\"entidad\":{\"identidad\":6,\"nit\":\"88230515\",\"nombre\":\"elquin... usuario\",\"direccion\":\"direccion del sexto usuario\",\"telefono\":\"3222282572\",\"email\":\"elmail@delsexto.com\",\"activo\":false}},\"expDate\":\"2021-07-25 15:13:29\"}","level":"info"}
{"message":"fa7beb8e-5acb-4383-ae2e-35253391d0e8[METODO->actualizarEntidad][SQL]Executing (default): SELECT \"identidad\", \"nit\", \"nombre\", \"direccion\", \"telefono\", \"email\", \"activo\", \"createdAt\", \"updatedAt\" FROM \"autos\".\"entidades\" AS \"entidades\" WHERE \"entidades\".\"email\" ILIKE '%elmail@delsexto.com%';","level":"info"}
{"message":"fa7beb8e-5acb-4383-ae2e-35253391d0e8[METODO->actualizarEntidad][ERROR]->Ya existe una entidad con este email","level":"error"}
{"message":"fa7beb8e-5acb-4383-ae2e-35253391d0e8[METODO->actualizarEntidad][ERROR]->Ya existe una entidad con este email","level":"error"}
{"message":"a7e5ff44-69af-4c2c-b26e-3b89c637ac52[METODO->validateMessage][BODY]{\"data\":{\"entidad\":{\"identidad\":6,\"nit\":\"88230515\",\"nombre\":\"elquin... usuario\",\"direccion\":\"direccion del sexto usuario\",\"telefono\":\"3222282572\",\"email\":\"elmail@delsexto.com\",\"activo\":false}},\"expDate\":\"2021-07-25 15:13:29\"}","level":"info"}
{"message":"a7e5ff44-69af-4c2c-b26e-3b89c637ac52[METODO->actualizarEntidad][SQL]Executing (default): SELECT \"identidad\", \"nit\", \"nombre\", \"direccion\", \"telefono\", \"email\", \"activo\", \"createdAt\", \"updatedAt\" FROM \"autos\".\"entidades\" AS \"entidades\" WHERE \"entidades\".\"email\" ILIKE '%elmail@delsexto.com%';","level":"info"}
{"message":"a7e5ff44-69af-4c2c-b26e-3b89c637ac52[METODO->actualizarEntidad][ERROR]->Ya existe una entidad con este email","level":"error"}
{"message":"a7e5ff44-69af-4c2c-b26e-3b89c637ac52[METODO->actualizarEntidad][ERROR]->Ya existe una entidad con este email","level":"error"}
{"message":"1344b1bf-01f9-4fe8-bce1-2469569de4a8[METODO->validateMessage][BODY]{\"data\":{\"entidad\":{\"identidad\":6,\"nit\":\"88230515\",\"nombre\":\"elquin... usuario\",\"direccion\":\"direccion del sexto usuario\",\"telefono\":\"3222282572\",\"email\":\"elmail@delsexto.com\",\"activo\":false}},\"expDate\":\"2021-07-25 15:13:29\"}","level":"info"}
{"message":"1344b1bf-01f9-4fe8-bce1-2469569de4a8[METODO->actualizarEntidad][SQL]Executing (default): SELECT \"identidad\", \"nit\", \"nombre\", \"direccion\", \"telefono\", \"email\", \"activo\", \"createdAt\", \"updatedAt\" FROM \"autos\".\"entidades\" AS \"entidades\" WHERE \"entidades\".\"email\" ILIKE '%elmail@delsexto.com%';","level":"info"}
{"message":"1344b1bf-01f9-4fe8-bce1-2469569de4a8[METODO->actualizarEntidad][SQL]Executing (default): SELECT \"identidad\", \"nit\", \"nombre\", \"direccion\", \"telefono\", \"email\", \"activo\", \"createdAt\", \"updatedAt\" FROM \"autos\".\"entidades\" AS \"entidades\" WHERE \"entidades\".\"nit\" = '88230515';","level":"info"}
{"message":"1344b1bf-01f9-4fe8-bce1-2469569de4a8[METODO->actualizarEntidad][ERROR]->Ya existe una entidad con este nit","level":"error"}
{"message":"1344b1bf-01f9-4fe8-bce1-2469569de4a8[METODO->actualizarEntidad][ERROR]->Ya existe una entidad con este nit","level":"error"}
{"message":"942977b4-c3d7-4062-87b6-4c12ef1bdba4[METODO->validateMessage][BODY]{\"data\":{\"entidad\":{\"identidad\":6,\"nit\":\"88230515\",\"nombre\":\"elquin... usuario\",\"direccion\":\"direccion del sexto usuario\",\"telefono\":\"3222282572\",\"email\":\"elmail@delsexto.com\",\"activo\":false}},\"expDate\":\"2021-07-25 15:13:29\"}","level":"info"}
{"message":"942977b4-c3d7-4062-87b6-4c12ef1bdba4[METODO->actualizarEntidad][SQL]Executing (default): SELECT \"identidad\", \"nit\", \"nombre\", \"direccion\", \"telefono\", \"email\", \"activo\", \"createdAt\", \"updatedAt\" FROM \"autos\".\"entidades\" AS \"entidades\" WHERE \"entidades\".\"email\" ILIKE '%elmail@delsexto.com%';","level":"info"}
{"message":"942977b4-c3d7-4062-87b6-4c12ef1bdba4[METODO->actualizarEntidad][SQL]Executing (default): SELECT \"identidad\", \"nit\", \"nombre\", \"direccion\", \"telefono\", \"email\", \"activo\", \"createdAt\", \"updatedAt\" FROM \"autos\".\"entidades\" AS \"entidades\" WHERE \"entidades\".\"nit\" = '88230515';","level":"info"}
{"message":"942977b4-c3d7-4062-87b6-4c12ef1bdba4[METODO->actualizarEntidad][ERROR]->Ya existe una entidad con este nit","level":"error"}
{"message":"942977b4-c3d7-4062-87b6-4c12ef1bdba4[METODO->actualizarEntidad][ERROR]->Ya existe una entidad con este nit","level":"error"}
{"message":"41c69ae2-0277-48ea-9eeb-0916a283aada[METODO->validateMessage][BODY]{\"data\":{\"entidad\":{\"identidad\":6,\"nit\":\"88230515\",\"nombre\":\"elquin... usuario\",\"direccion\":\"direccion del sexto usuario\",\"telefono\":\"3222282572\",\"email\":\"elmail@delsexto.com\",\"activo\":false}},\"expDate\":\"2021-07-25 15:13:29\"}","level":"info"}
{"message":"41c69ae2-0277-48ea-9eeb-0916a283aada[METODO->actualizarEntidad][SQL]Executing (default): SELECT \"identidad\", \"nit\", \"nombre\", \"direccion\", \"telefono\", \"email\", \"activo\", \"createdAt\", \"updatedAt\" FROM \"autos\".\"entidades\" AS \"entidades\" WHERE \"entidades\".\"email\" ILIKE '%elmail@delsexto.com%';","level":"info"}
{"message":"41c69ae2-0277-48ea-9eeb-0916a283aada[METODO->actualizarEntidad][SQL]Executing (default): SELECT \"identidad\", \"nit\", \"nombre\", \"direccion\", \"telefono\", \"email\", \"activo\", \"createdAt\", \"updatedAt\" FROM \"autos\".\"entidades\" AS \"entidades\" WHERE \"entidades\".\"nit\" = '88230515';","level":"info"}
{"message":"41c69ae2-0277-48ea-9eeb-0916a283aada[METODO->actualizarEntidad][ERROR]->Ya existe una entidad con este nit","level":"error"}
{"message":"41c69ae2-0277-48ea-9eeb-0916a283aada[METODO->actualizarEntidad][ERROR]->Ya existe una entidad con este nit","level":"error"}
{"message":"608b40a4-b955-452a-a78f-fddcd99ea162[METODO->validateMessage][BODY]{\"data\":{\"entidad\":{\"identidad\":6,\"nit\":\"88230515\",\"nombre\":\"elquin... usuario\",\"direccion\":\"direccion del sexto usuario\",\"telefono\":\"3222282572\",\"email\":\"elmail@delsexto.com\",\"activo\":false}},\"expDate\":\"2021-07-25 15:13:29\"}","level":"info"}
{"message":"608b40a4-b955-452a-a78f-fddcd99ea162[METODO->actualizarEntidad][SQL]Executing (default): SELECT \"identidad\", \"nit\", \"nombre\", \"direccion\", \"telefono\", \"email\", \"activo\", \"createdAt\", \"updatedAt\" FROM \"autos\".\"entidades\" AS \"entidades\" WHERE \"entidades\".\"email\" ILIKE '%elmail@delsexto.com%';","level":"info"}
{"message":"608b40a4-b955-452a-a78f-fddcd99ea162[METODO->actualizarEntidad][SQL]Executing (default): SELECT \"identidad\", \"nit\", \"nombre\", \"direccion\", \"telefono\", \"email\", \"activo\", \"createdAt\", \"updatedAt\" FROM \"autos\".\"entidades\" AS \"entidades\" WHERE \"entidades\".\"nit\" = '88230515';","level":"info"}
{"message":"608b40a4-b955-452a-a78f-fddcd99ea162[METODO->actualizarEntidad][SQL]Executing (default): INSERT INTO \"autos\".\"entidades\" (\"identidad\",\"nit\",\"nombre\",\"direccion\",\"telefono\",\"email\",\"activo\",\"createdAt\",\"updatedAt\") VALUES ($1,$2,$3,$4,$5,$6,$7,$8,$9) ON CONFLICT (\"identidad\") DO UPDATE SET \"identidad\"=EXCLUDED.\"identidad\",\"nombre\"=EXCLUDED.\"nombre\",\"direccion\"=EXCLUDED.\"direccion\",\"telefono\"=EXCLUDED.\"telefono\",\"nit\"=EXCLUDED.\"nit\",\"email\"=EXCLUDED.\"email\",\"createdAt\"=EXCLUDED.\"createdAt\",\"updatedAt\"=EXCLUDED.\"updatedAt\",\"activo\"=EXCLUDED.\"activo\" RETURNING \"identidad\",\"nit\",\"nombre\",\"direccion\",\"telefono\",\"email\",\"activo\",\"createdAt\",\"updatedAt\";","level":"info"}
{"message":"608b40a4-b955-452a-a78f-fddcd99ea162[METODO->actualizarEntidad][OK]->actualizacion exitosa","level":"info"}
{"message":"5c3cec59-4353-4dba-b258-7d5fd2eba017[METODO->validateMessage][BODY]{\"data\":{\"entidad\":{\"identidad\":6,\"nit\":\"88230515\",\"nombre\":\"elquin... usuario\",\"direccion\":\"direccion del sexto usuario\",\"telefono\":\"3222282572\",\"email\":\"elmail@delsexto.com\",\"activo\":false}},\"expDate\":\"2021-07-25 15:13:29\"}","level":"info"}
{"message":"5c3cec59-4353-4dba-b258-7d5fd2eba017[METODO->actualizarEntidad][SQL]Executing (default): SELECT \"identidad\", \"nit\", \"nombre\", \"direccion\", \"telefono\", \"email\", \"activo\", \"createdAt\", \"updatedAt\" FROM \"autos\".\"entidades\" AS \"entidades\" WHERE \"entidades\".\"email\" ILIKE '%elmail@delsexto.com%';","level":"info"}
{"message":"5c3cec59-4353-4dba-b258-7d5fd2eba017[METODO->actualizarEntidad][ERROR]->Ya existe una entidad con este email","level":"error"}
{"message":"5c3cec59-4353-4dba-b258-7d5fd2eba017[METODO->actualizarEntidad][ERROR]->Ya existe una entidad con este email","level":"error"}
{"message":"96bdfbdb-22c3-4130-8eb4-60869550e458[METODO->validateMessage][BODY]{\"data\":{\"entidad\":{\"identidad\":6,\"nit\":\"88230515\",\"nombre\":\"elquin... usuario\",\"direccion\":\"direccion del sexto usuario\",\"telefono\":\"3222282572\",\"email\":\"elmail@delsexto.com\",\"activo\":false}},\"expDate\":\"2021-07-25 15:13:29\"}","level":"info"}
{"message":"96bdfbdb-22c3-4130-8eb4-60869550e458[METODO->actualizarEntidad][SQL]Executing (default): SELECT \"identidad\", \"nit\", \"nombre\", \"direccion\", \"telefono\", \"email\", \"activo\", \"createdAt\", \"updatedAt\" FROM \"autos\".\"entidades\" AS \"entidades\" WHERE \"entidades\".\"email\" ILIKE '%elmail@delsexto.com%';","level":"info"}
{"message":"96bdfbdb-22c3-4130-8eb4-60869550e458[METODO->actualizarEntidad][SQL]Executing (default): SELECT \"identidad\", \"nit\", \"nombre\", \"direccion\", \"telefono\", \"email\", \"activo\", \"createdAt\", \"updatedAt\" FROM \"autos\".\"entidades\" AS \"entidades\" WHERE \"entidades\".\"nit\" = '88230515';","level":"info"}
{"message":"96bdfbdb-22c3-4130-8eb4-60869550e458[METODO->actualizarEntidad][ERROR]->Ya existe una entidad con este nit","level":"error"}
{"message":"96bdfbdb-22c3-4130-8eb4-60869550e458[METODO->actualizarEntidad][ERROR]->Ya existe una entidad con este nit","level":"error"}
{"message":"d5950207-020d-4e14-80ef-b6f39c454f1a[METODO->validateMessage][BODY]{\"data\":{\"entidad\":{\"identidad\":6,\"nit\":\"88230515\",\"nombre\":\"elquin... usuario\",\"direccion\":\"direccion del sexto usuario\",\"telefono\":\"3222282572\",\"email\":\"elmail@delsexto.com\",\"activo\":false}},\"expDate\":\"2021-07-25 15:13:29\"}","level":"info"}
{"message":"d5950207-020d-4e14-80ef-b6f39c454f1a[METODO->actualizarEntidad][SQL]Executing (default): SELECT \"identidad\", \"nit\", \"nombre\", \"direccion\", \"telefono\", \"email\", \"activo\", \"createdAt\", \"updatedAt\" FROM \"autos\".\"entidades\" AS \"entidades\" WHERE \"entidades\".\"email\" ILIKE '%elmail@delsexto.com%';","level":"info"}
{"message":"d5950207-020d-4e14-80ef-b6f39c454f1a[METODO->actualizarEntidad][SQL]Executing (default): SELECT \"identidad\", \"nit\", \"nombre\", \"direccion\", \"telefono\", \"email\", \"activo\", \"createdAt\", \"updatedAt\" FROM \"autos\".\"entidades\" AS \"entidades\" WHERE \"entidades\".\"nit\" = '88230515';","level":"info"}
{"message":"d5950207-020d-4e14-80ef-b6f39c454f1a[METODO->actualizarEntidad][SQL]Executing (default): INSERT INTO \"autos\".\"entidades\" (\"identidad\",\"nit\",\"nombre\",\"direccion\",\"telefono\",\"email\",\"activo\",\"createdAt\",\"updatedAt\") VALUES ($1,$2,$3,$4,$5,$6,$7,$8,$9) ON CONFLICT (\"identidad\") DO UPDATE SET \"identidad\"=EXCLUDED.\"identidad\",\"nombre\"=EXCLUDED.\"nombre\",\"direccion\"=EXCLUDED.\"direccion\",\"telefono\"=EXCLUDED.\"telefono\",\"nit\"=EXCLUDED.\"nit\",\"email\"=EXCLUDED.\"email\",\"createdAt\"=EXCLUDED.\"createdAt\",\"updatedAt\"=EXCLUDED.\"updatedAt\",\"activo\"=EXCLUDED.\"activo\" RETURNING \"identidad\",\"nit\",\"nombre\",\"direccion\",\"telefono\",\"email\",\"activo\",\"createdAt\",\"updatedAt\";","level":"info"}
{"message":"d5950207-020d-4e14-80ef-b6f39c454f1a[METODO->actualizarEntidad][OK]->actualizacion exitosa","level":"info"}
{"message":"8b9aa18a-3620-49af-9f66-c93c357397ad[METODO->validateMessage][BODY]{\"data\":{\"entidad\":{\"identidad\":6,\"nit\":\"88230515\",\"nombre\":\"elquin... usuario\",\"direccion\":\"direccion del sexto usuario\",\"telefono\":\"3222282572\",\"email\":\"elmail@delsexto.com\",\"activo\":false}},\"expDate\":\"2021-07-25 15:13:29\"}","level":"info"}
{"message":"8b9aa18a-3620-49af-9f66-c93c357397ad[METODO->getEntidades][SQL]Executing (default): SELECT \"identidad\", \"nit\", \"nombre\", \"direccion\", \"telefono\", \"email\", \"activo\", \"createdAt\", \"updatedAt\" FROM \"autos\".\"entidades\" AS \"entidades\" ORDER BY \"entidades\".\"nombre\";","level":"info"}
{"message":"8b9aa18a-3620-49af-9f66-c93c357397ad[METODO->getEntidades][OK]->consulta exitosa","level":"info"}
{"message":"0914ff7f-98ac-4a6a-8560-3cf2c8f55621[METODO->validateMessage][BODY]{\"data\":{\"token\":\"6d729362-5b03-4209-ad10-634e11c706eb\"},\"expDate\":\"2021-07-25 16:07:12\"}","level":"info"}
{"message":"0914ff7f-98ac-4a6a-8560-3cf2c8f55621[METODO->getRoles][SQL]Executing (default): SELECT \"idrol\", \"descripcion\" FROM \"autos\".\"roles\" AS \"roles\" ORDER BY \"roles\".\"descripcion\";","level":"info"}
{"message":"0914ff7f-98ac-4a6a-8560-3cf2c8f55621[METODO->getRoles][OK]->consulta exitosa","level":"info"}
{"message":"2586a994-a257-41b4-bddc-25f7da4f62ce[METODO->validateMessage][BODY]{\"data\":{\"requestLogin\":{\"idrol\":\"1\",\"cedula\":\"88230510\",\"clave\":\"U2FsdGVkX1+CMsDpMQPdCl+3aifb35O5z9lX6aQMmuA=\"}},\"expDate\":\"2021-07-25 16:07:19\"}","level":"info"}
{"message":"2586a994-a257-41b4-bddc-25f7da4f62ce[METODO->validarLogin][SQL]Executing (default): SELECT \"idpersona\", \"cedula\", \"nombre\", \"direccion\", \"telefono\", \"email\", \"clave\", \"activo\" FROM \"autos\".\"personas\" AS \"personas\" WHERE \"personas\".\"cedula\" = '88230510';","level":"info"}
{"message":"2586a994-a257-41b4-bddc-25f7da4f62ce[METODO->validarLogin][SQL]Executing (default): SELECT \"idpersona\", \"cedula\", \"nombre\", \"direccion\", \"telefono\", \"email\", \"activo\" FROM \"autos\".\"personas\" AS \"personas\" WHERE \"personas\".\"cedula\" = '88230510' AND \"personas\".\"clave\" = '456';","level":"info"}
{"message":"2586a994-a257-41b4-bddc-25f7da4f62ce[METODO->validarLogin][SQL]Executing (default): SELECT \"rolesxpersona\".\"idrolesxpersona\", \"rolesxpersona\".\"idrol\", \"rolesxpersona\".\"idpersona\", \"rol\".\"idrol\" AS \"rol.idrol\", \"rol\".\"descripcion\" AS \"rol.descripcion\", \"persona\".\"idpersona\" AS \"persona.idpersona\", \"persona\".\"cedula\" AS \"persona.cedula\", \"persona\".\"nombre\" AS \"persona.nombre\", \"persona\".\"direccion\" AS \"persona.direccion\", \"persona\".\"telefono\" AS \"persona.telefono\", \"persona\".\"email\" AS \"persona.email\", \"persona\".\"clave\" AS \"persona.clave\", \"persona\".\"activo\" AS \"persona.activo\" FROM \"autos\".\"rolesxpersona\" AS \"rolesxpersona\" LEFT OUTER JOIN \"autos\".\"roles\" AS \"rol\" ON \"rolesxpersona\".\"idrol\" = \"rol\".\"idrol\" LEFT OUTER JOIN \"autos\".\"personas\" AS \"persona\" ON \"rolesxpersona\".\"idpersona\" = \"persona\".\"idpersona\" WHERE \"rolesxpersona\".\"idpersona\" = '2' AND \"rolesxpersona\".\"idrol\" = '1' ORDER BY \"rolesxpersona\".\"idrolesxpersona\";","level":"info"}
{"message":"2586a994-a257-41b4-bddc-25f7da4f62ce[METODO->validarLogin][OK]->Consulta ok","level":"error"}
{"message":"ad1e5de1-ff38-4063-af25-504792615a3c[METODO->validateMessage][BODY]{\"data\":{\"token\":\"7cab1104-99c7-44c3-bc70-a85086f9b819\"},\"expDate\":\"2021-07-25 16:08:09\"}","level":"info"}
{"message":"ad1e5de1-ff38-4063-af25-504792615a3c[METODO->getEntidades][SQL]Executing (default): SELECT \"identidad\", \"nit\", \"nombre\", \"direccion\", \"telefono\", \"email\", \"activo\", \"createdAt\", \"updatedAt\" FROM \"autos\".\"entidades\" AS \"entidades\" ORDER BY \"entidades\".\"nombre\";","level":"info"}
{"message":"ad1e5de1-ff38-4063-af25-504792615a3c[METODO->getEntidades][OK]->consulta exitosa","level":"info"}
{"message":"1b9baf67-37f2-48cf-a827-27c9244d3be4[METODO->validateMessage][BODY]{\"data\":{\"token\":\"c57451b8-3e5b-4a5d-9aae-02099d0f3b93\"},\"expDate\":\"2021-07-25 16:08:17\"}","level":"info"}
{"message":"1b9baf67-37f2-48cf-a827-27c9244d3be4[METODO->getEntidades][SQL]Executing (default): SELECT \"identidad\", \"nit\", \"nombre\", \"direccion\", \"telefono\", \"email\", \"activo\", \"createdAt\", \"updatedAt\" FROM \"autos\".\"entidades\" AS \"entidades\" ORDER BY \"entidades\".\"nombre\";","level":"info"}
{"message":"1b9baf67-37f2-48cf-a827-27c9244d3be4[METODO->getEntidades][OK]->consulta exitosa","level":"info"}
{"message":"7d493af8-d098-4ef5-8bfd-b958d4f74b45[METODO->validateMessage][BODY]{\"data\":{\"token\":\"b9a72dc7-4b6c-46ff-b85e-c0124916aa4a\"},\"expDate\":\"2021-07-25 16:08:18\"}","level":"info"}
{"message":"7d493af8-d098-4ef5-8bfd-b958d4f74b45[METODO->getEntidades][SQL]Executing (default): SELECT \"identidad\", \"nit\", \"nombre\", \"direccion\", \"telefono\", \"email\", \"activo\", \"createdAt\", \"updatedAt\" FROM \"autos\".\"entidades\" AS \"entidades\" ORDER BY \"entidades\".\"nombre\";","level":"info"}
{"message":"7d493af8-d098-4ef5-8bfd-b958d4f74b45[METODO->getEntidades][OK]->consulta exitosa","level":"info"}
{"message":"18b9de13-c7ec-4339-84fd-fd4f0c5a2cf3[METODO->validateMessage][BODY]{\"data\":{\"token\":\"f25ba053-c946-4e3d-82f5-15a21dd62147\"},\"expDate\":\"2021-07-25 16:08:20\"}","level":"info"}
{"message":"18b9de13-c7ec-4339-84fd-fd4f0c5a2cf3[METODO->getEntidades][SQL]Executing (default): SELECT \"identidad\", \"nit\", \"nombre\", \"direccion\", \"telefono\", \"email\", \"activo\", \"createdAt\", \"updatedAt\" FROM \"autos\".\"entidades\" AS \"entidades\" ORDER BY \"entidades\".\"nombre\";","level":"info"}
{"message":"18b9de13-c7ec-4339-84fd-fd4f0c5a2cf3[METODO->getEntidades][OK]->consulta exitosa","level":"info"}
