{"message":"You have successfully started working with winston and morgan","level":"info"}
{"message":"e67f88f7-f848-4457-bf8f-f241618eb905[METODO->getPersona][ERROR]->Token Expirado","level":"error"}
{"message":"92eb9d4f-bd96-4a87-8546-cdbb8e846cb0[METODO->validateMessage][BODY]{\"data\":{\"idrol\":\"1\",\"cedula\":\"88230510\",\"password\":\"123456789\"},\"expDate\":\"2021-07-23 15:22:37\"}","level":"info"}
{"message":"92eb9d4f-bd96-4a87-8546-cdbb8e846cb0[METODO->validateMessage][REQUEST]{\"data\":{\"idrol\":\"1\",\"cedula\":\"88230510\",\"password\":\"123456789\"},\"expDate\":\"2021-07-23 15:33:49\"}","level":"info"}
{"message":"92eb9d4f-bd96-4a87-8546-cdbb8e846cb0[METODO->getPersona][ERROR]->El body no es valido","level":"error"}
{"message":"8391c70a-fa85-486f-a21a-2593e740239a[METODO->getPersona][SQL]Executing (default): SELECT \"idpersona\", \"cedula\", \"nombre\", \"direccion\", \"telefono\", \"email\", \"clave\" FROM \"autos\".\"personas\" AS \"personas\" WHERE \"personas\".\"cedula\" = '88230510';","level":"info"}
{"message":"8391c70a-fa85-486f-a21a-2593e740239a[METODO->getPersona][OK]->consulta exitosa","level":"info"}
{"message":"1c514052-9c65-40ff-a35c-d368649f2944[METODO->getPersona][SQL]Executing (default): SELECT \"idpersona\", \"cedula\", \"nombre\", \"direccion\", \"telefono\", \"email\", \"clave\" FROM \"autos\".\"personas\" AS \"personas\" WHERE \"personas\".\"cedula\" = '88230511';","level":"info"}
{"message":"1c514052-9c65-40ff-a35c-d368649f2944[METODO->getPersona][OK]->consulta exitosa","level":"info"}
{"message":"28f03a75-f6c3-45b7-853e-214610e5d97e[METODO->getPersona][SQL]Executing (default): SELECT \"idpersona\", \"cedula\", \"nombre\", \"direccion\", \"telefono\", \"email\", \"clave\" FROM \"autos\".\"personas\" AS \"personas\" WHERE \"personas\".\"cedula\" = '88230512';","level":"info"}
{"message":"28f03a75-f6c3-45b7-853e-214610e5d97e[METODO->getPersona][OK]->consulta exitosa","level":"info"}
{"message":"f8e66fe1-ac97-470b-a2cf-5ee901591066[METODO->getPersona][SQL]Executing (default): SELECT \"idpersona\", \"cedula\", \"nombre\", \"direccion\", \"telefono\", \"email\", \"clave\" FROM \"autos\".\"personas\" AS \"personas\" WHERE \"personas\".\"cedula\" = '88230513';","level":"info"}
{"message":"f8e66fe1-ac97-470b-a2cf-5ee901591066[METODO->getPersona][OK]->consulta exitosa","level":"info"}
{"message":"87b15041-82fb-4e78-8b80-fbe615bc4712[METODO->getPersona][SQL]Executing (default): SELECT \"idpersona\", \"cedula\", \"nombre\", \"direccion\", \"telefono\", \"email\", \"clave\" FROM \"autos\".\"personas\" AS \"personas\" WHERE \"personas\".\"cedula\" = '88230513';","level":"info"}
{"message":"87b15041-82fb-4e78-8b80-fbe615bc4712[METODO->getPersona][OK]->consulta exitosa","level":"info"}
{"message":"5df545c5-a02b-44a5-8d4f-105eee04faae[METODO->getPersona][SQL]Executing (default): SELECT \"idpersona\", \"cedula\", \"nombre\", \"direccion\", \"telefono\", \"email\", \"clave\" FROM \"autos\".\"personas\" AS \"personas\" WHERE \"personas\".\"cedula\" = '88230513ss';","level":"info"}
{"message":"5df545c5-a02b-44a5-8d4f-105eee04faae[METODO->getPersona][OK]->consulta exitosa","level":"info"}
{"message":"263c09e1-b8c6-4cda-80c2-1e10eb435b7a[METODO->getPersona][SQL]Executing (default): SELECT \"idpersona\", \"cedula\", \"nombre\", \"direccion\", \"telefono\", \"email\", \"clave\" FROM \"autos\".\"personas\" AS \"personas\" WHERE \"personas\".\"idpersona\" = '1';","level":"info"}
{"message":"263c09e1-b8c6-4cda-80c2-1e10eb435b7a[METODO->getPersona][OK]->consulta exitosa","level":"info"}
{"message":"57218f0b-0776-4c06-9c4e-9487e31e317d[METODO->getPersona][SQL]Executing (default): SELECT \"idpersona\", \"cedula\", \"nombre\", \"direccion\", \"telefono\", \"email\", \"clave\" FROM \"autos\".\"personas\" AS \"personas\" WHERE \"personas\".\"idpersona\" = '100';","level":"info"}
{"message":"57218f0b-0776-4c06-9c4e-9487e31e317d[METODO->getPersona][ERROR]->No se encontraron datos con ese criterio de busqueda","level":"error"}
{"message":"a4620e6e-06ef-480b-a66e-3c60d3d74258[METODO->getPersona][SQL]Executing (default): SELECT \"idpersona\", \"cedula\", \"nombre\", \"direccion\", \"telefono\", \"email\", \"clave\" FROM \"autos\".\"personas\" AS \"personas\" WHERE \"personas\".\"cedula\" = '88230513ss';","level":"info"}
{"message":"a4620e6e-06ef-480b-a66e-3c60d3d74258[METODO->getPersona][OK]->consulta exitosa","level":"info"}
