{"message":"You have successfully started working with winston and morgan","level":"info"}
{"message":"439bb627-4318-4616-95eb-321ed575f0a5[METODO->validateMessage][BODY]{\"data\":{\"token\":\"f5ea0a9c-cf82-4f94-b31c-910e9928ced3\"},\"expDate\":\"2021-07-26 18:04:35\"}","level":"info"}
{"message":"439bb627-4318-4616-95eb-321ed575f0a5[METODO->getRoles][SQL]Executing (default): SELECT \"idrol\", \"descripcion\" FROM \"autos\".\"roles\" AS \"roles\" ORDER BY \"roles\".\"descripcion\";","level":"info"}
{"message":"439bb627-4318-4616-95eb-321ed575f0a5[METODO->getRoles][OK]->consulta exitosa","level":"info"}
{"message":"490331c6-ab25-457b-a5b0-245cad7d6665[METODO->validateMessage][BODY]{\"data\":{\"requestLogin\":{\"idrol\":\"1\",\"cedula\":\"88230510\",\"clave\":\"U2FsdGVkX1/W7894JYDxzPegQ4iayL3cJZEp4f8jn1U=\"}},\"expDate\":\"2021-07-26 18:04:45\"}","level":"info"}
{"message":"490331c6-ab25-457b-a5b0-245cad7d6665[METODO->validarLogin][SQL]Executing (default): SELECT \"idpersona\", \"cedula\", \"nombre\", \"direccion\", \"telefono\", \"email\", \"clave\", \"activo\" FROM \"autos\".\"personas\" AS \"personas\" WHERE \"personas\".\"cedula\" = '88230510';","level":"info"}
{"message":"490331c6-ab25-457b-a5b0-245cad7d6665[METODO->validarLogin][SQL]Executing (default): SELECT \"idpersona\", \"cedula\", \"nombre\", \"direccion\", \"telefono\", \"email\", \"activo\" FROM \"autos\".\"personas\" AS \"personas\" WHERE \"personas\".\"cedula\" = '88230510' AND \"personas\".\"clave\" = '456';","level":"info"}
{"message":"490331c6-ab25-457b-a5b0-245cad7d6665[METODO->validarLogin][SQL]Executing (default): SELECT \"rolesxpersona\".\"idrolesxpersona\", \"rolesxpersona\".\"idrol\", \"rolesxpersona\".\"idpersona\", \"rol\".\"idrol\" AS \"rol.idrol\", \"rol\".\"descripcion\" AS \"rol.descripcion\", \"persona\".\"idpersona\" AS \"persona.idpersona\", \"persona\".\"cedula\" AS \"persona.cedula\", \"persona\".\"nombre\" AS \"persona.nombre\", \"persona\".\"direccion\" AS \"persona.direccion\", \"persona\".\"telefono\" AS \"persona.telefono\", \"persona\".\"email\" AS \"persona.email\", \"persona\".\"clave\" AS \"persona.clave\", \"persona\".\"activo\" AS \"persona.activo\" FROM \"autos\".\"rolesxpersona\" AS \"rolesxpersona\" LEFT OUTER JOIN \"autos\".\"roles\" AS \"rol\" ON \"rolesxpersona\".\"idrol\" = \"rol\".\"idrol\" LEFT OUTER JOIN \"autos\".\"personas\" AS \"persona\" ON \"rolesxpersona\".\"idpersona\" = \"persona\".\"idpersona\" WHERE \"rolesxpersona\".\"idpersona\" = '2' AND \"rolesxpersona\".\"idrol\" = '1' ORDER BY \"rolesxpersona\".\"idrolesxpersona\";","level":"info"}
{"message":"490331c6-ab25-457b-a5b0-245cad7d6665[METODO->validarLogin][OK]->Consulta ok","level":"error"}
{"message":"c82fde66-ed25-4b84-a877-f61c406a5688[METODO->validateMessage][BODY]{\"data\":{\"token\":\"06760ade-ebf0-47d4-87bb-15d54e907294\"},\"expDate\":\"2021-07-26 18:04:49\"}","level":"info"}
{"message":"c82fde66-ed25-4b84-a877-f61c406a5688[METODO->getEntidades][SQL]Executing (default): SELECT \"identidad\", \"nit\", \"nombre\", \"direccion\", \"telefono\", \"email\", \"activo\", \"createdAt\", \"updatedAt\" FROM \"autos\".\"entidades\" AS \"entidades\" ORDER BY \"entidades\".\"nombre\";","level":"info"}
{"message":"c82fde66-ed25-4b84-a877-f61c406a5688[METODO->getEntidades][OK]->consulta exitosa","level":"info"}
{"message":"b55f6711-e2d2-49a5-8041-649d688c7f32[METODO->validateMessage][BODY]{\"data\":{\"token\":\"ce5b267b-4343-40f2-abf1-c596f26bb271\"},\"expDate\":\"2021-07-26 18:08:38\"}","level":"info"}
{"message":"b55f6711-e2d2-49a5-8041-649d688c7f32[METODO->getRoles][SQL]Executing (default): SELECT \"idrol\", \"descripcion\" FROM \"autos\".\"roles\" AS \"roles\" ORDER BY \"roles\".\"descripcion\";","level":"info"}
{"message":"b55f6711-e2d2-49a5-8041-649d688c7f32[METODO->getRoles][OK]->consulta exitosa","level":"info"}
{"message":"a19adf96-ed45-49fa-9535-0bb08b66c4b4[METODO->validateMessage][BODY]{\"data\":{\"requestLogin\":{\"idrol\":\"1\",\"cedula\":\"88230510\",\"clave\":\"U2FsdGVkX18J3C6o4jFltwPzqBLZ8CHikvTVkOUGlXY=\"}},\"expDate\":\"2021-07-26 18:08:45\"}","level":"info"}
{"message":"a19adf96-ed45-49fa-9535-0bb08b66c4b4[METODO->validarLogin][SQL]Executing (default): SELECT \"idpersona\", \"cedula\", \"nombre\", \"direccion\", \"telefono\", \"email\", \"clave\", \"activo\" FROM \"autos\".\"personas\" AS \"personas\" WHERE \"personas\".\"cedula\" = '88230510';","level":"info"}
{"message":"a19adf96-ed45-49fa-9535-0bb08b66c4b4[METODO->validarLogin][SQL]Executing (default): SELECT \"idpersona\", \"cedula\", \"nombre\", \"direccion\", \"telefono\", \"email\", \"activo\" FROM \"autos\".\"personas\" AS \"personas\" WHERE \"personas\".\"cedula\" = '88230510' AND \"personas\".\"clave\" = '456';","level":"info"}
{"message":"a19adf96-ed45-49fa-9535-0bb08b66c4b4[METODO->validarLogin][SQL]Executing (default): SELECT \"rolesxpersona\".\"idrolesxpersona\", \"rolesxpersona\".\"idrol\", \"rolesxpersona\".\"idpersona\", \"rol\".\"idrol\" AS \"rol.idrol\", \"rol\".\"descripcion\" AS \"rol.descripcion\", \"persona\".\"idpersona\" AS \"persona.idpersona\", \"persona\".\"cedula\" AS \"persona.cedula\", \"persona\".\"nombre\" AS \"persona.nombre\", \"persona\".\"direccion\" AS \"persona.direccion\", \"persona\".\"telefono\" AS \"persona.telefono\", \"persona\".\"email\" AS \"persona.email\", \"persona\".\"clave\" AS \"persona.clave\", \"persona\".\"activo\" AS \"persona.activo\" FROM \"autos\".\"rolesxpersona\" AS \"rolesxpersona\" LEFT OUTER JOIN \"autos\".\"roles\" AS \"rol\" ON \"rolesxpersona\".\"idrol\" = \"rol\".\"idrol\" LEFT OUTER JOIN \"autos\".\"personas\" AS \"persona\" ON \"rolesxpersona\".\"idpersona\" = \"persona\".\"idpersona\" WHERE \"rolesxpersona\".\"idpersona\" = '2' AND \"rolesxpersona\".\"idrol\" = '1' ORDER BY \"rolesxpersona\".\"idrolesxpersona\";","level":"info"}
{"message":"a19adf96-ed45-49fa-9535-0bb08b66c4b4[METODO->validarLogin][OK]->Consulta ok","level":"error"}
{"message":"0825bf62-8129-407b-9541-746ffa779436[METODO->validateMessage][BODY]{\"data\":{\"token\":\"5ebe82b1-dd67-4fc3-a24b-04dc762d554c\"},\"expDate\":\"2021-07-26 18:08:47\"}","level":"info"}
{"message":"0825bf62-8129-407b-9541-746ffa779436[METODO->getEntidades][SQL]Executing (default): SELECT \"identidad\", \"nit\", \"nombre\", \"direccion\", \"telefono\", \"email\", \"activo\", \"createdAt\", \"updatedAt\" FROM \"autos\".\"entidades\" AS \"entidades\" ORDER BY \"entidades\".\"nombre\";","level":"info"}
{"message":"0825bf62-8129-407b-9541-746ffa779436[METODO->getEntidades][OK]->consulta exitosa","level":"info"}
{"message":"26397e02-94b9-4497-9b15-26c4ca021180[METODO->validateMessage][BODY]{\"data\":{\"token\":\"41279c25-896a-4cad-9c00-21a4e43eb1f4\"},\"expDate\":\"2021-07-26 18:12:51\"}","level":"info"}
{"message":"26397e02-94b9-4497-9b15-26c4ca021180[METODO->getRoles][SQL]Executing (default): SELECT \"idrol\", \"descripcion\" FROM \"autos\".\"roles\" AS \"roles\" ORDER BY \"roles\".\"descripcion\";","level":"info"}
{"message":"26397e02-94b9-4497-9b15-26c4ca021180[METODO->getRoles][OK]->consulta exitosa","level":"info"}
{"message":"1af3863b-2dd5-4d81-9c81-abae771e7e28[METODO->validateMessage][BODY]{\"data\":{\"requestLogin\":{\"idrol\":\"1\",\"cedula\":\"88230510\",\"clave\":\"U2FsdGVkX19LPgNBnrr5+5rhHwet1V+glPVisx3OQkw=\"}},\"expDate\":\"2021-07-26 18:13:05\"}","level":"info"}
{"message":"1af3863b-2dd5-4d81-9c81-abae771e7e28[METODO->validarLogin][SQL]Executing (default): SELECT \"idpersona\", \"cedula\", \"nombre\", \"direccion\", \"telefono\", \"email\", \"clave\", \"activo\" FROM \"autos\".\"personas\" AS \"personas\" WHERE \"personas\".\"cedula\" = '88230510';","level":"info"}
{"message":"1af3863b-2dd5-4d81-9c81-abae771e7e28[METODO->validarLogin][SQL]Executing (default): SELECT \"idpersona\", \"cedula\", \"nombre\", \"direccion\", \"telefono\", \"email\", \"activo\" FROM \"autos\".\"personas\" AS \"personas\" WHERE \"personas\".\"cedula\" = '88230510' AND \"personas\".\"clave\" = '456';","level":"info"}
{"message":"1af3863b-2dd5-4d81-9c81-abae771e7e28[METODO->validarLogin][SQL]Executing (default): SELECT \"rolesxpersona\".\"idrolesxpersona\", \"rolesxpersona\".\"idrol\", \"rolesxpersona\".\"idpersona\", \"rol\".\"idrol\" AS \"rol.idrol\", \"rol\".\"descripcion\" AS \"rol.descripcion\", \"persona\".\"idpersona\" AS \"persona.idpersona\", \"persona\".\"cedula\" AS \"persona.cedula\", \"persona\".\"nombre\" AS \"persona.nombre\", \"persona\".\"direccion\" AS \"persona.direccion\", \"persona\".\"telefono\" AS \"persona.telefono\", \"persona\".\"email\" AS \"persona.email\", \"persona\".\"clave\" AS \"persona.clave\", \"persona\".\"activo\" AS \"persona.activo\" FROM \"autos\".\"rolesxpersona\" AS \"rolesxpersona\" LEFT OUTER JOIN \"autos\".\"roles\" AS \"rol\" ON \"rolesxpersona\".\"idrol\" = \"rol\".\"idrol\" LEFT OUTER JOIN \"autos\".\"personas\" AS \"persona\" ON \"rolesxpersona\".\"idpersona\" = \"persona\".\"idpersona\" WHERE \"rolesxpersona\".\"idpersona\" = '2' AND \"rolesxpersona\".\"idrol\" = '1' ORDER BY \"rolesxpersona\".\"idrolesxpersona\";","level":"info"}
{"message":"1af3863b-2dd5-4d81-9c81-abae771e7e28[METODO->validarLogin][OK]->Consulta ok","level":"error"}
{"message":"bc3594f4-e4a4-438d-81d1-7ff0671fe89c[METODO->validateMessage][BODY]{\"data\":{\"token\":\"a32c6bb5-a359-4e7e-857c-57656e8147f5\"},\"expDate\":\"2021-07-26 18:13:13\"}","level":"info"}
{"message":"bc3594f4-e4a4-438d-81d1-7ff0671fe89c[METODO->getEntidades][SQL]Executing (default): SELECT \"identidad\", \"nit\", \"nombre\", \"direccion\", \"telefono\", \"email\", \"activo\", \"createdAt\", \"updatedAt\" FROM \"autos\".\"entidades\" AS \"entidades\" ORDER BY \"entidades\".\"nombre\";","level":"info"}
{"message":"bc3594f4-e4a4-438d-81d1-7ff0671fe89c[METODO->getEntidades][OK]->consulta exitosa","level":"info"}
{"message":"1d03c62a-b41b-448d-a338-73c8a458be52[METODO->validateMessage][BODY]{\"data\":{\"token\":\"a3ba6f92-1f34-4b1a-9de1-2c922db233b5\"},\"expDate\":\"2021-07-26 18:23:46\"}","level":"info"}
{"message":"1d03c62a-b41b-448d-a338-73c8a458be52[METODO->getEntidades][SQL]Executing (default): SELECT \"identidad\", \"nit\", \"nombre\", \"direccion\", \"telefono\", \"email\", \"activo\", \"createdAt\", \"updatedAt\" FROM \"autos\".\"entidades\" AS \"entidades\" ORDER BY \"entidades\".\"nombre\";","level":"info"}
{"message":"1d03c62a-b41b-448d-a338-73c8a458be52[METODO->getEntidades][OK]->consulta exitosa","level":"info"}
{"message":"9b7f277a-e108-4a85-bfc1-345d05edeccf[METODO->validateMessage][BODY]{\"data\":{\"token\":\"232667e2-189f-4214-bc2d-4482f2d83b34\"},\"expDate\":\"2021-07-26 18:24:24\"}","level":"info"}
{"message":"9b7f277a-e108-4a85-bfc1-345d05edeccf[METODO->getEntidades][SQL]Executing (default): SELECT \"identidad\", \"nit\", \"nombre\", \"direccion\", \"telefono\", \"email\", \"activo\", \"createdAt\", \"updatedAt\" FROM \"autos\".\"entidades\" AS \"entidades\" ORDER BY \"entidades\".\"nombre\";","level":"info"}
{"message":"9b7f277a-e108-4a85-bfc1-345d05edeccf[METODO->getEntidades][OK]->consulta exitosa","level":"info"}
{"message":"e22c252f-b114-48dc-8e47-950e4ec1369b[METODO->validateMessage][BODY]{\"data\":{\"token\":\"c8a5b993-f2f1-44e5-8e5d-dd4864539293\"},\"expDate\":\"2021-07-26 18:37:51\"}","level":"info"}
{"message":"e22c252f-b114-48dc-8e47-950e4ec1369b[METODO->getEntidades][SQL]Executing (default): SELECT \"identidad\", \"nit\", \"nombre\", \"direccion\", \"telefono\", \"email\", \"activo\", \"createdAt\", \"updatedAt\" FROM \"autos\".\"entidades\" AS \"entidades\" ORDER BY \"entidades\".\"nombre\";","level":"info"}
{"message":"e22c252f-b114-48dc-8e47-950e4ec1369b[METODO->getEntidades][OK]->consulta exitosa","level":"info"}
{"message":"f378fe44-02a1-4eb2-9755-c4cbc4ed6e33[METODO->validateMessage][BODY]{\"data\":{\"token\":\"4f18c868-afe2-4be5-8ad7-bbc43ac04676\"},\"expDate\":\"2021-07-26 18:37:56\"}","level":"info"}
{"message":"f378fe44-02a1-4eb2-9755-c4cbc4ed6e33[METODO->getRoles][SQL]Executing (default): SELECT \"idrol\", \"descripcion\" FROM \"autos\".\"roles\" AS \"roles\" ORDER BY \"roles\".\"descripcion\";","level":"info"}
{"message":"f378fe44-02a1-4eb2-9755-c4cbc4ed6e33[METODO->getRoles][OK]->consulta exitosa","level":"info"}
{"message":"34aad715-2b82-4112-9e43-47f5e390c8e8[METODO->validateMessage][BODY]{\"data\":{\"requestLogin\":{\"idrol\":\"1\",\"cedula\":\"88230510\",\"clave\":\"U2FsdGVkX1/FMTYjMd4ZvfEqB129MtMb+017vx99jcg=\"}},\"expDate\":\"2021-07-26 18:38:02\"}","level":"info"}
{"message":"34aad715-2b82-4112-9e43-47f5e390c8e8[METODO->validarLogin][SQL]Executing (default): SELECT \"idpersona\", \"cedula\", \"nombre\", \"direccion\", \"telefono\", \"email\", \"clave\", \"activo\" FROM \"autos\".\"personas\" AS \"personas\" WHERE \"personas\".\"cedula\" = '88230510';","level":"info"}
{"message":"34aad715-2b82-4112-9e43-47f5e390c8e8[METODO->validarLogin][SQL]Executing (default): SELECT \"idpersona\", \"cedula\", \"nombre\", \"direccion\", \"telefono\", \"email\", \"activo\" FROM \"autos\".\"personas\" AS \"personas\" WHERE \"personas\".\"cedula\" = '88230510' AND \"personas\".\"clave\" = '456';","level":"info"}
{"message":"34aad715-2b82-4112-9e43-47f5e390c8e8[METODO->validarLogin][SQL]Executing (default): SELECT \"rolesxpersona\".\"idrolesxpersona\", \"rolesxpersona\".\"idrol\", \"rolesxpersona\".\"idpersona\", \"rol\".\"idrol\" AS \"rol.idrol\", \"rol\".\"descripcion\" AS \"rol.descripcion\", \"persona\".\"idpersona\" AS \"persona.idpersona\", \"persona\".\"cedula\" AS \"persona.cedula\", \"persona\".\"nombre\" AS \"persona.nombre\", \"persona\".\"direccion\" AS \"persona.direccion\", \"persona\".\"telefono\" AS \"persona.telefono\", \"persona\".\"email\" AS \"persona.email\", \"persona\".\"clave\" AS \"persona.clave\", \"persona\".\"activo\" AS \"persona.activo\" FROM \"autos\".\"rolesxpersona\" AS \"rolesxpersona\" LEFT OUTER JOIN \"autos\".\"roles\" AS \"rol\" ON \"rolesxpersona\".\"idrol\" = \"rol\".\"idrol\" LEFT OUTER JOIN \"autos\".\"personas\" AS \"persona\" ON \"rolesxpersona\".\"idpersona\" = \"persona\".\"idpersona\" WHERE \"rolesxpersona\".\"idpersona\" = '2' AND \"rolesxpersona\".\"idrol\" = '1' ORDER BY \"rolesxpersona\".\"idrolesxpersona\";","level":"info"}
{"message":"34aad715-2b82-4112-9e43-47f5e390c8e8[METODO->validarLogin][OK]->Consulta ok","level":"error"}
{"message":"4274f028-68fa-433e-af8c-720cf26774b3[METODO->validateMessage][BODY]{\"data\":{\"token\":\"7185c06a-0bff-43db-982b-83d6aff087d7\"},\"expDate\":\"2021-07-26 18:38:04\"}","level":"info"}
{"message":"4274f028-68fa-433e-af8c-720cf26774b3[METODO->getEntidades][SQL]Executing (default): SELECT \"identidad\", \"nit\", \"nombre\", \"direccion\", \"telefono\", \"email\", \"activo\", \"createdAt\", \"updatedAt\" FROM \"autos\".\"entidades\" AS \"entidades\" ORDER BY \"entidades\".\"nombre\";","level":"info"}
{"message":"4274f028-68fa-433e-af8c-720cf26774b3[METODO->getEntidades][OK]->consulta exitosa","level":"info"}
{"message":"6679560f-5ab7-46c9-9276-e88dcf941fca[METODO->validateMessage][BODY]{\"data\":{\"requestLogin\":{\"idrol\":\"1\",\"cedula\":\"88230510\",\"clave\":\"U2FsdGVkX18e/70/mpX26PcyAKhFVJaGDfZP6n6K5lo=\"},\"entidad\":{\"identidad\":\"2\",\"nombre\":\"contraloria  2\",\"direccion\":\"calle 10 # 21-52\",\"telefono\":\"5806325\",\"nit\":\"1234568\",\"email\":\"magalo33@email.email\",\"activo\":true}},\"expDate\":\"2021-07-26 18:39:00\"}","level":"info"}
{"message":"6679560f-5ab7-46c9-9276-e88dcf941fca[METODO->actualizarEntidad][SQL]Executing (default): SELECT \"idpersona\", \"cedula\", \"nombre\", \"direccion\", \"telefono\", \"email\", \"clave\", \"activo\" FROM \"autos\".\"personas\" AS \"personas\" WHERE \"personas\".\"cedula\" = '88230510';","level":"info"}
{"message":"6679560f-5ab7-46c9-9276-e88dcf941fca[METODO->actualizarEntidad][SQL]Executing (default): SELECT \"idpersona\", \"cedula\", \"nombre\", \"direccion\", \"telefono\", \"email\", \"activo\" FROM \"autos\".\"personas\" AS \"personas\" WHERE \"personas\".\"cedula\" = '88230510' AND \"personas\".\"clave\" = '456';","level":"info"}
{"message":"6679560f-5ab7-46c9-9276-e88dcf941fca[METODO->actualizarEntidad][SQL]Executing (default): SELECT \"rolesxpersona\".\"idrolesxpersona\", \"rolesxpersona\".\"idrol\", \"rolesxpersona\".\"idpersona\", \"rol\".\"idrol\" AS \"rol.idrol\", \"rol\".\"descripcion\" AS \"rol.descripcion\", \"persona\".\"idpersona\" AS \"persona.idpersona\", \"persona\".\"cedula\" AS \"persona.cedula\", \"persona\".\"nombre\" AS \"persona.nombre\", \"persona\".\"direccion\" AS \"persona.direccion\", \"persona\".\"telefono\" AS \"persona.telefono\", \"persona\".\"email\" AS \"persona.email\", \"persona\".\"clave\" AS \"persona.clave\", \"persona\".\"activo\" AS \"persona.activo\" FROM \"autos\".\"rolesxpersona\" AS \"rolesxpersona\" LEFT OUTER JOIN \"autos\".\"roles\" AS \"rol\" ON \"rolesxpersona\".\"idrol\" = \"rol\".\"idrol\" LEFT OUTER JOIN \"autos\".\"personas\" AS \"persona\" ON \"rolesxpersona\".\"idpersona\" = \"persona\".\"idpersona\" WHERE \"rolesxpersona\".\"idpersona\" = '2' AND \"rolesxpersona\".\"idrol\" = '1' ORDER BY \"rolesxpersona\".\"idrolesxpersona\";","level":"info"}
{"message":"6679560f-5ab7-46c9-9276-e88dcf941fca[METODO->actualizarEntidad][OK]->Consulta ok","level":"error"}
{"message":"6679560f-5ab7-46c9-9276-e88dcf941fca[METODO->actualizarEntidad][SQL]Executing (default): SELECT \"identidad\", \"nit\", \"nombre\", \"direccion\", \"telefono\", \"email\", \"activo\", \"createdAt\", \"updatedAt\" FROM \"autos\".\"entidades\" AS \"entidades\" WHERE \"entidades\".\"email\" ILIKE '%magalo33@email.email%';","level":"info"}
{"message":"6679560f-5ab7-46c9-9276-e88dcf941fca[METODO->actualizarEntidad][ERROR]->Ya existe una entidad con este email","level":"error"}
{"message":"6679560f-5ab7-46c9-9276-e88dcf941fca[METODO->actualizarEntidad][ERROR]->Ya existe una entidad con este email","level":"error"}
{"message":"8a8fa35f-7333-4b6d-b6cd-e74562c336ed[METODO->validateMessage][BODY]{\"data\":{\"token\":\"7ed9ba96-fb11-4e30-bd50-4dcb11b61a7e\"},\"expDate\":\"2021-07-26 20:17:13\"}","level":"info"}
{"message":"8a8fa35f-7333-4b6d-b6cd-e74562c336ed[METODO->getRoles][SQL]Executing (default): SELECT \"idrol\", \"descripcion\" FROM \"autos\".\"roles\" AS \"roles\" ORDER BY \"roles\".\"descripcion\";","level":"info"}
