{"message":"You have successfully started working with winston and morgan","level":"info"}
{"message":"a606b52d-91cf-46ba-969c-097e08237597[METODO->validateMessage][BODY]{\"data\":{\"persona\":{\"cedula\":\"88230517\",\"nombre\":\"septimo... usuario\",\"direccion\":\"direccion del sexto usuario\",\"telefono\":\"3222282572\",\"email\":\"elmail2@delsexto.com\",\"clave\":\"clavedelsexto\",\"activo\":false}},\"expDate\":\"2021-07-24 17:35:01\"}","level":"info"}
{"message":"a606b52d-91cf-46ba-969c-097e08237597[METODO->actualizarEstadoPersona][SQL]Executing (default): SELECT \"idpersona\", \"cedula\", \"nombre\", \"direccion\", \"telefono\", \"email\", \"clave\", \"activo\" FROM \"autos\".\"personas\" AS \"personas\" WHERE \"personas\".\"email\" ILIKE '%elmail2@delsexto.com%';","level":"info"}
{"message":"a606b52d-91cf-46ba-969c-097e08237597[METODO->actualizarEstadoPersona][ERROR]->Ya existe una persona con este email","level":"error"}
{"message":"d3b07819-283c-48c7-96cd-8b7f2b37aa95[METODO->validateMessage][BODY]{\"data\":{\"persona\":{\"cedula\":\"88230517\",\"nombre\":\"septimo... usuario\",\"direccion\":\"direccion del sexto usuario\",\"telefono\":\"3222282572\",\"email\":\"elmail3@delsexto.com\",\"clave\":\"clavedelsexto\",\"activo\":false}},\"expDate\":\"2021-07-24 17:37:23\"}","level":"info"}
{"message":"d3b07819-283c-48c7-96cd-8b7f2b37aa95[METODO->actualizarEstadoPersona][SQL]Executing (default): SELECT \"idpersona\", \"cedula\", \"nombre\", \"direccion\", \"telefono\", \"email\", \"clave\", \"activo\" FROM \"autos\".\"personas\" AS \"personas\" WHERE \"personas\".\"email\" ILIKE '%elmail3@delsexto.com%';","level":"info"}
{"message":"d3b07819-283c-48c7-96cd-8b7f2b37aa95[METODO->actualizarEstadoPersona][SQL]Executing (default): SELECT \"idpersona\", \"cedula\", \"nombre\", \"direccion\", \"telefono\", \"email\", \"clave\", \"activo\" FROM \"autos\".\"personas\" AS \"personas\" WHERE \"personas\".\"cedula\" = '88230517';","level":"info"}
{"message":"d3b07819-283c-48c7-96cd-8b7f2b37aa95[METODO->actualizarEstadoPersona][ERROR]->Ya existe una persona con esta cédula","level":"error"}
{"message":"8e3815db-03a0-407e-bdb1-6b996db19ccf[METODO->validateMessage][BODY]{\"data\":{\"persona\":{\"cedula\":\"88230517-2\",\"nombre\":\"septimo... usuario\",\"direccion\":\"direccion del sexto usuario\",\"telefono\":\"3222282572\",\"email\":\"elmail3@delsexto.com\",\"clave\":\"clavedelsexto\",\"activo\":false}},\"expDate\":\"2021-07-24 17:38:01\"}","level":"info"}
{"message":"8e3815db-03a0-407e-bdb1-6b996db19ccf[METODO->actualizarEstadoPersona][SQL]Executing (default): SELECT \"idpersona\", \"cedula\", \"nombre\", \"direccion\", \"telefono\", \"email\", \"clave\", \"activo\" FROM \"autos\".\"personas\" AS \"personas\" WHERE \"personas\".\"email\" ILIKE '%elmail3@delsexto.com%';","level":"info"}
{"message":"8e3815db-03a0-407e-bdb1-6b996db19ccf[METODO->actualizarEstadoPersona][SQL]Executing (default): SELECT \"idpersona\", \"cedula\", \"nombre\", \"direccion\", \"telefono\", \"email\", \"clave\", \"activo\" FROM \"autos\".\"personas\" AS \"personas\" WHERE \"personas\".\"cedula\" = '88230517-2';","level":"info"}
{"message":"8e3815db-03a0-407e-bdb1-6b996db19ccf[METODO->actualizarEstadoPersona][SQL]Executing (default): INSERT INTO \"autos\".\"personas\" (\"idpersona\",\"cedula\",\"nombre\",\"direccion\",\"telefono\",\"email\",\"clave\",\"activo\") VALUES (DEFAULT,$1,$2,$3,$4,$5,$6,$7) RETURNING \"idpersona\",\"cedula\",\"nombre\",\"direccion\",\"telefono\",\"email\",\"clave\",\"activo\";","level":"info"}
{"message":"1c0c5700-12b3-4b07-985d-ffdcb6dd9b05[METODO->validateMessage][BODY]{\"data\":{\"persona\":{\"cedula\":\"88230517-2\",\"nombre\":\"septimo... usuario\",\"direccion\":\"direccion del sexto usuario\",\"telefono\":\"3222282572\",\"email\":\"elmail3@delsexto.com\",\"clave\":\"clavedelsexto\",\"activo\":false}},\"expDate\":\"2021-07-24 17:38:01\"}","level":"info"}
{"message":"1c0c5700-12b3-4b07-985d-ffdcb6dd9b05[METODO->actualizarEstadoPersona][SQL]Executing (default): SELECT \"idpersona\", \"cedula\", \"nombre\", \"direccion\", \"telefono\", \"email\", \"clave\", \"activo\" FROM \"autos\".\"personas\" AS \"personas\" WHERE \"personas\".\"email\" ILIKE '%elmail3@delsexto.com%';","level":"info"}
{"message":"1c0c5700-12b3-4b07-985d-ffdcb6dd9b05[METODO->actualizarEstadoPersona][ERROR]->Ya existe una persona con este email","level":"error"}
{"message":"4dd06d88-4a44-44d6-9a9c-d021437788c3[METODO->validateMessage][BODY]{\"data\":{\"token\":\"81921bcc-52e3-46c7-87f2-1a8b263e172f\"},\"expDate\":\"2021-07-24 17:49:52\"}","level":"info"}
{"message":"4dd06d88-4a44-44d6-9a9c-d021437788c3[METODO->getRoles][SQL]Executing (default): SELECT \"idrol\", \"descripcion\" FROM \"autos\".\"roles\" AS \"roles\" ORDER BY \"roles\".\"descripcion\";","level":"info"}
{"message":"4dd06d88-4a44-44d6-9a9c-d021437788c3[METODO->getRoles][OK]->consulta exitosa","level":"info"}
{"message":"29a15e26-1b6a-4aff-9d5f-0af7efa960f1[METODO->validateMessage][BODY]{\"data\":{\"token\":\"ac260e25-086b-402e-83a7-b90237b9f2b7\"},\"expDate\":\"2021-07-24 17:50:18\"}","level":"info"}
{"message":"29a15e26-1b6a-4aff-9d5f-0af7efa960f1[METODO->getRoles][SQL]Executing (default): SELECT \"idrol\", \"descripcion\" FROM \"autos\".\"roles\" AS \"roles\" ORDER BY \"roles\".\"descripcion\";","level":"info"}
{"message":"29a15e26-1b6a-4aff-9d5f-0af7efa960f1[METODO->getRoles][OK]->consulta exitosa","level":"info"}
