{"message":"You have successfully started working with winston and morgan","level":"info"}
{"message":"9fffc535-2016-405c-86ed-49769b83d95d[METODO->validateMessage][BODY]{\"data\":{\"token\":\"5d68a4f9-b8fa-43e9-84b9-ae890f0b2e73\"},\"expDate\":\"2021-07-26 08:16:09\"}","level":"info"}
{"message":"9fffc535-2016-405c-86ed-49769b83d95d[METODO->getRoles][SQL]Executing (default): SELECT \"idrol\", \"descripcion\" FROM \"autos\".\"roles\" AS \"roles\" ORDER BY \"roles\".\"descripcion\";","level":"info"}
{"message":"9fffc535-2016-405c-86ed-49769b83d95d[METODO->getRoles][OK]->consulta exitosa","level":"info"}
{"message":"52cdf094-02d4-4bfc-bd37-c63938f5bb06[METODO->validateMessage][BODY]{\"data\":{\"requestLogin\":{\"idrol\":\"2\",\"cedula\":\"88230510\",\"clave\":\"U2FsdGVkX18Tzl1zXcghanMdKVjo8ecWNxqsJetnhhU=\"}},\"expDate\":\"2021-07-26 08:16:21\"}","level":"info"}
{"message":"52cdf094-02d4-4bfc-bd37-c63938f5bb06[METODO->validarLogin][SQL]Executing (default): SELECT \"idpersona\", \"cedula\", \"nombre\", \"direccion\", \"telefono\", \"email\", \"clave\", \"activo\" FROM \"autos\".\"personas\" AS \"personas\" WHERE \"personas\".\"cedula\" = '88230510';","level":"info"}
{"message":"52cdf094-02d4-4bfc-bd37-c63938f5bb06[METODO->validarLogin][SQL]Executing (default): SELECT \"idpersona\", \"cedula\", \"nombre\", \"direccion\", \"telefono\", \"email\", \"activo\" FROM \"autos\".\"personas\" AS \"personas\" WHERE \"personas\".\"cedula\" = '88230510' AND \"personas\".\"clave\" = '456';","level":"info"}
{"message":"52cdf094-02d4-4bfc-bd37-c63938f5bb06[METODO->validarLogin][SQL]Executing (default): SELECT \"rolesxpersona\".\"idrolesxpersona\", \"rolesxpersona\".\"idrol\", \"rolesxpersona\".\"idpersona\", \"rol\".\"idrol\" AS \"rol.idrol\", \"rol\".\"descripcion\" AS \"rol.descripcion\", \"persona\".\"idpersona\" AS \"persona.idpersona\", \"persona\".\"cedula\" AS \"persona.cedula\", \"persona\".\"nombre\" AS \"persona.nombre\", \"persona\".\"direccion\" AS \"persona.direccion\", \"persona\".\"telefono\" AS \"persona.telefono\", \"persona\".\"email\" AS \"persona.email\", \"persona\".\"clave\" AS \"persona.clave\", \"persona\".\"activo\" AS \"persona.activo\" FROM \"autos\".\"rolesxpersona\" AS \"rolesxpersona\" LEFT OUTER JOIN \"autos\".\"roles\" AS \"rol\" ON \"rolesxpersona\".\"idrol\" = \"rol\".\"idrol\" LEFT OUTER JOIN \"autos\".\"personas\" AS \"persona\" ON \"rolesxpersona\".\"idpersona\" = \"persona\".\"idpersona\" WHERE \"rolesxpersona\".\"idpersona\" = '2' AND \"rolesxpersona\".\"idrol\" = '2' ORDER BY \"rolesxpersona\".\"idrolesxpersona\";","level":"info"}
{"message":"52cdf094-02d4-4bfc-bd37-c63938f5bb06[METODO->validarLogin][ERROR]->Aunque los datos de la persona fueron encontrados, esta no se encuentra relacionada con el rol seleccionado.","level":"error"}
{"message":"505274a4-82c3-4f6b-92e5-903109a2f69c[METODO->validateMessage][BODY]{\"data\":{\"requestLogin\":{\"idrol\":\"1\",\"cedula\":\"88230510w\",\"clave\":\"U2FsdGVkX1+l8Crb6z6LdR5YoUUVrgD0O7FUpml8/+A=\"}},\"expDate\":\"2021-07-26 08:16:48\"}","level":"info"}
{"message":"505274a4-82c3-4f6b-92e5-903109a2f69c[METODO->validarLogin][SQL]Executing (default): SELECT \"idpersona\", \"cedula\", \"nombre\", \"direccion\", \"telefono\", \"email\", \"clave\", \"activo\" FROM \"autos\".\"personas\" AS \"personas\" WHERE \"personas\".\"cedula\" = '88230510w';","level":"info"}
{"message":"505274a4-82c3-4f6b-92e5-903109a2f69c[METODO->validarLogin][ERROR]->No se encontraron datos con ese criterio de busqueda. Debe verificar su cédula.","level":"error"}
{"message":"97a31e45-23ad-4962-a12b-c6ac9f0473cf[METODO->validateMessage][BODY]{\"data\":{\"requestLogin\":{\"idrol\":\"1\",\"cedula\":\"88230510\",\"clave\":\"U2FsdGVkX1/nwTmprTF48zHOzdQGV0UMGUXyBFgpFzs=\"}},\"expDate\":\"2021-07-26 08:16:56\"}","level":"info"}
{"message":"97a31e45-23ad-4962-a12b-c6ac9f0473cf[METODO->validarLogin][SQL]Executing (default): SELECT \"idpersona\", \"cedula\", \"nombre\", \"direccion\", \"telefono\", \"email\", \"clave\", \"activo\" FROM \"autos\".\"personas\" AS \"personas\" WHERE \"personas\".\"cedula\" = '88230510';","level":"info"}
{"message":"97a31e45-23ad-4962-a12b-c6ac9f0473cf[METODO->validarLogin][ERROR]->Se presentó un error al tratar de obtener la informacion de la base de datos SyntaxError: Unexpected token s in JSON at position 3","level":"error"}
{"message":"d03be206-086e-41c1-8988-61c64bcfff72[METODO->validateMessage][BODY]{\"data\":{\"requestLogin\":{\"idrol\":\"1\",\"cedula\":\"88230510\",\"clave\":\"U2FsdGVkX1+U+9lNrQ06OZFMNo52aykSRf9PcKJQSMI=\"}},\"expDate\":\"2021-07-26 08:17:02\"}","level":"info"}
{"message":"d03be206-086e-41c1-8988-61c64bcfff72[METODO->validarLogin][SQL]Executing (default): SELECT \"idpersona\", \"cedula\", \"nombre\", \"direccion\", \"telefono\", \"email\", \"clave\", \"activo\" FROM \"autos\".\"personas\" AS \"personas\" WHERE \"personas\".\"cedula\" = '88230510';","level":"info"}
{"message":"d03be206-086e-41c1-8988-61c64bcfff72[METODO->validarLogin][ERROR]->Se presentó un error al tratar de obtener la informacion de la base de datos SyntaxError: Unexpected token s in JSON at position 3","level":"error"}
{"message":"0b9f0bbf-93be-4e42-9618-e684427884aa[METODO->validateMessage][BODY]{\"data\":{\"requestLogin\":{\"idrol\":\"1\",\"cedula\":\"88230510\",\"clave\":\"U2FsdGVkX1+Dv2fMFG2xL9og9sWuP1MpiN0AmcW3/GE=\"}},\"expDate\":\"2021-07-26 08:17:08\"}","level":"info"}
{"message":"0b9f0bbf-93be-4e42-9618-e684427884aa[METODO->validarLogin][SQL]Executing (default): SELECT \"idpersona\", \"cedula\", \"nombre\", \"direccion\", \"telefono\", \"email\", \"clave\", \"activo\" FROM \"autos\".\"personas\" AS \"personas\" WHERE \"personas\".\"cedula\" = '88230510';","level":"info"}
{"message":"0b9f0bbf-93be-4e42-9618-e684427884aa[METODO->validarLogin][SQL]Executing (default): SELECT \"idpersona\", \"cedula\", \"nombre\", \"direccion\", \"telefono\", \"email\", \"activo\" FROM \"autos\".\"personas\" AS \"personas\" WHERE \"personas\".\"cedula\" = '88230510' AND \"personas\".\"clave\" = '145';","level":"info"}
{"message":"0b9f0bbf-93be-4e42-9618-e684427884aa[METODO->validarLogin][ERROR]->No se encontraron datos con ese criterio de busqueda. Debe verificar su clave.","level":"error"}
{"message":"cb15bac4-e7e1-48bf-b7ea-7d2b9ac49d3e[METODO->validateMessage][BODY]{\"data\":{\"requestLogin\":{\"idrol\":\"1\",\"cedula\":\"88230510\",\"clave\":\"U2FsdGVkX1+HrNc3R/bJ0BCGSp9nNlvVQsafaDjLFCI=\"}},\"expDate\":\"2021-07-26 08:17:14\"}","level":"info"}
{"message":"cb15bac4-e7e1-48bf-b7ea-7d2b9ac49d3e[METODO->validarLogin][SQL]Executing (default): SELECT \"idpersona\", \"cedula\", \"nombre\", \"direccion\", \"telefono\", \"email\", \"clave\", \"activo\" FROM \"autos\".\"personas\" AS \"personas\" WHERE \"personas\".\"cedula\" = '88230510';","level":"info"}
{"message":"cb15bac4-e7e1-48bf-b7ea-7d2b9ac49d3e[METODO->validarLogin][SQL]Executing (default): SELECT \"idpersona\", \"cedula\", \"nombre\", \"direccion\", \"telefono\", \"email\", \"activo\" FROM \"autos\".\"personas\" AS \"personas\" WHERE \"personas\".\"cedula\" = '88230510' AND \"personas\".\"clave\" = '4567';","level":"info"}
{"message":"cb15bac4-e7e1-48bf-b7ea-7d2b9ac49d3e[METODO->validarLogin][ERROR]->No se encontraron datos con ese criterio de busqueda. Debe verificar su clave.","level":"error"}
{"message":"20f905a1-1c12-4e86-9796-b555ca2953b5[METODO->validateMessage][BODY]{\"data\":{\"requestLogin\":{\"idrol\":\"1\",\"cedula\":\"88230510\",\"clave\":\"U2FsdGVkX1995st+R5knt0+NAQ9CuNJ7fY0M/XGAE88=\"}},\"expDate\":\"2021-07-26 08:17:21\"}","level":"info"}
{"message":"20f905a1-1c12-4e86-9796-b555ca2953b5[METODO->validarLogin][SQL]Executing (default): SELECT \"idpersona\", \"cedula\", \"nombre\", \"direccion\", \"telefono\", \"email\", \"clave\", \"activo\" FROM \"autos\".\"personas\" AS \"personas\" WHERE \"personas\".\"cedula\" = '88230510';","level":"info"}
{"message":"20f905a1-1c12-4e86-9796-b555ca2953b5[METODO->validarLogin][ERROR]->Se presentó un error al tratar de obtener la informacion de la base de datos SyntaxError: Unexpected token a in JSON at position 0","level":"error"}
{"message":"f765d68c-a252-46c7-a750-29320bb2f691[METODO->validateMessage][BODY]{\"data\":{\"token\":\"c2bcb94a-c868-47e8-b735-5cff83f32b11\"},\"expDate\":\"2021-07-26 08:19:19\"}","level":"info"}
{"message":"f765d68c-a252-46c7-a750-29320bb2f691[METODO->getRoles][SQL]Executing (default): SELECT \"idrol\", \"descripcion\" FROM \"autos\".\"roles\" AS \"roles\" ORDER BY \"roles\".\"descripcion\";","level":"info"}
{"message":"f765d68c-a252-46c7-a750-29320bb2f691[METODO->getRoles][OK]->consulta exitosa","level":"info"}
{"message":"95022d6a-c6bf-4164-8114-596005fd9344[METODO->validateMessage][BODY]{\"data\":{\"requestLogin\":{\"idrol\":\"1\",\"cedula\":\"88230510\",\"clave\":\"U2FsdGVkX18IaPn2ImDVzI0CIuK8fiXQ+GXncvnnxCE=\"}},\"expDate\":\"2021-07-26 08:19:29\"}","level":"info"}
{"message":"95022d6a-c6bf-4164-8114-596005fd9344[METODO->validarLogin][SQL]Executing (default): SELECT \"idpersona\", \"cedula\", \"nombre\", \"direccion\", \"telefono\", \"email\", \"clave\", \"activo\" FROM \"autos\".\"personas\" AS \"personas\" WHERE \"personas\".\"cedula\" = '88230510';","level":"info"}
{"message":"95022d6a-c6bf-4164-8114-596005fd9344[METODO->validarLogin][ERROR]->Se presentó un error al tratar de obtener la informacion de la base de datos SyntaxError: Unexpected token a in JSON at position 0","level":"error"}
