{"message":"You have successfully started working with winston and morgan","level":"info"}
{"message":"4ec34695-699a-4d63-90e9-df9ed8d9a2df[METODO->validateMessage][BODY]{\"data\":{\"entidad\":{\"identidad\":6,\"nit\":\"88230515\",\"nombre\":\"elquin... usuario\",\"direccion\":\"direccion del sexto usuario\",\"telefono\":\"3222282572\",\"email\":\"elmail@delsexto.com\",\"activo\":false}},\"expDate\":\"2021-07-25 15:13:29\"}","level":"info"}
{"message":"4ec34695-699a-4d63-90e9-df9ed8d9a2df[METODO->actualizarEntidad][SQL]Executing (default): INSERT INTO \"autos\".\"entidades\" (\"identidad\",\"nit\",\"nombre\",\"direccion\",\"telefono\",\"email\",\"activo\",\"createdAt\",\"updatedAt\") VALUES ($1,$2,$3,$4,$5,$6,$7,$8,$9) ON CONFLICT (\"identidad\") DO UPDATE SET \"identidad\"=EXCLUDED.\"identidad\",\"nombre\"=EXCLUDED.\"nombre\",\"direccion\"=EXCLUDED.\"direccion\",\"telefono\"=EXCLUDED.\"telefono\",\"nit\"=EXCLUDED.\"nit\",\"email\"=EXCLUDED.\"email\",\"createdAt\"=EXCLUDED.\"createdAt\",\"updatedAt\"=EXCLUDED.\"updatedAt\",\"activo\"=EXCLUDED.\"activo\" RETURNING \"identidad\",\"nit\",\"nombre\",\"direccion\",\"telefono\",\"email\",\"activo\",\"createdAt\",\"updatedAt\";","level":"info"}
{"message":"4ec34695-699a-4d63-90e9-df9ed8d9a2df[METODO->actualizarEntidad][OK]->actualizacion exitosa","level":"info"}
{"message":"d5789b4d-8845-4a38-859b-a8db6f3a5639[METODO->validateMessage][BODY]{\"data\":{\"entidad\":{\"identidad\":6,\"nit\":\"88230515\",\"nombre\":\"elquin... usuario\",\"direccion\":\"direccion del sexto usuario\",\"telefono\":\"3222282572\",\"email\":\"elmail@delsexto.com\",\"activo\":false}},\"expDate\":\"2021-07-25 15:13:29\"}","level":"info"}
{"message":"d5789b4d-8845-4a38-859b-a8db6f3a5639[METODO->actualizarEntidad][SQL]Executing (default): SELECT \"identidad\", \"nit\", \"nombre\", \"direccion\", \"telefono\", \"email\", \"activo\", \"createdAt\", \"updatedAt\" FROM \"autos\".\"entidades\" AS \"entidades\" WHERE \"entidades\".\"email\" ILIKE '%elmail@delsexto.com%';","level":"info"}
{"message":"d5789b4d-8845-4a38-859b-a8db6f3a5639[METODO->actualizarEntidad][ERROR]->Ya existe una entidad con este email","level":"error"}
{"message":"d5789b4d-8845-4a38-859b-a8db6f3a5639[METODO->actualizarEntidad][ERROR]->Ya existe una entidad con este email","level":"error"}
{"message":"52a59737-10ed-4833-99f8-d235ed57845f[METODO->validateMessage][BODY]{\"data\":{\"entidad\":{\"identidad\":6,\"nit\":\"88230515\",\"nombre\":\"elquin... usuario\",\"direccion\":\"direccion del sexto usuario\",\"telefono\":\"3222282572\",\"email\":\"elmail@delsexto.com\",\"activo\":false}},\"expDate\":\"2021-07-25 15:13:29\"}","level":"info"}
{"message":"52a59737-10ed-4833-99f8-d235ed57845f[METODO->actualizarEntidad][SQL]Executing (default): SELECT \"identidad\", \"nit\", \"nombre\", \"direccion\", \"telefono\", \"email\", \"activo\", \"createdAt\", \"updatedAt\" FROM \"autos\".\"entidades\" AS \"entidades\" WHERE \"entidades\".\"email\" ILIKE '%elmail@delsexto.com%';","level":"info"}
{"message":"52a59737-10ed-4833-99f8-d235ed57845f[METODO->actualizarEntidad][ERROR]->Ya existe una entidad con este email","level":"error"}
{"message":"52a59737-10ed-4833-99f8-d235ed57845f[METODO->actualizarEntidad][ERROR]->Ya existe una entidad con este email","level":"error"}
{"message":"e8aa2385-6c1c-41ba-a40f-339e3c9680bf[METODO->validateMessage][BODY]{\"data\":{\"entidad\":{\"identidad\":6,\"nit\":\"88230515\",\"nombre\":\"elquin... usuario\",\"direccion\":\"direccion del sexto usuario\",\"telefono\":\"3222282572\",\"email\":\"elmail@delsexto.com\",\"activo\":false}},\"expDate\":\"2021-07-25 15:13:29\"}","level":"info"}
{"message":"e8aa2385-6c1c-41ba-a40f-339e3c9680bf[METODO->actualizarEntidad][SQL]Executing (default): SELECT \"identidad\", \"nit\", \"nombre\", \"direccion\", \"telefono\", \"email\", \"activo\", \"createdAt\", \"updatedAt\" FROM \"autos\".\"entidades\" AS \"entidades\" WHERE \"entidades\".\"email\" ILIKE '%elmail@delsexto.com%';","level":"info"}
{"message":"e8aa2385-6c1c-41ba-a40f-339e3c9680bf[METODO->actualizarEntidad][SQL]Executing (default): SELECT \"identidad\", \"nit\", \"nombre\", \"direccion\", \"telefono\", \"email\", \"activo\", \"createdAt\", \"updatedAt\" FROM \"autos\".\"entidades\" AS \"entidades\" WHERE \"entidades\".\"nit\" = '88230515';","level":"info"}
{"message":"e8aa2385-6c1c-41ba-a40f-339e3c9680bf[METODO->actualizarEntidad][ERROR]->Ya existe una entidad con este nit","level":"error"}
{"message":"e8aa2385-6c1c-41ba-a40f-339e3c9680bf[METODO->actualizarEntidad][ERROR]->Ya existe una entidad con este nit","level":"error"}
{"message":"38849844-6eea-46ba-a5a9-8984663fbbb1[METODO->validateMessage][BODY]{\"data\":{\"entidad\":{\"identidad\":6,\"nit\":\"88230515\",\"nombre\":\"elquin... usuario\",\"direccion\":\"direccion del sexto usuario\",\"telefono\":\"3222282572\",\"email\":\"elmail@delsexto.com\",\"activo\":false}},\"expDate\":\"2021-07-25 15:13:29\"}","level":"info"}
{"message":"38849844-6eea-46ba-a5a9-8984663fbbb1[METODO->actualizarEntidad][SQL]Executing (default): SELECT \"identidad\", \"nit\", \"nombre\", \"direccion\", \"telefono\", \"email\", \"activo\", \"createdAt\", \"updatedAt\" FROM \"autos\".\"entidades\" AS \"entidades\" WHERE \"entidades\".\"email\" ILIKE '%elmail@delsexto.com%';","level":"info"}
{"message":"38849844-6eea-46ba-a5a9-8984663fbbb1[METODO->actualizarEntidad][SQL]Executing (default): SELECT \"identidad\", \"nit\", \"nombre\", \"direccion\", \"telefono\", \"email\", \"activo\", \"createdAt\", \"updatedAt\" FROM \"autos\".\"entidades\" AS \"entidades\" WHERE \"entidades\".\"nit\" = '88230515';","level":"info"}
{"message":"38849844-6eea-46ba-a5a9-8984663fbbb1[METODO->actualizarEntidad][ERROR]->Ya existe una entidad con este nit","level":"error"}
{"message":"38849844-6eea-46ba-a5a9-8984663fbbb1[METODO->actualizarEntidad][ERROR]->Ya existe una entidad con este nit","level":"error"}
{"message":"ccb1a293-a1fd-45b9-a39c-351878d58828[METODO->validateMessage][BODY]{\"data\":{\"entidad\":{\"identidad\":6,\"nit\":\"88230515\",\"nombre\":\"elquin... usuario\",\"direccion\":\"direccion del sexto usuario\",\"telefono\":\"3222282572\",\"email\":\"elmail@delsexto.com\",\"activo\":false}},\"expDate\":\"2021-07-25 15:13:29\"}","level":"info"}
{"message":"ccb1a293-a1fd-45b9-a39c-351878d58828[METODO->actualizarEntidad][SQL]Executing (default): SELECT \"identidad\", \"nit\", \"nombre\", \"direccion\", \"telefono\", \"email\", \"activo\", \"createdAt\", \"updatedAt\" FROM \"autos\".\"entidades\" AS \"entidades\" WHERE \"entidades\".\"email\" ILIKE '%elmail@delsexto.com%';","level":"info"}
{"message":"ccb1a293-a1fd-45b9-a39c-351878d58828[METODO->actualizarEntidad][SQL]Executing (default): SELECT \"identidad\", \"nit\", \"nombre\", \"direccion\", \"telefono\", \"email\", \"activo\", \"createdAt\", \"updatedAt\" FROM \"autos\".\"entidades\" AS \"entidades\" WHERE \"entidades\".\"nit\" = '88230515';","level":"info"}
{"message":"ccb1a293-a1fd-45b9-a39c-351878d58828[METODO->actualizarEntidad][SQL]Executing (default): INSERT INTO \"autos\".\"entidades\" (\"identidad\",\"nit\",\"nombre\",\"direccion\",\"telefono\",\"email\",\"activo\",\"createdAt\",\"updatedAt\") VALUES (DEFAULT,$1,$2,$3,$4,$5,$6,$7,$8) RETURNING \"identidad\",\"nit\",\"nombre\",\"direccion\",\"telefono\",\"email\",\"activo\",\"createdAt\",\"updatedAt\";","level":"info"}
{"message":"ccb1a293-a1fd-45b9-a39c-351878d58828[METODO->actualizarEntidad][OK]->actualizacion exitosa","level":"info"}
{"message":"988d0d31-d820-4c03-806d-076a4f7c6a95[METODO->validateMessage][BODY]{\"data\":{\"entidad\":{\"identidad\":6,\"nit\":\"88230515\",\"nombre\":\"elquin... usuario\",\"direccion\":\"direccion del sexto usuario\",\"telefono\":\"3222282572\",\"email\":\"elmail@delsexto.com\",\"activo\":false}},\"expDate\":\"2021-07-25 15:13:29\"}","level":"info"}
{"message":"988d0d31-d820-4c03-806d-076a4f7c6a95[METODO->actualizarEntidad][SQL]Executing (default): UPDATE \"autos\".\"entidades\" SET \"activo\"=$1,\"updatedAt\"=$2 WHERE \"identidad\" = $3","level":"info"}
{"message":"988d0d31-d820-4c03-806d-076a4f7c6a95[METODO->actualizarEntidad][OK]->actualizacion exitosa","level":"info"}
