{"message":"You have successfully started working with winston and morgan","level":"info"}
{"message":"2023c19d-7d29-4d73-aab6-91850abdb2a0[METODO->validateMessage][BODY]{\"data\":{\"requestLogin\":{\"idrol\":1,\"cedula\":\"88230510\",\"clave\":\"123456789\"}},\"expDate\":\"2021-07-25 12:40:01\"}","level":"info"}
{"message":"2023c19d-7d29-4d73-aab6-91850abdb2a0[METODO->getEntidadPorEmail][SQL]Executing (default): SELECT \"identidad\", \"nit\", \"nombre\", \"direccion\", \"telefono\", \"email\", \"activo\", \"createdAt\", \"updatedAt\" FROM \"autos\".\"entidades\" AS \"entidades\" WHERE \"entidades\".\"email\" ILIKE '%@%' ORDER BY \"entidades\".\"nombre\";","level":"info"}
{"message":"2023c19d-7d29-4d73-aab6-91850abdb2a0[METODO->getEntidadPorEmail][OK]->consulta exitosa","level":"info"}
{"message":"b4cdcee8-79e0-41e3-875a-18be9a6ef76e[METODO->validateMessage][BODY]{\"data\":{\"entidad\":{\"identidad\":6,\"nit\":\"88230515\",\"nombre\":\"elquin... usuario\",\"direccion\":\"direccion del sexto usuario\",\"telefono\":\"3222282572\",\"email\":\"elmail@delsexto.com\",\"activo\":false}},\"expDate\":\"2021-07-25 15:13:29\"}","level":"info"}
{"message":"b4cdcee8-79e0-41e3-875a-18be9a6ef76e[METODO->actualizarEntidad][SQL]Executing (default): UPDATE \"autos\".\"entidades\" SET \"activo\"=$1,\"updatedAt\"=$2 WHERE \"identidad\" = $3","level":"info"}
{"message":"b4cdcee8-79e0-41e3-875a-18be9a6ef76e[METODO->actualizarEntidad][OK]->actualizacion exitosa","level":"info"}
{"message":"1eade09f-f8e0-4103-8d29-5dd3b49495f0[METODO->validateMessage][BODY]{\"data\":{\"entidad\":{\"identidad\":6,\"nit\":\"88230515\",\"nombre\":\"elquin... usuario\",\"direccion\":\"direccion del sexto usuario\",\"telefono\":\"3222282572\",\"email\":\"elmail@delsexto.com\",\"activo\":false}},\"expDate\":\"2021-07-25 15:13:29\"}","level":"info"}
{"message":"1eade09f-f8e0-4103-8d29-5dd3b49495f0[METODO->actualizarEntidad][SQL]Executing (default): UPDATE \"autos\".\"entidades\" SET \"activo\"=$1,\"updatedAt\"=$2 WHERE \"identidad\" = $3","level":"info"}
{"message":"1eade09f-f8e0-4103-8d29-5dd3b49495f0[METODO->actualizarEntidad][OK]->actualizacion exitosa","level":"info"}
{"message":"b0720536-da67-4a07-8cb8-33afbc32a2ff[METODO->validateMessage][BODY]{\"data\":{\"entidad\":{\"identidad\":6,\"nit\":\"88230515\",\"nombre\":\"elquin... usuario\",\"direccion\":\"direccion del sexto usuario\",\"telefono\":\"3222282572\",\"email\":\"elmail@delsexto.com\",\"activo\":false}},\"expDate\":\"2021-07-25 15:13:29\"}","level":"info"}
{"message":"b0720536-da67-4a07-8cb8-33afbc32a2ff[METODO->actualizarEntidad][SQL]Executing (default): UPDATE \"autos\".\"entidades\" SET \"activo\"=$1,\"updatedAt\"=$2 WHERE \"identidad\" = $3","level":"info"}
{"message":"b0720536-da67-4a07-8cb8-33afbc32a2ff[METODO->actualizarEntidad][OK]->actualizacion exitosa","level":"info"}
{"message":"056ae947-ccab-4e41-b7ae-52415ff21130[METODO->validateMessage][BODY]{\"data\":{\"entidad\":{\"identidad\":6,\"nit\":\"88230515\",\"nombre\":\"elquin... usuario\",\"direccion\":\"direccion del sexto usuario\",\"telefono\":\"3222282572\",\"email\":\"elmail@delsexto.com\",\"activo\":false}},\"expDate\":\"2021-07-25 15:13:29\"}","level":"info"}
{"message":"056ae947-ccab-4e41-b7ae-52415ff21130[METODO->actualizarEntidad][SQL]Executing (default): UPDATE \"autos\".\"entidades\" SET \"activo\"=$1,\"updatedAt\"=$2 WHERE \"identidad\" = $3","level":"info"}
{"message":"056ae947-ccab-4e41-b7ae-52415ff21130[METODO->actualizarEntidad][OK]->actualizacion exitosa","level":"info"}
{"message":"3df7a6f5-fbb7-412c-b045-19c08b915a70[METODO->validateMessage][BODY]{\"data\":{\"entidad\":{\"identidad\":6,\"nit\":\"88230515\",\"nombre\":\"elquin... usuario\",\"direccion\":\"direccion del sexto usuario\",\"telefono\":\"3222282572\",\"email\":\"elmail@delsexto.com\",\"activo\":false}},\"expDate\":\"2021-07-25 15:13:29\"}","level":"info"}
{"message":"3df7a6f5-fbb7-412c-b045-19c08b915a70[METODO->actualizarEntidad][SQL]Executing (default): SELECT \"identidad\", \"nit\", \"nombre\", \"direccion\", \"telefono\", \"email\", \"activo\", \"createdAt\", \"updatedAt\" FROM \"autos\".\"entidades\" AS \"entidades\" WHERE \"entidades\".\"nit\" = '88230515';","level":"info"}
{"message":"3df7a6f5-fbb7-412c-b045-19c08b915a70[METODO->actualizarEntidad][SQL]Executing (default): UPDATE \"autos\".\"entidades\" SET \"nit\"=$1,\"updatedAt\"=$2 WHERE \"identidad\" = $3","level":"info"}
{"message":"3df7a6f5-fbb7-412c-b045-19c08b915a70[METODO->actualizarEntidad][OK]->actualizacion exitosa","level":"info"}
{"message":"e1df9981-64d9-48ea-83ae-8337d0944a74[METODO->validateMessage][BODY]{\"data\":{\"entidad\":{\"identidad\":6,\"nit\":\"88230515\",\"nombre\":\"elquin... usuario\",\"direccion\":\"direccion del sexto usuario\",\"telefono\":\"3222282572\",\"email\":\"elmail@delsexto.com\",\"activo\":false}},\"expDate\":\"2021-07-25 15:13:29\"}","level":"info"}
{"message":"e1df9981-64d9-48ea-83ae-8337d0944a74[METODO->actualizarEntidad][SQL]Executing (default): UPDATE \"autos\".\"entidades\" SET \"nombre\"=$1,\"updatedAt\"=$2 WHERE \"identidad\" = $3","level":"info"}
{"message":"e1df9981-64d9-48ea-83ae-8337d0944a74[METODO->actualizarEntidad][OK]->actualizacion exitosa","level":"info"}
{"message":"8bd34cea-fe08-4ee5-80f7-c970974087c5[METODO->validateMessage][BODY]{\"data\":{\"entidad\":{\"identidad\":6,\"nit\":\"88230515\",\"nombre\":\"elquin... usuario\",\"direccion\":\"direccion del sexto usuario\",\"telefono\":\"3222282572\",\"email\":\"elmail@delsexto.com\",\"activo\":false}},\"expDate\":\"2021-07-25 15:13:29\"}","level":"info"}
{"message":"8bd34cea-fe08-4ee5-80f7-c970974087c5[METODO->actualizarEntidad][SQL]Executing (default): UPDATE \"autos\".\"entidades\" SET \"direccion\"=$1,\"updatedAt\"=$2 WHERE \"identidad\" = $3","level":"info"}
{"message":"8bd34cea-fe08-4ee5-80f7-c970974087c5[METODO->actualizarEntidad][OK]->actualizacion exitosa","level":"info"}
{"message":"33f1259c-4d8a-434a-b3d0-e0275f80e6a8[METODO->validateMessage][BODY]{\"data\":{\"entidad\":{\"identidad\":6,\"nit\":\"88230515\",\"nombre\":\"elquin... usuario\",\"direccion\":\"direccion del sexto usuario\",\"telefono\":\"3222282572\",\"email\":\"elmail@delsexto.com\",\"activo\":false}},\"expDate\":\"2021-07-25 15:13:29\"}","level":"info"}
{"message":"33f1259c-4d8a-434a-b3d0-e0275f80e6a8[METODO->actualizarEntidad][SQL]Executing (default): UPDATE \"autos\".\"entidades\" SET \"telefono\"=$1,\"updatedAt\"=$2 WHERE \"identidad\" = $3","level":"info"}
{"message":"33f1259c-4d8a-434a-b3d0-e0275f80e6a8[METODO->actualizarEntidad][OK]->actualizacion exitosa","level":"info"}
{"message":"ef16c8d9-b96c-45b5-a697-9e34969962ff[METODO->validateMessage][BODY]{\"data\":{\"entidad\":{\"identidad\":6,\"nit\":\"88230515\",\"nombre\":\"elquin... usuario\",\"direccion\":\"direccion del sexto usuario\",\"telefono\":\"3222282572\",\"email\":\"elmail@delsexto.com\",\"activo\":false}},\"expDate\":\"2021-07-25 15:13:29\"}","level":"info"}
{"message":"ef16c8d9-b96c-45b5-a697-9e34969962ff[METODO->actualizarEntidad][SQL]Executing (default): SELECT \"identidad\", \"nit\", \"nombre\", \"direccion\", \"telefono\", \"email\", \"activo\", \"createdAt\", \"updatedAt\" FROM \"autos\".\"entidades\" AS \"entidades\" WHERE \"entidades\".\"email\" ILIKE '%elmail@delsexto.com%';","level":"info"}
{"message":"ef16c8d9-b96c-45b5-a697-9e34969962ff[METODO->actualizarEntidad][SQL]Executing (default): UPDATE \"autos\".\"entidades\" SET \"email\"=$1,\"updatedAt\"=$2 WHERE \"identidad\" = $3","level":"info"}
{"message":"ef16c8d9-b96c-45b5-a697-9e34969962ff[METODO->actualizarEntidad][OK]->actualizacion exitosa","level":"info"}
{"message":"3cce9687-e474-4d22-88d2-9be03c651dc8[METODO->validateMessage][BODY]{\"data\":{\"entidad\":{\"identidad\":6,\"nit\":\"88230515\",\"nombre\":\"elquin... usuario\",\"direccion\":\"direccion del sexto usuario\",\"telefono\":\"3222282572\",\"email\":\"elmail@delsexto.com\",\"activo\":false}},\"expDate\":\"2021-07-25 15:13:29\"}","level":"info"}
{"message":"3cce9687-e474-4d22-88d2-9be03c651dc8[METODO->actualizarEntidad][SQL]Executing (default): INSERT INTO \"autos\".\"entidades\" (\"identidad\",\"nit\",\"nombre\",\"direccion\",\"telefono\",\"email\",\"activo\",\"createdAt\",\"updatedAt\") VALUES ($1,$2,$3,$4,$5,$6,$7,$8,$9) ON CONFLICT (\"identidad\") DO UPDATE SET \"identidad\"=EXCLUDED.\"identidad\",\"nombre\"=EXCLUDED.\"nombre\",\"direccion\"=EXCLUDED.\"direccion\",\"telefono\"=EXCLUDED.\"telefono\",\"nit\"=EXCLUDED.\"nit\",\"email\"=EXCLUDED.\"email\",\"createdAt\"=EXCLUDED.\"createdAt\",\"updatedAt\"=EXCLUDED.\"updatedAt\",\"activo\"=EXCLUDED.\"activo\" RETURNING \"identidad\",\"nit\",\"nombre\",\"direccion\",\"telefono\",\"email\",\"activo\",\"createdAt\",\"updatedAt\";","level":"info"}
{"message":"3cce9687-e474-4d22-88d2-9be03c651dc8[METODO->actualizarEntidad][OK]->actualizacion exitosa","level":"info"}
{"message":"952a951c-43b9-4269-8b12-5f4d9e6f31c8[METODO->validateMessage][BODY]{\"data\":{\"entidad\":{\"identidad\":6,\"nit\":\"88230515\",\"nombre\":\"elquin... usuario\",\"direccion\":\"direccion del sexto usuario\",\"telefono\":\"3222282572\",\"email\":\"elmail@delsexto.com\",\"activo\":false}},\"expDate\":\"2021-07-25 15:13:29\"}","level":"info"}
{"message":"952a951c-43b9-4269-8b12-5f4d9e6f31c8[METODO->actualizarEntidad][SQL]Executing (default): INSERT INTO \"autos\".\"entidades\" (\"identidad\",\"nit\",\"nombre\",\"direccion\",\"telefono\",\"email\",\"activo\",\"createdAt\",\"updatedAt\") VALUES ($1,$2,$3,$4,$5,$6,$7,$8,$9) ON CONFLICT (\"identidad\") DO UPDATE SET \"identidad\"=EXCLUDED.\"identidad\",\"nombre\"=EXCLUDED.\"nombre\",\"direccion\"=EXCLUDED.\"direccion\",\"telefono\"=EXCLUDED.\"telefono\",\"nit\"=EXCLUDED.\"nit\",\"email\"=EXCLUDED.\"email\",\"createdAt\"=EXCLUDED.\"createdAt\",\"updatedAt\"=EXCLUDED.\"updatedAt\",\"activo\"=EXCLUDED.\"activo\" RETURNING \"identidad\",\"nit\",\"nombre\",\"direccion\",\"telefono\",\"email\",\"activo\",\"createdAt\",\"updatedAt\";","level":"info"}
{"message":"952a951c-43b9-4269-8b12-5f4d9e6f31c8[METODO->actualizarEntidad][OK]->actualizacion exitosa","level":"info"}
{"message":"d9aaa65c-0a50-444e-87b0-84c321a1e91b[METODO->validateMessage][BODY]{\"data\":{\"entidad\":{\"identidad\":6,\"nit\":\"88230515\",\"nombre\":\"elquin... usuario\",\"direccion\":\"direccion del sexto usuario\",\"telefono\":\"3222282572\",\"email\":\"elmail@delsexto.com\",\"activo\":false}},\"expDate\":\"2021-07-25 15:13:29\"}","level":"info"}
{"message":"d9aaa65c-0a50-444e-87b0-84c321a1e91b[METODO->actualizarEntidad][SQL]Executing (default): INSERT INTO \"autos\".\"entidades\" (\"identidad\",\"nit\",\"nombre\",\"direccion\",\"telefono\",\"email\",\"activo\",\"createdAt\",\"updatedAt\") VALUES ($1,$2,$3,$4,$5,$6,$7,$8,$9) ON CONFLICT (\"identidad\") DO UPDATE SET \"identidad\"=EXCLUDED.\"identidad\",\"nombre\"=EXCLUDED.\"nombre\",\"direccion\"=EXCLUDED.\"direccion\",\"telefono\"=EXCLUDED.\"telefono\",\"nit\"=EXCLUDED.\"nit\",\"email\"=EXCLUDED.\"email\",\"createdAt\"=EXCLUDED.\"createdAt\",\"updatedAt\"=EXCLUDED.\"updatedAt\",\"activo\"=EXCLUDED.\"activo\" RETURNING \"identidad\",\"nit\",\"nombre\",\"direccion\",\"telefono\",\"email\",\"activo\",\"createdAt\",\"updatedAt\";","level":"info"}
{"message":"d9aaa65c-0a50-444e-87b0-84c321a1e91b[METODO->actualizarEntidad][OK]->actualizacion exitosa","level":"info"}
{"message":"586a99bc-a83e-469e-ade4-4fe7ccf3b8d2[METODO->validateMessage][BODY]{\"data\":{\"entidad\":{\"identidad\":6,\"nit\":\"88230515\",\"nombre\":\"elquin... usuario\",\"direccion\":\"direccion del sexto usuario\",\"telefono\":\"3222282572\",\"email\":\"elmail@delsexto.com\",\"activo\":false}},\"expDate\":\"2021-07-25 15:13:29\"}","level":"info"}
{"message":"586a99bc-a83e-469e-ade4-4fe7ccf3b8d2[METODO->actualizarEntidad][SQL]Executing (default): INSERT INTO \"autos\".\"entidades\" (\"identidad\",\"nit\",\"nombre\",\"direccion\",\"telefono\",\"email\",\"activo\",\"createdAt\",\"updatedAt\") VALUES ($1,$2,$3,$4,$5,$6,$7,$8,$9) ON CONFLICT (\"identidad\") DO UPDATE SET \"identidad\"=EXCLUDED.\"identidad\",\"nombre\"=EXCLUDED.\"nombre\",\"direccion\"=EXCLUDED.\"direccion\",\"telefono\"=EXCLUDED.\"telefono\",\"nit\"=EXCLUDED.\"nit\",\"email\"=EXCLUDED.\"email\",\"createdAt\"=EXCLUDED.\"createdAt\",\"updatedAt\"=EXCLUDED.\"updatedAt\",\"activo\"=EXCLUDED.\"activo\" RETURNING \"identidad\",\"nit\",\"nombre\",\"direccion\",\"telefono\",\"email\",\"activo\",\"createdAt\",\"updatedAt\";","level":"info"}
{"message":"586a99bc-a83e-469e-ade4-4fe7ccf3b8d2[METODO->actualizarEntidad][OK]->actualizacion exitosa","level":"info"}
{"message":"14839113-5015-4391-b62e-aa94f9b953fd[METODO->validateMessage][BODY]{\"data\":{\"entidad\":{\"identidad\":6,\"nit\":\"88230515\",\"nombre\":\"elquin... usuario\",\"direccion\":\"direccion del sexto usuario\",\"telefono\":\"3222282572\",\"email\":\"elmail@delsexto.com\",\"activo\":false}},\"expDate\":\"2021-07-25 15:13:29\"}","level":"info"}
{"message":"14839113-5015-4391-b62e-aa94f9b953fd[METODO->actualizarEntidad][SQL]Executing (default): INSERT INTO \"autos\".\"entidades\" (\"identidad\",\"nit\",\"nombre\",\"direccion\",\"telefono\",\"email\",\"activo\",\"createdAt\",\"updatedAt\") VALUES ($1,$2,$3,$4,$5,$6,$7,$8,$9) ON CONFLICT (\"identidad\") DO UPDATE SET \"identidad\"=EXCLUDED.\"identidad\",\"nombre\"=EXCLUDED.\"nombre\",\"direccion\"=EXCLUDED.\"direccion\",\"telefono\"=EXCLUDED.\"telefono\",\"nit\"=EXCLUDED.\"nit\",\"email\"=EXCLUDED.\"email\",\"createdAt\"=EXCLUDED.\"createdAt\",\"updatedAt\"=EXCLUDED.\"updatedAt\",\"activo\"=EXCLUDED.\"activo\" RETURNING \"identidad\",\"nit\",\"nombre\",\"direccion\",\"telefono\",\"email\",\"activo\",\"createdAt\",\"updatedAt\";","level":"info"}
{"message":"14839113-5015-4391-b62e-aa94f9b953fd[METODO->actualizarEntidad][OK]->actualizacion exitosa","level":"info"}
{"message":"a24753f2-acb1-457d-b67a-834f54c468f0[METODO->validateMessage][BODY]{\"data\":{\"entidad\":{\"identidad\":6,\"nit\":\"88230515\",\"nombre\":\"elquin... usuario\",\"direccion\":\"direccion del sexto usuario\",\"telefono\":\"3222282572\",\"email\":\"elmail@delsexto.com\",\"activo\":false}},\"expDate\":\"2021-07-25 15:13:29\"}","level":"info"}
{"message":"a24753f2-acb1-457d-b67a-834f54c468f0[METODO->actualizarEntidad][SQL]Executing (default): INSERT INTO \"autos\".\"entidades\" (\"identidad\",\"nit\",\"nombre\",\"direccion\",\"telefono\",\"email\",\"activo\",\"createdAt\",\"updatedAt\") VALUES ($1,$2,$3,$4,$5,$6,$7,$8,$9) ON CONFLICT (\"identidad\") DO UPDATE SET \"identidad\"=EXCLUDED.\"identidad\",\"nombre\"=EXCLUDED.\"nombre\",\"direccion\"=EXCLUDED.\"direccion\",\"telefono\"=EXCLUDED.\"telefono\",\"nit\"=EXCLUDED.\"nit\",\"email\"=EXCLUDED.\"email\",\"createdAt\"=EXCLUDED.\"createdAt\",\"updatedAt\"=EXCLUDED.\"updatedAt\",\"activo\"=EXCLUDED.\"activo\" RETURNING \"identidad\",\"nit\",\"nombre\",\"direccion\",\"telefono\",\"email\",\"activo\",\"createdAt\",\"updatedAt\";","level":"info"}
{"message":"a24753f2-acb1-457d-b67a-834f54c468f0[METODO->actualizarEntidad][OK]->actualizacion exitosa","level":"info"}
