{"message":"You have successfully started working with winston and morgan","level":"info"}
{"message":"d04fb091-ea30-4f0a-bc69-e8d5b98e0b72[METODO->validateMessage][BODY]{\"data\":{\"requestLogin\":{\"idrol\":1,\"cedula\":\"88230510\",\"clave\":\"123456789\"}},\"expDate\":\"2021-07-25 12:40:01\"}","level":"info"}
{"message":"d04fb091-ea30-4f0a-bc69-e8d5b98e0b72[METODO->getEntidadPorNombre][SQL]Executing (default): SELECT \"identidad\", \"nit\", \"nombre\", \"direccion\", \"telefono\", \"email\", \"activo\", \"createdAt\", \"updatedAt\" FROM \"autos\".\"entidades\" AS \"entidades\" WHERE \"entidades\".\"nombre\" ILIKE '%2%';","level":"info"}
{"message":"d04fb091-ea30-4f0a-bc69-e8d5b98e0b72[METODO->getEntidadPorNombre][OK]->consulta exitosa","level":"info"}
{"message":"f745df74-d10f-495f-b4d4-8e2f2befddfa[METODO->validateMessage][BODY]{\"data\":{\"requestLogin\":{\"idrol\":1,\"cedula\":\"88230510\",\"clave\":\"123456789\"}},\"expDate\":\"2021-07-25 12:40:01\"}","level":"info"}
{"message":"f745df74-d10f-495f-b4d4-8e2f2befddfa[METODO->getPersonaPorEmail][SQL]Executing (default): SELECT \"identidad\", \"nit\", \"nombre\", \"direccion\", \"telefono\", \"email\", \"activo\", \"createdAt\", \"updatedAt\" FROM \"autos\".\"entidades\" AS \"entidades\" WHERE \"entidades\".\"email\" ILIKE '%ma%';","level":"info"}
{"message":"f745df74-d10f-495f-b4d4-8e2f2befddfa[METODO->getPersonaPorEmail][OK]->consulta exitosa","level":"info"}
{"message":"ce5319a0-e31c-4493-88a4-5d9ce8480fa9[METODO->validateMessage][BODY]{\"data\":{\"requestLogin\":{\"idrol\":1,\"cedula\":\"88230510\",\"clave\":\"123456789\"}},\"expDate\":\"2021-07-25 12:40:01\"}","level":"info"}
{"message":"ce5319a0-e31c-4493-88a4-5d9ce8480fa9[METODO->getPersonaPorEmail][SQL]Executing (default): SELECT \"identidad\", \"nit\", \"nombre\", \"direccion\", \"telefono\", \"email\", \"activo\", \"createdAt\", \"updatedAt\" FROM \"autos\".\"entidades\" AS \"entidades\" WHERE \"entidades\".\"email\" ILIKE '%mag%';","level":"info"}
{"message":"ce5319a0-e31c-4493-88a4-5d9ce8480fa9[METODO->getPersonaPorEmail][OK]->consulta exitosa","level":"info"}
{"message":"6bc11268-54e2-4ddf-907e-c414efc5ca45[METODO->validateMessage][BODY]{\"data\":{\"requestLogin\":{\"idrol\":1,\"cedula\":\"88230510\",\"clave\":\"123456789\"}},\"expDate\":\"2021-07-25 12:40:01\"}","level":"info"}
{"message":"6bc11268-54e2-4ddf-907e-c414efc5ca45[METODO->getPersonaPorEmail][SQL]Executing (default): SELECT \"identidad\", \"nit\", \"nombre\", \"direccion\", \"telefono\", \"email\", \"activo\", \"createdAt\", \"updatedAt\" FROM \"autos\".\"entidades\" AS \"entidades\" WHERE \"entidades\".\"email\" ILIKE '%email%';","level":"info"}
{"message":"6bc11268-54e2-4ddf-907e-c414efc5ca45[METODO->getPersonaPorEmail][OK]->consulta exitosa","level":"info"}
{"message":"4f32d591-599e-4273-a1eb-954e0f13d62e[METODO->validateMessage][BODY]{\"data\":{\"requestLogin\":{\"idrol\":1,\"cedula\":\"88230510\",\"clave\":\"123456789\"}},\"expDate\":\"2021-07-25 12:40:01\"}","level":"info"}
{"message":"4f32d591-599e-4273-a1eb-954e0f13d62e[METODO->getEntidadPorTelefono][SQL]Executing (default): SELECT \"identidad\", \"nit\", \"nombre\", \"direccion\", \"telefono\", \"email\", \"activo\", \"createdAt\", \"updatedAt\" FROM \"autos\".\"entidades\" AS \"entidades\" WHERE \"entidades\".\"telefono\" ILIKE '%email%';","level":"info"}
{"message":"4f32d591-599e-4273-a1eb-954e0f13d62e[METODO->getEntidadPorTelefono][ERROR]->No se encontraron datos con ese criterio de busqueda","level":"error"}
{"message":"a45bc0b0-1207-4cc1-8a0a-8d8505b16572[METODO->validateMessage][BODY]{\"data\":{\"requestLogin\":{\"idrol\":1,\"cedula\":\"88230510\",\"clave\":\"123456789\"}},\"expDate\":\"2021-07-25 12:40:01\"}","level":"info"}
{"message":"a45bc0b0-1207-4cc1-8a0a-8d8505b16572[METODO->getEntidadPorTelefono][SQL]Executing (default): SELECT \"identidad\", \"nit\", \"nombre\", \"direccion\", \"telefono\", \"email\", \"activo\", \"createdAt\", \"updatedAt\" FROM \"autos\".\"entidades\" AS \"entidades\" WHERE \"entidades\".\"telefono\" ILIKE '%80%';","level":"info"}
{"message":"a45bc0b0-1207-4cc1-8a0a-8d8505b16572[METODO->getEntidadPorTelefono][OK]->consulta exitosa","level":"info"}
{"message":"9175032c-33d6-4e70-8cef-9e3ae0d35076[METODO->validateMessage][BODY]{\"data\":{\"requestLogin\":{\"idrol\":1,\"cedula\":\"88230510\",\"clave\":\"123456789\"}},\"expDate\":\"2021-07-25 12:40:01\"}","level":"info"}
{"message":"9175032c-33d6-4e70-8cef-9e3ae0d35076[METODO->getEntidadPorTelefono][SQL]Executing (default): SELECT \"identidad\", \"nit\", \"nombre\", \"direccion\", \"telefono\", \"email\", \"activo\", \"createdAt\", \"updatedAt\" FROM \"autos\".\"entidades\" AS \"entidades\" WHERE \"entidades\".\"telefono\" ILIKE '%19%';","level":"info"}
{"message":"9175032c-33d6-4e70-8cef-9e3ae0d35076[METODO->getEntidadPorTelefono][OK]->consulta exitosa","level":"info"}
{"message":"2a237781-fbca-47ef-a3ae-d93de1f6b236[METODO->validateMessage][BODY]{\"data\":{\"requestLogin\":{\"idrol\":1,\"cedula\":\"88230510\",\"clave\":\"123456789\"}},\"expDate\":\"2021-07-25 12:40:01\"}","level":"info"}
{"message":"2a237781-fbca-47ef-a3ae-d93de1f6b236[METODO->getEntidadPorTelefono][SQL]Executing (default): SELECT \"identidad\", \"nit\", \"nombre\", \"direccion\", \"telefono\", \"email\", \"activo\", \"createdAt\", \"updatedAt\" FROM \"autos\".\"entidades\" AS \"entidades\" WHERE \"entidades\".\"telefono\" ILIKE '%632%';","level":"info"}
{"message":"2a237781-fbca-47ef-a3ae-d93de1f6b236[METODO->getEntidadPorTelefono][OK]->consulta exitosa","level":"info"}
{"message":"4d58e9c1-c626-4780-81fc-5601482304e2[METODO->validateMessage][BODY]{\"data\":{\"requestLogin\":{\"idrol\":1,\"cedula\":\"88230510\",\"clave\":\"123456789\"}},\"expDate\":\"2021-07-25 12:40:01\"}","level":"info"}
{"message":"4d58e9c1-c626-4780-81fc-5601482304e2[METODO->getEntidadPorTelefono][SQL]Executing (default): SELECT \"identidad\", \"nit\", \"nombre\", \"direccion\", \"telefono\", \"email\", \"activo\", \"createdAt\", \"updatedAt\" FROM \"autos\".\"entidades\" AS \"entidades\" WHERE \"entidades\".\"telefono\" ILIKE '%632%';","level":"info"}
{"message":"4d58e9c1-c626-4780-81fc-5601482304e2[METODO->getEntidadPorTelefono][OK]->consulta exitosa","level":"info"}
{"message":"c48c5de7-a2d8-46c5-87a5-4f4c4afa3a2d[METODO->validateMessage][BODY]{\"data\":{\"requestLogin\":{\"idrol\":1,\"cedula\":\"88230510\",\"clave\":\"123456789\"}},\"expDate\":\"2021-07-25 12:40:01\"}","level":"info"}
{"message":"c48c5de7-a2d8-46c5-87a5-4f4c4afa3a2d[METODO->getPersonaPorEmail][SQL]Executing (default): SELECT \"identidad\", \"nit\", \"nombre\", \"direccion\", \"telefono\", \"email\", \"activo\", \"createdAt\", \"updatedAt\" FROM \"autos\".\"entidades\" AS \"entidades\" WHERE \"entidades\".\"email\" ILIKE '%maga%';","level":"info"}
{"message":"c48c5de7-a2d8-46c5-87a5-4f4c4afa3a2d[METODO->getPersonaPorEmail][OK]->consulta exitosa","level":"info"}
{"message":"f8688820-6c42-4d5c-b965-74fa3d97b4a7[METODO->validateMessage][BODY]{\"data\":{\"requestLogin\":{\"idrol\":1,\"cedula\":\"88230510\",\"clave\":\"123456789\"}},\"expDate\":\"2021-07-25 12:40:01\"}","level":"info"}
{"message":"f8688820-6c42-4d5c-b965-74fa3d97b4a7[METODO->getPersonaPorEmail][SQL]Executing (default): SELECT \"identidad\", \"nit\", \"nombre\", \"direccion\", \"telefono\", \"email\", \"activo\", \"createdAt\", \"updatedAt\" FROM \"autos\".\"entidades\" AS \"entidades\" WHERE \"entidades\".\"email\" ILIKE '%.com%';","level":"info"}
{"message":"f8688820-6c42-4d5c-b965-74fa3d97b4a7[METODO->getPersonaPorEmail][ERROR]->No se encontraron datos con ese criterio de busqueda","level":"error"}
{"message":"a0d0a546-919e-4ac8-b6ec-6ed7dd9e442e[METODO->validateMessage][BODY]{\"data\":{\"requestLogin\":{\"idrol\":1,\"cedula\":\"88230510\",\"clave\":\"123456789\"}},\"expDate\":\"2021-07-25 12:40:01\"}","level":"info"}
{"message":"a0d0a546-919e-4ac8-b6ec-6ed7dd9e442e[METODO->getPersonaPorEmail][SQL]Executing (default): SELECT \"identidad\", \"nit\", \"nombre\", \"direccion\", \"telefono\", \"email\", \"activo\", \"createdAt\", \"updatedAt\" FROM \"autos\".\"entidades\" AS \"entidades\" WHERE \"entidades\".\"email\" ILIKE '%@%';","level":"info"}
{"message":"a0d0a546-919e-4ac8-b6ec-6ed7dd9e442e[METODO->getPersonaPorEmail][OK]->consulta exitosa","level":"info"}
