{"message":"You have successfully started working with winston and morgan","level":"info"}
{"message":"dadf55bc-7ae4-465f-a1b2-fbaba5b29b94[METODO->validateMessage][BODY]{\"data\":{\"token\":\"07e8e4dd-71f7-4f8c-8fbd-9dbb5f53ac66\"},\"expDate\":\"2021-07-29 08:22:34\"}","level":"info"}
{"message":"dadf55bc-7ae4-465f-a1b2-fbaba5b29b94[METODO->getRoles][SQL]Executing (default): SELECT \"idrol\", \"descripcion\" FROM \"autos\".\"roles\" AS \"roles\" ORDER BY \"roles\".\"descripcion\";","level":"info"}
{"message":"dadf55bc-7ae4-465f-a1b2-fbaba5b29b94[METODO->getRoles][OK]->consulta exitosa","level":"info"}
{"message":"76e44daa-2855-4572-ba3c-edddc6f45450[METODO->validateMessage][BODY]{\"data\":{\"requestLogin\":{\"idrol\":\"1\",\"cedula\":\"88230510\",\"clave\":\"U2FsdGVkX1//mDU7e8FfmRVIjhXrOwTGBcWK5cEVSeQ=\"}},\"expDate\":\"2021-07-29 08:22:47\"}","level":"info"}
{"message":"76e44daa-2855-4572-ba3c-edddc6f45450[METODO->validarLogin][SQL]Executing (default): SELECT \"idpersona\", \"cedula\", \"nombre\", \"direccion\", \"telefono\", \"email\", \"clave\", \"activo\", \"createdAt\", \"updatedAt\" FROM \"autos\".\"personas\" AS \"personas\" WHERE \"personas\".\"cedula\" = '88230510';","level":"info"}
{"message":"76e44daa-2855-4572-ba3c-edddc6f45450[METODO->validarLogin][SQL]Executing (default): SELECT \"idpersona\", \"cedula\", \"nombre\", \"direccion\", \"telefono\", \"email\", \"activo\" FROM \"autos\".\"personas\" AS \"personas\" WHERE \"personas\".\"cedula\" = '88230510' AND \"personas\".\"clave\" = '456';","level":"info"}
{"message":"76e44daa-2855-4572-ba3c-edddc6f45450[METODO->validarLogin][SQL]Executing (default): SELECT \"rolesxpersona\".\"idrolesxpersona\", \"rolesxpersona\".\"idrol\", \"rolesxpersona\".\"idpersona\", \"rol\".\"idrol\" AS \"rol.idrol\", \"rol\".\"descripcion\" AS \"rol.descripcion\", \"persona\".\"idpersona\" AS \"persona.idpersona\", \"persona\".\"cedula\" AS \"persona.cedula\", \"persona\".\"nombre\" AS \"persona.nombre\", \"persona\".\"direccion\" AS \"persona.direccion\", \"persona\".\"telefono\" AS \"persona.telefono\", \"persona\".\"email\" AS \"persona.email\", \"persona\".\"clave\" AS \"persona.clave\", \"persona\".\"activo\" AS \"persona.activo\", \"persona\".\"createdAt\" AS \"persona.createdAt\", \"persona\".\"updatedAt\" AS \"persona.updatedAt\" FROM \"autos\".\"rolesxpersona\" AS \"rolesxpersona\" LEFT OUTER JOIN \"autos\".\"roles\" AS \"rol\" ON \"rolesxpersona\".\"idrol\" = \"rol\".\"idrol\" LEFT OUTER JOIN \"autos\".\"personas\" AS \"persona\" ON \"rolesxpersona\".\"idpersona\" = \"persona\".\"idpersona\" WHERE \"rolesxpersona\".\"idpersona\" = '2' AND \"rolesxpersona\".\"idrol\" = '1' ORDER BY \"rolesxpersona\".\"idrolesxpersona\";","level":"info"}
{"message":"76e44daa-2855-4572-ba3c-edddc6f45450[METODO->validarLogin][OK]->Consulta ok","level":"error"}
{"message":"0c5f4f0f-ad00-4405-bb6e-e9593ce4b298[METODO->validateMessage][BODY]{\"data\":{\"token\":\"567a53be-7794-4aab-a269-9804c3f217c9\"},\"expDate\":\"2021-07-29 08:22:49\"}","level":"info"}
{"message":"0c5f4f0f-ad00-4405-bb6e-e9593ce4b298[METODO->getRolesXpersonas][OK]->consulta exitosa","level":"info"}
{"message":"db941abd-6fa0-47cb-bc49-9af031d71382[METODO->validateMessage][BODY]{\"data\":{\"token\":\"8ec73082-804f-4b57-b100-f8c185271748\"},\"expDate\":\"2021-07-29 08:23:42\"}","level":"info"}
{"message":"db941abd-6fa0-47cb-bc49-9af031d71382[METODO->getRolesXpersonas][OK]->consulta exitosa","level":"info"}
{"message":"d92c2134-ff88-4c5d-98c7-2bb0ad5a0bba[METODO->validateMessage][BODY]{\"data\":{\"token\":\"cec424a0-c6ed-4802-b49b-fce6cf6b9bd6\"},\"expDate\":\"2021-07-29 08:23:50\"}","level":"info"}
{"message":"d92c2134-ff88-4c5d-98c7-2bb0ad5a0bba[METODO->getRoles][SQL]Executing (default): SELECT \"idrol\", \"descripcion\" FROM \"autos\".\"roles\" AS \"roles\" ORDER BY \"roles\".\"descripcion\";","level":"info"}
{"message":"d92c2134-ff88-4c5d-98c7-2bb0ad5a0bba[METODO->getRoles][OK]->consulta exitosa","level":"info"}
{"message":"700e4233-87e5-4df2-af82-cd9c1173a51d[METODO->validateMessage][BODY]{\"data\":{\"requestLogin\":{\"idrol\":\"1\",\"cedula\":\"88230510\",\"clave\":\"U2FsdGVkX1/Y81MmxzieF4/kfJUM4xE1Z2mZ/YzIgoE=\"}},\"expDate\":\"2021-07-29 08:23:58\"}","level":"info"}
{"message":"700e4233-87e5-4df2-af82-cd9c1173a51d[METODO->validarLogin][SQL]Executing (default): SELECT \"idpersona\", \"cedula\", \"nombre\", \"direccion\", \"telefono\", \"email\", \"clave\", \"activo\", \"createdAt\", \"updatedAt\" FROM \"autos\".\"personas\" AS \"personas\" WHERE \"personas\".\"cedula\" = '88230510';","level":"info"}
{"message":"700e4233-87e5-4df2-af82-cd9c1173a51d[METODO->validarLogin][SQL]Executing (default): SELECT \"idpersona\", \"cedula\", \"nombre\", \"direccion\", \"telefono\", \"email\", \"activo\" FROM \"autos\".\"personas\" AS \"personas\" WHERE \"personas\".\"cedula\" = '88230510' AND \"personas\".\"clave\" = '456';","level":"info"}
{"message":"700e4233-87e5-4df2-af82-cd9c1173a51d[METODO->validarLogin][SQL]Executing (default): SELECT \"rolesxpersona\".\"idrolesxpersona\", \"rolesxpersona\".\"idrol\", \"rolesxpersona\".\"idpersona\", \"rol\".\"idrol\" AS \"rol.idrol\", \"rol\".\"descripcion\" AS \"rol.descripcion\", \"persona\".\"idpersona\" AS \"persona.idpersona\", \"persona\".\"cedula\" AS \"persona.cedula\", \"persona\".\"nombre\" AS \"persona.nombre\", \"persona\".\"direccion\" AS \"persona.direccion\", \"persona\".\"telefono\" AS \"persona.telefono\", \"persona\".\"email\" AS \"persona.email\", \"persona\".\"clave\" AS \"persona.clave\", \"persona\".\"activo\" AS \"persona.activo\", \"persona\".\"createdAt\" AS \"persona.createdAt\", \"persona\".\"updatedAt\" AS \"persona.updatedAt\" FROM \"autos\".\"rolesxpersona\" AS \"rolesxpersona\" LEFT OUTER JOIN \"autos\".\"roles\" AS \"rol\" ON \"rolesxpersona\".\"idrol\" = \"rol\".\"idrol\" LEFT OUTER JOIN \"autos\".\"personas\" AS \"persona\" ON \"rolesxpersona\".\"idpersona\" = \"persona\".\"idpersona\" WHERE \"rolesxpersona\".\"idpersona\" = '2' AND \"rolesxpersona\".\"idrol\" = '1' ORDER BY \"rolesxpersona\".\"idrolesxpersona\";","level":"info"}
{"message":"700e4233-87e5-4df2-af82-cd9c1173a51d[METODO->validarLogin][OK]->Consulta ok","level":"error"}
{"message":"b7587aa3-4e7f-41c6-a987-8284cab06651[METODO->validateMessage][BODY]{\"data\":{\"token\":\"2cb3e70f-63b0-4458-90bd-dc8230291873\"},\"expDate\":\"2021-07-29 08:24:01\"}","level":"info"}
{"message":"b7587aa3-4e7f-41c6-a987-8284cab06651[METODO->getRolesXpersonas][OK]->consulta exitosa","level":"info"}
{"message":"743ea3dc-2570-4c21-a0b7-f11cc755ad37[METODO->validateMessage][BODY]{\"data\":{\"token\":\"e2f8e427-c919-46b3-9898-03f5b4983028\"},\"expDate\":\"2021-07-29 08:25:48\"}","level":"info"}
{"message":"743ea3dc-2570-4c21-a0b7-f11cc755ad37[METODO->getEntidades][SQL]Executing (default): SELECT \"identidad\", \"nit\", \"nombre\", \"direccion\", \"telefono\", \"email\", \"activo\", \"createdAt\", \"updatedAt\" FROM \"autos\".\"entidades\" AS \"entidades\" ORDER BY \"entidades\".\"nombre\";","level":"info"}
{"message":"743ea3dc-2570-4c21-a0b7-f11cc755ad37[METODO->getEntidades][OK]->consulta exitosa","level":"info"}
{"message":"bffc3933-92ff-4a51-b711-a3020a9f3b7e[METODO->validateMessage][BODY]{\"data\":{\"token\":\"9ec1a709-2908-41b5-b6ad-f43f5eb6f3cf\"},\"expDate\":\"2021-07-29 08:25:57\"}","level":"info"}
{"message":"bffc3933-92ff-4a51-b711-a3020a9f3b7e[METODO->getRolesXpersonas][OK]->consulta exitosa","level":"info"}
