{"message":"You have successfully started working with winston and morgan","level":"info"}
{"message":"2ca1d5a6-0124-43cf-8327-bd20745788d2[METODO->validateMessage][BODY]{\"data\":{\"token\":\"2b3df5ae-6594-4fb7-ba24-bc27bfd3f974\"},\"expDate\":\"2021-07-28 07:18:09\"}","level":"info"}
{"message":"2ca1d5a6-0124-43cf-8327-bd20745788d2[METODO->getRoles][SQL]Executing (default): SELECT \"idrol\", \"descripcion\" FROM \"autos\".\"roles\" AS \"roles\" ORDER BY \"roles\".\"descripcion\";","level":"info"}
{"message":"2ca1d5a6-0124-43cf-8327-bd20745788d2[METODO->getRoles][OK]->consulta exitosa","level":"info"}
{"message":"e62a45e5-e783-481d-94df-b3cd61059fc4[METODO->validateMessage][BODY]{\"data\":{\"requestLogin\":{\"idrol\":\"1\",\"cedula\":\"88230510\",\"clave\":\"U2FsdGVkX1/yQyLTcTHmLenkg56Ou2Ws8+p6hA+EkUw=\"}},\"expDate\":\"2021-07-28 07:18:19\"}","level":"info"}
{"message":"e62a45e5-e783-481d-94df-b3cd61059fc4[METODO->validarLogin][SQL]Executing (default): SELECT \"idpersona\", \"cedula\", \"nombre\", \"direccion\", \"telefono\", \"email\", \"clave\", \"activo\", \"createdAt\", \"updatedAt\" FROM \"autos\".\"personas\" AS \"personas\" WHERE \"personas\".\"cedula\" = '88230510';","level":"info"}
{"message":"e62a45e5-e783-481d-94df-b3cd61059fc4[METODO->validarLogin][SQL]Executing (default): SELECT \"idpersona\", \"cedula\", \"nombre\", \"direccion\", \"telefono\", \"email\", \"activo\" FROM \"autos\".\"personas\" AS \"personas\" WHERE \"personas\".\"cedula\" = '88230510' AND \"personas\".\"clave\" = '456';","level":"info"}
{"message":"e62a45e5-e783-481d-94df-b3cd61059fc4[METODO->validarLogin][SQL]Executing (default): SELECT \"rolesxpersona\".\"idrolesxpersona\", \"rolesxpersona\".\"idrol\", \"rolesxpersona\".\"idpersona\", \"rol\".\"idrol\" AS \"rol.idrol\", \"rol\".\"descripcion\" AS \"rol.descripcion\", \"persona\".\"idpersona\" AS \"persona.idpersona\", \"persona\".\"cedula\" AS \"persona.cedula\", \"persona\".\"nombre\" AS \"persona.nombre\", \"persona\".\"direccion\" AS \"persona.direccion\", \"persona\".\"telefono\" AS \"persona.telefono\", \"persona\".\"email\" AS \"persona.email\", \"persona\".\"clave\" AS \"persona.clave\", \"persona\".\"activo\" AS \"persona.activo\", \"persona\".\"createdAt\" AS \"persona.createdAt\", \"persona\".\"updatedAt\" AS \"persona.updatedAt\" FROM \"autos\".\"rolesxpersona\" AS \"rolesxpersona\" LEFT OUTER JOIN \"autos\".\"roles\" AS \"rol\" ON \"rolesxpersona\".\"idrol\" = \"rol\".\"idrol\" LEFT OUTER JOIN \"autos\".\"personas\" AS \"persona\" ON \"rolesxpersona\".\"idpersona\" = \"persona\".\"idpersona\" WHERE \"rolesxpersona\".\"idpersona\" = '2' AND \"rolesxpersona\".\"idrol\" = '1' ORDER BY \"rolesxpersona\".\"idrolesxpersona\";","level":"info"}
{"message":"e62a45e5-e783-481d-94df-b3cd61059fc4[METODO->validarLogin][OK]->Consulta ok","level":"error"}
{"message":"f25b01fa-8f22-4790-935e-9146b758f9b2[METODO->validateMessage][BODY]{\"data\":{\"token\":\"4a23402d-f6ad-46a8-9b2f-caf2a9101e3e\"},\"expDate\":\"2021-07-28 07:18:20\"}","level":"info"}
{"message":"f25b01fa-8f22-4790-935e-9146b758f9b2[METODO->getEntidades][SQL]Executing (default): SELECT \"identidad\", \"nit\", \"nombre\", \"direccion\", \"telefono\", \"email\", \"activo\", \"createdAt\", \"updatedAt\" FROM \"autos\".\"entidades\" AS \"entidades\" ORDER BY \"entidades\".\"nombre\";","level":"info"}
{"message":"f25b01fa-8f22-4790-935e-9146b758f9b2[METODO->getEntidades][OK]->consulta exitosa","level":"info"}
{"message":"aba94266-7466-4b2a-976d-010c8a5b95a4[METODO->validateMessage][BODY]{\"data\":{\"token\":\"dd8b3a9b-9a1a-42f9-bc16-b4899d087437\"},\"expDate\":\"2021-07-28 07:18:21\"}","level":"info"}
{"message":"aba94266-7466-4b2a-976d-010c8a5b95a4[METODO->getRolesXpersonas][OK]->consulta exitosa","level":"info"}
{"message":"14b857fd-6703-4dd2-8fef-05ff4824e935[METODO->validateMessage][BODY]{\"data\":{\"requestLogin\":{\"idrol\":\"1\",\"cedula\":\"88230510\",\"clave\":\"U2FsdGVkX1+gvGSvLo15QGR4sJ8hjsfjBs3kbk/bo3o=\"},\"persona\":{\"idpersona\":\"1\",\"nombre\":\"*\",\"direccion\":\"*\",\"telefono\":\"*\",\"cedula\":\"*\",\"email\":\"nuevo@editado.com\",\"activo\":false}},\"expDate\":\"2021-07-28 07:19:28\"}","level":"info"}
{"message":"14b857fd-6703-4dd2-8fef-05ff4824e935[METODO->actualizarEstadoPersona][SQL]Executing (default): SELECT \"idpersona\", \"cedula\", \"nombre\", \"direccion\", \"telefono\", \"email\", \"clave\", \"activo\", \"createdAt\", \"updatedAt\" FROM \"autos\".\"personas\" AS \"personas\" WHERE \"personas\".\"cedula\" = '88230510';","level":"info"}
{"message":"14b857fd-6703-4dd2-8fef-05ff4824e935[METODO->actualizarEstadoPersona][SQL]Executing (default): SELECT \"idpersona\", \"cedula\", \"nombre\", \"direccion\", \"telefono\", \"email\", \"activo\" FROM \"autos\".\"personas\" AS \"personas\" WHERE \"personas\".\"cedula\" = '88230510' AND \"personas\".\"clave\" = '456';","level":"info"}
{"message":"14b857fd-6703-4dd2-8fef-05ff4824e935[METODO->actualizarEstadoPersona][SQL]Executing (default): SELECT \"rolesxpersona\".\"idrolesxpersona\", \"rolesxpersona\".\"idrol\", \"rolesxpersona\".\"idpersona\", \"rol\".\"idrol\" AS \"rol.idrol\", \"rol\".\"descripcion\" AS \"rol.descripcion\", \"persona\".\"idpersona\" AS \"persona.idpersona\", \"persona\".\"cedula\" AS \"persona.cedula\", \"persona\".\"nombre\" AS \"persona.nombre\", \"persona\".\"direccion\" AS \"persona.direccion\", \"persona\".\"telefono\" AS \"persona.telefono\", \"persona\".\"email\" AS \"persona.email\", \"persona\".\"clave\" AS \"persona.clave\", \"persona\".\"activo\" AS \"persona.activo\", \"persona\".\"createdAt\" AS \"persona.createdAt\", \"persona\".\"updatedAt\" AS \"persona.updatedAt\" FROM \"autos\".\"rolesxpersona\" AS \"rolesxpersona\" LEFT OUTER JOIN \"autos\".\"roles\" AS \"rol\" ON \"rolesxpersona\".\"idrol\" = \"rol\".\"idrol\" LEFT OUTER JOIN \"autos\".\"personas\" AS \"persona\" ON \"rolesxpersona\".\"idpersona\" = \"persona\".\"idpersona\" WHERE \"rolesxpersona\".\"idpersona\" = '2' AND \"rolesxpersona\".\"idrol\" = '1' ORDER BY \"rolesxpersona\".\"idrolesxpersona\";","level":"info"}
{"message":"14b857fd-6703-4dd2-8fef-05ff4824e935[METODO->actualizarEstadoPersona][OK]->Consulta ok","level":"error"}
{"message":"14b857fd-6703-4dd2-8fef-05ff4824e935[METODO->actualizarEstadoPersona][SQL]Executing (default): INSERT INTO \"autos\".\"personas\" (\"idpersona\",\"cedula\",\"nombre\",\"direccion\",\"telefono\",\"email\",\"clave\",\"activo\",\"createdAt\",\"updatedAt\") VALUES ($1,$2,$3,$4,$5,$6,$7,$8,$9,$10) ON CONFLICT (\"idpersona\") DO UPDATE SET \"idpersona\"=EXCLUDED.\"idpersona\",\"cedula\"=EXCLUDED.\"cedula\",\"nombre\"=EXCLUDED.\"nombre\",\"direccion\"=EXCLUDED.\"direccion\",\"telefono\"=EXCLUDED.\"telefono\",\"email\"=EXCLUDED.\"email\",\"clave\"=EXCLUDED.\"clave\",\"activo\"=EXCLUDED.\"activo\",\"updatedAt\"=EXCLUDED.\"updatedAt\" RETURNING \"idpersona\",\"cedula\",\"nombre\",\"direccion\",\"telefono\",\"email\",\"clave\",\"activo\",\"createdAt\",\"updatedAt\";","level":"info"}
{"message":"14b857fd-6703-4dd2-8fef-05ff4824e935[METODO->actualizarEstadoPersona][OK]->actualizacion exitosa","level":"info"}
{"message":"e94ded8d-b472-475d-abdf-c0c9add6e8e0[METODO->validateMessage][BODY]{\"data\":{\"token\":\"bc11f173-639f-4cda-aa3e-c2d331c971b3\"},\"expDate\":\"2021-07-28 07:19:28\"}","level":"info"}
{"message":"e94ded8d-b472-475d-abdf-c0c9add6e8e0[METODO->getRolesXpersonas][OK]->consulta exitosa","level":"info"}
{"message":"957a4d65-bacb-4627-9e9c-7c7efc29ae49[METODO->validateMessage][BODY]{\"data\":{\"token\":\"05d5ec60-8702-46b9-8a63-e50b095e9cc0\"},\"expDate\":\"2021-07-28 07:24:31\"}","level":"info"}
{"message":"957a4d65-bacb-4627-9e9c-7c7efc29ae49[METODO->getRolesXpersonas][OK]->consulta exitosa","level":"info"}
{"message":"f047dd8a-0d23-470a-9c9f-1dba0154028c[METODO->validateMessage][BODY]{\"data\":{\"token\":\"91f33c16-fe1a-4dd1-b3e5-8c915e4bc7a7\"},\"expDate\":\"2021-07-28 07:24:53\"}","level":"info"}
{"message":"f047dd8a-0d23-470a-9c9f-1dba0154028c[METODO->getRolesXpersonas][OK]->consulta exitosa","level":"info"}
{"message":"d9bae361-c918-4583-ad21-38ebabde65be[METODO->validateMessage][BODY]{\"data\":{\"token\":\"39ba5ae4-9759-407e-b253-71ab7465a157\"},\"expDate\":\"2021-07-28 07:25:51\"}","level":"info"}
{"message":"d9bae361-c918-4583-ad21-38ebabde65be[METODO->getRoles][SQL]Executing (default): SELECT \"idrol\", \"descripcion\" FROM \"autos\".\"roles\" AS \"roles\" ORDER BY \"roles\".\"descripcion\";","level":"info"}
{"message":"d9bae361-c918-4583-ad21-38ebabde65be[METODO->getRoles][OK]->consulta exitosa","level":"info"}
{"message":"17058761-77a9-4333-9491-e39cdde2ae4a[METODO->validateMessage][BODY]{\"data\":{\"requestLogin\":{\"idrol\":\"1\",\"cedula\":\"88230510\",\"clave\":\"U2FsdGVkX19csr0ihAG61cmHl5307iy4SIFi4P0xlZ8=\"}},\"expDate\":\"2021-07-28 07:26:02\"}","level":"info"}
{"message":"17058761-77a9-4333-9491-e39cdde2ae4a[METODO->validarLogin][SQL]Executing (default): SELECT \"idpersona\", \"cedula\", \"nombre\", \"direccion\", \"telefono\", \"email\", \"clave\", \"activo\", \"createdAt\", \"updatedAt\" FROM \"autos\".\"personas\" AS \"personas\" WHERE \"personas\".\"cedula\" = '88230510';","level":"info"}
{"message":"17058761-77a9-4333-9491-e39cdde2ae4a[METODO->validarLogin][SQL]Executing (default): SELECT \"idpersona\", \"cedula\", \"nombre\", \"direccion\", \"telefono\", \"email\", \"activo\" FROM \"autos\".\"personas\" AS \"personas\" WHERE \"personas\".\"cedula\" = '88230510' AND \"personas\".\"clave\" = '456';","level":"info"}
{"message":"17058761-77a9-4333-9491-e39cdde2ae4a[METODO->validarLogin][SQL]Executing (default): SELECT \"rolesxpersona\".\"idrolesxpersona\", \"rolesxpersona\".\"idrol\", \"rolesxpersona\".\"idpersona\", \"rol\".\"idrol\" AS \"rol.idrol\", \"rol\".\"descripcion\" AS \"rol.descripcion\", \"persona\".\"idpersona\" AS \"persona.idpersona\", \"persona\".\"cedula\" AS \"persona.cedula\", \"persona\".\"nombre\" AS \"persona.nombre\", \"persona\".\"direccion\" AS \"persona.direccion\", \"persona\".\"telefono\" AS \"persona.telefono\", \"persona\".\"email\" AS \"persona.email\", \"persona\".\"clave\" AS \"persona.clave\", \"persona\".\"activo\" AS \"persona.activo\", \"persona\".\"createdAt\" AS \"persona.createdAt\", \"persona\".\"updatedAt\" AS \"persona.updatedAt\" FROM \"autos\".\"rolesxpersona\" AS \"rolesxpersona\" LEFT OUTER JOIN \"autos\".\"roles\" AS \"rol\" ON \"rolesxpersona\".\"idrol\" = \"rol\".\"idrol\" LEFT OUTER JOIN \"autos\".\"personas\" AS \"persona\" ON \"rolesxpersona\".\"idpersona\" = \"persona\".\"idpersona\" WHERE \"rolesxpersona\".\"idpersona\" = '2' AND \"rolesxpersona\".\"idrol\" = '1' ORDER BY \"rolesxpersona\".\"idrolesxpersona\";","level":"info"}
{"message":"17058761-77a9-4333-9491-e39cdde2ae4a[METODO->validarLogin][OK]->Consulta ok","level":"error"}
{"message":"f0f660a4-a109-4b40-a70e-143eaf492eb2[METODO->validateMessage][BODY]{\"data\":{\"token\":\"bdd11da4-2912-4e5f-9d44-090fdfde6b67\"},\"expDate\":\"2021-07-28 07:26:05\"}","level":"info"}
{"message":"f0f660a4-a109-4b40-a70e-143eaf492eb2[METODO->getRolesXpersonas][OK]->consulta exitosa","level":"info"}
{"message":"178e4a0a-b59d-4c15-88ec-b327c8a7a4d0[METODO->validateMessage][BODY]{\"data\":{\"token\":\"6b2fb9c3-9148-405f-a5ec-47793d640db8\"},\"expDate\":\"2021-07-28 07:26:34\"}","level":"info"}
{"message":"178e4a0a-b59d-4c15-88ec-b327c8a7a4d0[METODO->getRolesXpersonas][OK]->consulta exitosa","level":"info"}
{"message":"845e0537-8536-42fb-b2a2-28423c9f034d[METODO->validateMessage][BODY]{\"data\":{\"requestLogin\":{\"idrol\":0,\"cedula\":\"\",\"clave\":\"U2FsdGVkX18lbc61psMFZ5u2+iE/nKRGV8Qp1KeRfcI=\"},\"persona\":{\"identidad\":0,\"nombre\":\"Arturo ramirez\",\"direccion\":\"calle 5 # 25-98\",\"telefono\":\"5802547\",\"cedula\":\"88230513\",\"email\":\"arturo@gmail.com\",\"activo\":false}},\"expDate\":\"2021-07-28 07:27:15\"}","level":"info"}
{"message":"845e0537-8536-42fb-b2a2-28423c9f034d[METODO->actualizarEstadoPersona][ERROR]->Se presentó un error al tratar de obtener la información del login","level":"error"}
{"message":"e049f47d-ad5d-4b3b-b534-1b3954f1abea[METODO->validateMessage][BODY]{\"data\":{\"token\":\"3fc1f7b1-d9ba-4443-a968-f109d5e1060d\"},\"expDate\":\"2021-07-28 07:27:21\"}","level":"info"}
{"message":"e049f47d-ad5d-4b3b-b534-1b3954f1abea[METODO->getRoles][SQL]Executing (default): SELECT \"idrol\", \"descripcion\" FROM \"autos\".\"roles\" AS \"roles\" ORDER BY \"roles\".\"descripcion\";","level":"info"}
{"message":"e049f47d-ad5d-4b3b-b534-1b3954f1abea[METODO->getRoles][OK]->consulta exitosa","level":"info"}
{"message":"26a18590-27a1-4292-8d86-73cc49e8c16d[METODO->validateMessage][BODY]{\"data\":{\"requestLogin\":{\"idrol\":\"1\",\"cedula\":\"88230510\",\"clave\":\"U2FsdGVkX1+OA6DGhV4Hkngg8MsdKJ+sMnwc1i/9gpg=\"}},\"expDate\":\"2021-07-28 07:27:27\"}","level":"info"}
{"message":"26a18590-27a1-4292-8d86-73cc49e8c16d[METODO->validarLogin][SQL]Executing (default): SELECT \"idpersona\", \"cedula\", \"nombre\", \"direccion\", \"telefono\", \"email\", \"clave\", \"activo\", \"createdAt\", \"updatedAt\" FROM \"autos\".\"personas\" AS \"personas\" WHERE \"personas\".\"cedula\" = '88230510';","level":"info"}
{"message":"26a18590-27a1-4292-8d86-73cc49e8c16d[METODO->validarLogin][SQL]Executing (default): SELECT \"idpersona\", \"cedula\", \"nombre\", \"direccion\", \"telefono\", \"email\", \"activo\" FROM \"autos\".\"personas\" AS \"personas\" WHERE \"personas\".\"cedula\" = '88230510' AND \"personas\".\"clave\" = '456';","level":"info"}
{"message":"26a18590-27a1-4292-8d86-73cc49e8c16d[METODO->validarLogin][SQL]Executing (default): SELECT \"rolesxpersona\".\"idrolesxpersona\", \"rolesxpersona\".\"idrol\", \"rolesxpersona\".\"idpersona\", \"rol\".\"idrol\" AS \"rol.idrol\", \"rol\".\"descripcion\" AS \"rol.descripcion\", \"persona\".\"idpersona\" AS \"persona.idpersona\", \"persona\".\"cedula\" AS \"persona.cedula\", \"persona\".\"nombre\" AS \"persona.nombre\", \"persona\".\"direccion\" AS \"persona.direccion\", \"persona\".\"telefono\" AS \"persona.telefono\", \"persona\".\"email\" AS \"persona.email\", \"persona\".\"clave\" AS \"persona.clave\", \"persona\".\"activo\" AS \"persona.activo\", \"persona\".\"createdAt\" AS \"persona.createdAt\", \"persona\".\"updatedAt\" AS \"persona.updatedAt\" FROM \"autos\".\"rolesxpersona\" AS \"rolesxpersona\" LEFT OUTER JOIN \"autos\".\"roles\" AS \"rol\" ON \"rolesxpersona\".\"idrol\" = \"rol\".\"idrol\" LEFT OUTER JOIN \"autos\".\"personas\" AS \"persona\" ON \"rolesxpersona\".\"idpersona\" = \"persona\".\"idpersona\" WHERE \"rolesxpersona\".\"idpersona\" = '2' AND \"rolesxpersona\".\"idrol\" = '1' ORDER BY \"rolesxpersona\".\"idrolesxpersona\";","level":"info"}
{"message":"26a18590-27a1-4292-8d86-73cc49e8c16d[METODO->validarLogin][OK]->Consulta ok","level":"error"}
{"message":"2832e175-8bd9-4f7c-912e-d3906c398b3b[METODO->validateMessage][BODY]{\"data\":{\"token\":\"daf65de5-65f6-4b2e-b4b2-2d9e54f1099b\"},\"expDate\":\"2021-07-28 07:27:29\"}","level":"info"}
{"message":"2832e175-8bd9-4f7c-912e-d3906c398b3b[METODO->getRolesXpersonas][OK]->consulta exitosa","level":"info"}
{"message":"bd9255ea-37b1-4a43-9218-eb265f7967bf[METODO->validateMessage][BODY]{\"data\":{\"requestLogin\":{\"idrol\":\"1\",\"cedula\":\"88230510\",\"clave\":\"U2FsdGVkX1+zPkStW1X3DpSmsgTT8ezewcOK3dOqN34=\"},\"persona\":{\"identidad\":0,\"nombre\":\"Arturo Ramirez\",\"direccion\":\"Calle 56 # 43-89\",\"telefono\":\"54786325\",\"cedula\":\"88562489\",\"email\":\"arturo@gmail.com\",\"activo\":false}},\"expDate\":\"2021-07-28 07:28:08\"}","level":"info"}
{"message":"bd9255ea-37b1-4a43-9218-eb265f7967bf[METODO->actualizarEstadoPersona][SQL]Executing (default): SELECT \"idpersona\", \"cedula\", \"nombre\", \"direccion\", \"telefono\", \"email\", \"clave\", \"activo\", \"createdAt\", \"updatedAt\" FROM \"autos\".\"personas\" AS \"personas\" WHERE \"personas\".\"cedula\" = '88230510';","level":"info"}
{"message":"bd9255ea-37b1-4a43-9218-eb265f7967bf[METODO->actualizarEstadoPersona][SQL]Executing (default): SELECT \"idpersona\", \"cedula\", \"nombre\", \"direccion\", \"telefono\", \"email\", \"activo\" FROM \"autos\".\"personas\" AS \"personas\" WHERE \"personas\".\"cedula\" = '88230510' AND \"personas\".\"clave\" = '456';","level":"info"}
{"message":"bd9255ea-37b1-4a43-9218-eb265f7967bf[METODO->actualizarEstadoPersona][SQL]Executing (default): SELECT \"rolesxpersona\".\"idrolesxpersona\", \"rolesxpersona\".\"idrol\", \"rolesxpersona\".\"idpersona\", \"rol\".\"idrol\" AS \"rol.idrol\", \"rol\".\"descripcion\" AS \"rol.descripcion\", \"persona\".\"idpersona\" AS \"persona.idpersona\", \"persona\".\"cedula\" AS \"persona.cedula\", \"persona\".\"nombre\" AS \"persona.nombre\", \"persona\".\"direccion\" AS \"persona.direccion\", \"persona\".\"telefono\" AS \"persona.telefono\", \"persona\".\"email\" AS \"persona.email\", \"persona\".\"clave\" AS \"persona.clave\", \"persona\".\"activo\" AS \"persona.activo\", \"persona\".\"createdAt\" AS \"persona.createdAt\", \"persona\".\"updatedAt\" AS \"persona.updatedAt\" FROM \"autos\".\"rolesxpersona\" AS \"rolesxpersona\" LEFT OUTER JOIN \"autos\".\"roles\" AS \"rol\" ON \"rolesxpersona\".\"idrol\" = \"rol\".\"idrol\" LEFT OUTER JOIN \"autos\".\"personas\" AS \"persona\" ON \"rolesxpersona\".\"idpersona\" = \"persona\".\"idpersona\" WHERE \"rolesxpersona\".\"idpersona\" = '2' AND \"rolesxpersona\".\"idrol\" = '1' ORDER BY \"rolesxpersona\".\"idrolesxpersona\";","level":"info"}
{"message":"bd9255ea-37b1-4a43-9218-eb265f7967bf[METODO->actualizarEstadoPersona][OK]->Consulta ok","level":"error"}
{"message":"bd9255ea-37b1-4a43-9218-eb265f7967bf[METODO->actualizarEstadoPersona][SQL]Executing (default): SELECT \"idpersona\", \"cedula\", \"nombre\", \"direccion\", \"telefono\", \"email\", \"clave\", \"activo\", \"createdAt\", \"updatedAt\" FROM \"autos\".\"personas\" AS \"personas\" WHERE \"personas\".\"email\" ILIKE '%arturo@gmail.com%';","level":"info"}
{"message":"bd9255ea-37b1-4a43-9218-eb265f7967bf[METODO->actualizarEstadoPersona][SQL]Executing (default): SELECT \"idpersona\", \"cedula\", \"nombre\", \"direccion\", \"telefono\", \"email\", \"clave\", \"activo\", \"createdAt\", \"updatedAt\" FROM \"autos\".\"personas\" AS \"personas\" WHERE \"personas\".\"cedula\" = '88562489';","level":"info"}
{"message":"bd9255ea-37b1-4a43-9218-eb265f7967bf[METODO->actualizarEstadoPersona][SQL]Executing (default): INSERT INTO \"autos\".\"personas\" (\"idpersona\",\"cedula\",\"nombre\",\"direccion\",\"telefono\",\"email\",\"clave\",\"activo\",\"createdAt\",\"updatedAt\") VALUES (DEFAULT,$1,$2,$3,$4,$5,$6,$7,$8,$9) RETURNING \"idpersona\",\"cedula\",\"nombre\",\"direccion\",\"telefono\",\"email\",\"clave\",\"activo\",\"createdAt\",\"updatedAt\";","level":"info"}
{"message":"c9c781f4-2849-4314-a788-d03c2784b919[METODO->validateMessage][BODY]{\"data\":{\"token\":\"dd0eba99-47d4-401e-8a85-217995f092f3\"},\"expDate\":\"2021-07-28 07:28:08\"}","level":"info"}
{"message":"c9c781f4-2849-4314-a788-d03c2784b919[METODO->getRolesXpersonas][OK]->consulta exitosa","level":"info"}
{"message":"f44226eb-3af0-459b-83a1-5cb8b5054abd[METODO->validateMessage][BODY]{\"data\":{\"token\":\"e0d57a99-9014-424e-9078-6dae39186cad\"},\"expDate\":\"2021-07-28 07:29:10\"}","level":"info"}
{"message":"f44226eb-3af0-459b-83a1-5cb8b5054abd[METODO->getRolesXpersonas][OK]->consulta exitosa","level":"info"}
{"message":"77f0ae97-2a78-47b6-8aef-811e7d6eb966[METODO->validateMessage][BODY]{\"data\":{\"token\":\"46da0412-f798-4032-847b-bff068e01096\"},\"expDate\":\"2021-07-28 07:29:38\"}","level":"info"}
{"message":"77f0ae97-2a78-47b6-8aef-811e7d6eb966[METODO->getEntidades][SQL]Executing (default): SELECT \"identidad\", \"nit\", \"nombre\", \"direccion\", \"telefono\", \"email\", \"activo\", \"createdAt\", \"updatedAt\" FROM \"autos\".\"entidades\" AS \"entidades\" ORDER BY \"entidades\".\"nombre\";","level":"info"}
{"message":"77f0ae97-2a78-47b6-8aef-811e7d6eb966[METODO->getEntidades][OK]->consulta exitosa","level":"info"}
{"message":"9251848a-d850-46c9-819c-e636b00e656d[METODO->validateMessage][BODY]{\"data\":{\"token\":\"3c04fe22-6b0e-4f08-b85b-b52c834d2b1c\"},\"expDate\":\"2021-07-28 07:30:00\"}","level":"info"}
{"message":"9251848a-d850-46c9-819c-e636b00e656d[METODO->getRolesXpersonas][OK]->consulta exitosa","level":"info"}
{"message":"3ccbcc7a-fbfb-44ae-89a3-15f2cf6b9d72[METODO->validateMessage][BODY]{\"data\":{\"token\":\"8f369fb5-ae6b-4072-aed9-6cfbc906ec4f\"},\"expDate\":\"2021-07-28 07:33:44\"}","level":"info"}
{"message":"3ccbcc7a-fbfb-44ae-89a3-15f2cf6b9d72[METODO->getRolesXpersonas][OK]->consulta exitosa","level":"info"}
{"message":"d39b0439-4d2c-49bd-aa22-dfe2a39b9fa0[METODO->validateMessage][BODY]{\"data\":{\"token\":\"8f3061ec-13cb-4b99-bbce-d69060e35dfa\"},\"expDate\":\"2021-07-28 07:53:24\"}","level":"info"}
{"message":"d39b0439-4d2c-49bd-aa22-dfe2a39b9fa0[METODO->getRoles][SQL]Executing (default): SELECT \"idrol\", \"descripcion\" FROM \"autos\".\"roles\" AS \"roles\" ORDER BY \"roles\".\"descripcion\";","level":"info"}
{"message":"d39b0439-4d2c-49bd-aa22-dfe2a39b9fa0[METODO->getRoles][OK]->consulta exitosa","level":"info"}
{"message":"8fc0f1ae-9fa5-4350-9d19-88b96e97b772[METODO->validateMessage][BODY]{\"data\":{\"requestLogin\":{\"idrol\":\"1\",\"cedula\":\"88230510\",\"clave\":\"U2FsdGVkX198tZC7rRKMdNvAqTxqqZ1BflzrBUZgxwk=\"}},\"expDate\":\"2021-07-28 07:53:31\"}","level":"info"}
{"message":"8fc0f1ae-9fa5-4350-9d19-88b96e97b772[METODO->validarLogin][SQL]Executing (default): SELECT \"idpersona\", \"cedula\", \"nombre\", \"direccion\", \"telefono\", \"email\", \"clave\", \"activo\", \"createdAt\", \"updatedAt\" FROM \"autos\".\"personas\" AS \"personas\" WHERE \"personas\".\"cedula\" = '88230510';","level":"info"}
{"message":"8fc0f1ae-9fa5-4350-9d19-88b96e97b772[METODO->validarLogin][SQL]Executing (default): SELECT \"idpersona\", \"cedula\", \"nombre\", \"direccion\", \"telefono\", \"email\", \"activo\" FROM \"autos\".\"personas\" AS \"personas\" WHERE \"personas\".\"cedula\" = '88230510' AND \"personas\".\"clave\" = '456';","level":"info"}
{"message":"8fc0f1ae-9fa5-4350-9d19-88b96e97b772[METODO->validarLogin][SQL]Executing (default): SELECT \"rolesxpersona\".\"idrolesxpersona\", \"rolesxpersona\".\"idrol\", \"rolesxpersona\".\"idpersona\", \"rol\".\"idrol\" AS \"rol.idrol\", \"rol\".\"descripcion\" AS \"rol.descripcion\", \"persona\".\"idpersona\" AS \"persona.idpersona\", \"persona\".\"cedula\" AS \"persona.cedula\", \"persona\".\"nombre\" AS \"persona.nombre\", \"persona\".\"direccion\" AS \"persona.direccion\", \"persona\".\"telefono\" AS \"persona.telefono\", \"persona\".\"email\" AS \"persona.email\", \"persona\".\"clave\" AS \"persona.clave\", \"persona\".\"activo\" AS \"persona.activo\", \"persona\".\"createdAt\" AS \"persona.createdAt\", \"persona\".\"updatedAt\" AS \"persona.updatedAt\" FROM \"autos\".\"rolesxpersona\" AS \"rolesxpersona\" LEFT OUTER JOIN \"autos\".\"roles\" AS \"rol\" ON \"rolesxpersona\".\"idrol\" = \"rol\".\"idrol\" LEFT OUTER JOIN \"autos\".\"personas\" AS \"persona\" ON \"rolesxpersona\".\"idpersona\" = \"persona\".\"idpersona\" WHERE \"rolesxpersona\".\"idpersona\" = '2' AND \"rolesxpersona\".\"idrol\" = '1' ORDER BY \"rolesxpersona\".\"idrolesxpersona\";","level":"info"}
{"message":"8fc0f1ae-9fa5-4350-9d19-88b96e97b772[METODO->validarLogin][OK]->Consulta ok","level":"error"}
{"message":"948b6965-250a-48b1-a100-2efbe28c19b5[METODO->validateMessage][BODY]{\"data\":{\"token\":\"ecb685ab-d54c-4306-ac76-bf8963195c71\"},\"expDate\":\"2021-07-28 07:53:33\"}","level":"info"}
{"message":"948b6965-250a-48b1-a100-2efbe28c19b5[METODO->getRolesXpersonas][OK]->consulta exitosa","level":"info"}
{"message":"188e5e92-0508-4d81-a46f-b888abd521ce[METODO->validateMessage][BODY]{\"data\":{\"token\":\"e94f9e8f-3994-4da3-bcf9-7b5696f96073\"},\"expDate\":\"2021-07-28 07:59:18\"}","level":"info"}
{"message":"188e5e92-0508-4d81-a46f-b888abd521ce[METODO->getRoles][SQL]Executing (default): SELECT \"idrol\", \"descripcion\" FROM \"autos\".\"roles\" AS \"roles\" ORDER BY \"roles\".\"descripcion\";","level":"info"}
{"message":"188e5e92-0508-4d81-a46f-b888abd521ce[METODO->getRoles][OK]->consulta exitosa","level":"info"}
{"message":"b8c7af69-e05c-440b-a69a-e56df3e404dc[METODO->validateMessage][BODY]{\"data\":{\"requestLogin\":{\"idrol\":\"1\",\"cedula\":\"88230510\",\"clave\":\"U2FsdGVkX1+LIoDQ/qxKUgwqHTQvhCInnIaXrU68isg=\"}},\"expDate\":\"2021-07-28 07:59:26\"}","level":"info"}
{"message":"b8c7af69-e05c-440b-a69a-e56df3e404dc[METODO->validarLogin][SQL]Executing (default): SELECT \"idpersona\", \"cedula\", \"nombre\", \"direccion\", \"telefono\", \"email\", \"clave\", \"activo\", \"createdAt\", \"updatedAt\" FROM \"autos\".\"personas\" AS \"personas\" WHERE \"personas\".\"cedula\" = '88230510';","level":"info"}
{"message":"b8c7af69-e05c-440b-a69a-e56df3e404dc[METODO->validarLogin][SQL]Executing (default): SELECT \"idpersona\", \"cedula\", \"nombre\", \"direccion\", \"telefono\", \"email\", \"activo\" FROM \"autos\".\"personas\" AS \"personas\" WHERE \"personas\".\"cedula\" = '88230510' AND \"personas\".\"clave\" = '456';","level":"info"}
{"message":"b8c7af69-e05c-440b-a69a-e56df3e404dc[METODO->validarLogin][SQL]Executing (default): SELECT \"rolesxpersona\".\"idrolesxpersona\", \"rolesxpersona\".\"idrol\", \"rolesxpersona\".\"idpersona\", \"rol\".\"idrol\" AS \"rol.idrol\", \"rol\".\"descripcion\" AS \"rol.descripcion\", \"persona\".\"idpersona\" AS \"persona.idpersona\", \"persona\".\"cedula\" AS \"persona.cedula\", \"persona\".\"nombre\" AS \"persona.nombre\", \"persona\".\"direccion\" AS \"persona.direccion\", \"persona\".\"telefono\" AS \"persona.telefono\", \"persona\".\"email\" AS \"persona.email\", \"persona\".\"clave\" AS \"persona.clave\", \"persona\".\"activo\" AS \"persona.activo\", \"persona\".\"createdAt\" AS \"persona.createdAt\", \"persona\".\"updatedAt\" AS \"persona.updatedAt\" FROM \"autos\".\"rolesxpersona\" AS \"rolesxpersona\" LEFT OUTER JOIN \"autos\".\"roles\" AS \"rol\" ON \"rolesxpersona\".\"idrol\" = \"rol\".\"idrol\" LEFT OUTER JOIN \"autos\".\"personas\" AS \"persona\" ON \"rolesxpersona\".\"idpersona\" = \"persona\".\"idpersona\" WHERE \"rolesxpersona\".\"idpersona\" = '2' AND \"rolesxpersona\".\"idrol\" = '1' ORDER BY \"rolesxpersona\".\"idrolesxpersona\";","level":"info"}
{"message":"b8c7af69-e05c-440b-a69a-e56df3e404dc[METODO->validarLogin][OK]->Consulta ok","level":"error"}
{"message":"b80166eb-233b-46a1-a239-dfbf44a3724f[METODO->validateMessage][BODY]{\"data\":{\"token\":\"3fcaa078-5857-404d-b14e-9f4d5c3d1a4d\"},\"expDate\":\"2021-07-28 07:59:29\"}","level":"info"}
{"message":"b80166eb-233b-46a1-a239-dfbf44a3724f[METODO->getRolesXpersonas][OK]->consulta exitosa","level":"info"}
{"message":"d036d191-716a-41ab-a6d3-9c49fd1156ed[METODO->validateMessage][BODY]{\"data\":{\"token\":\"0838f8bb-d666-4c31-a573-048309101d2d\"},\"expDate\":\"2021-07-28 08:00:33\"}","level":"info"}
{"message":"d036d191-716a-41ab-a6d3-9c49fd1156ed[METODO->getRolesXpersonas][OK]->consulta exitosa","level":"info"}
{"message":"be4af55d-180a-4379-8534-51464dddf637[METODO->validateMessage][BODY]{\"data\":{\"token\":\"897e7ec5-7bfa-46ca-a170-6520d16b760b\"},\"expDate\":\"2021-07-28 08:00:47\"}","level":"info"}
{"message":"be4af55d-180a-4379-8534-51464dddf637[METODO->getRoles][SQL]Executing (default): SELECT \"idrol\", \"descripcion\" FROM \"autos\".\"roles\" AS \"roles\" ORDER BY \"roles\".\"descripcion\";","level":"info"}
{"message":"be4af55d-180a-4379-8534-51464dddf637[METODO->getRoles][OK]->consulta exitosa","level":"info"}
{"message":"581d448c-54b4-47b1-9901-45c9331a31b2[METODO->validateMessage][BODY]{\"data\":{\"requestLogin\":{\"idrol\":\"1\",\"cedula\":\"88230510\",\"clave\":\"U2FsdGVkX193/2b18U/fIm4s1m3tAJOdldLnWPZoshA=\"}},\"expDate\":\"2021-07-28 08:04:44\"}","level":"info"}
{"message":"581d448c-54b4-47b1-9901-45c9331a31b2[METODO->validarLogin][SQL]Executing (default): SELECT \"idpersona\", \"cedula\", \"nombre\", \"direccion\", \"telefono\", \"email\", \"clave\", \"activo\", \"createdAt\", \"updatedAt\" FROM \"autos\".\"personas\" AS \"personas\" WHERE \"personas\".\"cedula\" = '88230510';","level":"info"}
{"message":"581d448c-54b4-47b1-9901-45c9331a31b2[METODO->validarLogin][SQL]Executing (default): SELECT \"idpersona\", \"cedula\", \"nombre\", \"direccion\", \"telefono\", \"email\", \"activo\" FROM \"autos\".\"personas\" AS \"personas\" WHERE \"personas\".\"cedula\" = '88230510' AND \"personas\".\"clave\" = '456';","level":"info"}
{"message":"581d448c-54b4-47b1-9901-45c9331a31b2[METODO->validarLogin][SQL]Executing (default): SELECT \"rolesxpersona\".\"idrolesxpersona\", \"rolesxpersona\".\"idrol\", \"rolesxpersona\".\"idpersona\", \"rol\".\"idrol\" AS \"rol.idrol\", \"rol\".\"descripcion\" AS \"rol.descripcion\", \"persona\".\"idpersona\" AS \"persona.idpersona\", \"persona\".\"cedula\" AS \"persona.cedula\", \"persona\".\"nombre\" AS \"persona.nombre\", \"persona\".\"direccion\" AS \"persona.direccion\", \"persona\".\"telefono\" AS \"persona.telefono\", \"persona\".\"email\" AS \"persona.email\", \"persona\".\"clave\" AS \"persona.clave\", \"persona\".\"activo\" AS \"persona.activo\", \"persona\".\"createdAt\" AS \"persona.createdAt\", \"persona\".\"updatedAt\" AS \"persona.updatedAt\" FROM \"autos\".\"rolesxpersona\" AS \"rolesxpersona\" LEFT OUTER JOIN \"autos\".\"roles\" AS \"rol\" ON \"rolesxpersona\".\"idrol\" = \"rol\".\"idrol\" LEFT OUTER JOIN \"autos\".\"personas\" AS \"persona\" ON \"rolesxpersona\".\"idpersona\" = \"persona\".\"idpersona\" WHERE \"rolesxpersona\".\"idpersona\" = '2' AND \"rolesxpersona\".\"idrol\" = '1' ORDER BY \"rolesxpersona\".\"idrolesxpersona\";","level":"info"}
{"message":"581d448c-54b4-47b1-9901-45c9331a31b2[METODO->validarLogin][OK]->Consulta ok","level":"error"}
{"message":"c9cf27d8-1da2-4e54-8ef8-40237a925fe2[METODO->validateMessage][BODY]{\"data\":{\"token\":\"ca28723b-32c0-40d0-bc62-f6439f5bb88a\"},\"expDate\":\"2021-07-28 08:04:46\"}","level":"info"}
{"message":"c9cf27d8-1da2-4e54-8ef8-40237a925fe2[METODO->getRolesXpersonas][OK]->consulta exitosa","level":"info"}
{"message":"69964786-f6bd-4275-9c3b-ac3c2bfda2ea[METODO->validateMessage][BODY]{\"data\":{\"token\":\"2b6e29e4-de57-499e-b30d-efc8048daf42\"},\"expDate\":\"2021-07-28 08:07:15\"}","level":"info"}
{"message":"69964786-f6bd-4275-9c3b-ac3c2bfda2ea[METODO->getRolesXpersonas][OK]->consulta exitosa","level":"info"}
{"message":"eae21945-4355-41c8-9410-fb7578efa20b[METODO->validateMessage][BODY]{\"data\":{\"token\":\"d7ba2d74-b26c-4b47-b11c-c8109a13fa9b\"},\"expDate\":\"2021-07-28 08:08:23\"}","level":"info"}
{"message":"eae21945-4355-41c8-9410-fb7578efa20b[METODO->getRolesXpersonas][OK]->consulta exitosa","level":"info"}
{"message":"786c4d50-bc9a-405a-b160-ea46f3bf975c[METODO->validateMessage][BODY]{\"data\":{\"token\":\"b2c76591-b08a-46b7-9843-0a023f8454a3\"},\"expDate\":\"2021-07-28 08:11:25\"}","level":"info"}
{"message":"786c4d50-bc9a-405a-b160-ea46f3bf975c[METODO->getRolesXpersonas][OK]->consulta exitosa","level":"info"}
{"message":"f9547d4f-3f49-479b-8692-a2a46dce737f[METODO->validateMessage][BODY]{\"data\":{\"token\":\"f0a61a95-1c79-4c8a-a85a-71fd079a25d9\"},\"expDate\":\"2021-07-28 08:11:52\"}","level":"info"}
{"message":"f9547d4f-3f49-479b-8692-a2a46dce737f[METODO->getRoles][SQL]Executing (default): SELECT \"idrol\", \"descripcion\" FROM \"autos\".\"roles\" AS \"roles\" ORDER BY \"roles\".\"descripcion\";","level":"info"}
{"message":"f9547d4f-3f49-479b-8692-a2a46dce737f[METODO->getRoles][OK]->consulta exitosa","level":"info"}
{"message":"25717dad-af25-487f-be0a-5cc204f6dc93[METODO->validateMessage][BODY]{\"data\":{\"requestLogin\":{\"idrol\":\"1\",\"cedula\":\"88230510\",\"clave\":\"U2FsdGVkX1+cvGEbCmtTO6i/pYjzgmflxidcuXxW8Ac=\"}},\"expDate\":\"2021-07-28 08:11:59\"}","level":"info"}
{"message":"25717dad-af25-487f-be0a-5cc204f6dc93[METODO->validarLogin][SQL]Executing (default): SELECT \"idpersona\", \"cedula\", \"nombre\", \"direccion\", \"telefono\", \"email\", \"clave\", \"activo\", \"createdAt\", \"updatedAt\" FROM \"autos\".\"personas\" AS \"personas\" WHERE \"personas\".\"cedula\" = '88230510';","level":"info"}
{"message":"25717dad-af25-487f-be0a-5cc204f6dc93[METODO->validarLogin][SQL]Executing (default): SELECT \"idpersona\", \"cedula\", \"nombre\", \"direccion\", \"telefono\", \"email\", \"activo\" FROM \"autos\".\"personas\" AS \"personas\" WHERE \"personas\".\"cedula\" = '88230510' AND \"personas\".\"clave\" = '456';","level":"info"}
{"message":"25717dad-af25-487f-be0a-5cc204f6dc93[METODO->validarLogin][SQL]Executing (default): SELECT \"rolesxpersona\".\"idrolesxpersona\", \"rolesxpersona\".\"idrol\", \"rolesxpersona\".\"idpersona\", \"rol\".\"idrol\" AS \"rol.idrol\", \"rol\".\"descripcion\" AS \"rol.descripcion\", \"persona\".\"idpersona\" AS \"persona.idpersona\", \"persona\".\"cedula\" AS \"persona.cedula\", \"persona\".\"nombre\" AS \"persona.nombre\", \"persona\".\"direccion\" AS \"persona.direccion\", \"persona\".\"telefono\" AS \"persona.telefono\", \"persona\".\"email\" AS \"persona.email\", \"persona\".\"clave\" AS \"persona.clave\", \"persona\".\"activo\" AS \"persona.activo\", \"persona\".\"createdAt\" AS \"persona.createdAt\", \"persona\".\"updatedAt\" AS \"persona.updatedAt\" FROM \"autos\".\"rolesxpersona\" AS \"rolesxpersona\" LEFT OUTER JOIN \"autos\".\"roles\" AS \"rol\" ON \"rolesxpersona\".\"idrol\" = \"rol\".\"idrol\" LEFT OUTER JOIN \"autos\".\"personas\" AS \"persona\" ON \"rolesxpersona\".\"idpersona\" = \"persona\".\"idpersona\" WHERE \"rolesxpersona\".\"idpersona\" = '2' AND \"rolesxpersona\".\"idrol\" = '1' ORDER BY \"rolesxpersona\".\"idrolesxpersona\";","level":"info"}
{"message":"25717dad-af25-487f-be0a-5cc204f6dc93[METODO->validarLogin][OK]->Consulta ok","level":"error"}
{"message":"a2093a6e-8ccf-45f1-a057-a79b0ef70ca0[METODO->validateMessage][BODY]{\"data\":{\"token\":\"dce1e6e8-ce2f-49b6-b330-1ee4d8c89a10\"},\"expDate\":\"2021-07-28 08:12:00\"}","level":"info"}
{"message":"a2093a6e-8ccf-45f1-a057-a79b0ef70ca0[METODO->getRolesXpersonas][OK]->consulta exitosa","level":"info"}
{"message":"149f8b69-420b-4717-b3e9-a12c770a5b2c[METODO->validateMessage][BODY]{\"data\":{\"token\":\"2ffac25a-97f8-4483-a392-15c7cc411143\"},\"expDate\":\"2021-07-28 08:25:20\"}","level":"info"}
{"message":"149f8b69-420b-4717-b3e9-a12c770a5b2c[METODO->getRolesXpersonas][OK]->consulta exitosa","level":"info"}
{"message":"4bcd8ad8-88ed-4e05-a483-67ff706b4ab7[METODO->validateMessage][BODY]{\"data\":{\"token\":\"fc13ed22-3a49-4f6c-80c0-68cc69e25534\"},\"expDate\":\"2021-07-28 08:26:19\"}","level":"info"}
{"message":"4bcd8ad8-88ed-4e05-a483-67ff706b4ab7[METODO->getRolesXpersonas][OK]->consulta exitosa","level":"info"}
