{"message":"You have successfully started working with winston and morgan","level":"info"}
{"message":"51b1b907-ba1a-421c-acfd-c41044cfb0d3[METODO->validateMessage][BODY]{\"data\":{\"requestLogin\":{\"idrol\":1,\"cedula\":\"88230510\",\"password\":\"123456789\"}},\"expDate\":\"2021-07-24 18:57:56\"}","level":"info"}
{"message":"51b1b907-ba1a-421c-acfd-c41044cfb0d3[METODO->validarLogin][SQL]Executing (default): SELECT \"idpersona\", \"cedula\", \"nombre\", \"direccion\", \"telefono\", \"email\", \"clave\", \"activo\" FROM \"autos\".\"personas\" AS \"personas\" WHERE \"personas\".\"cedula\" = '88230510';","level":"info"}
{"message":"51b1b907-ba1a-421c-acfd-c41044cfb0d3[METODO->validarLogin][SQL]Executing (default): SELECT \"idpersona\", \"cedula\", \"nombre\", \"direccion\", \"telefono\", \"email\", \"clave\", \"activo\" FROM \"autos\".\"personas\" AS \"personas\" WHERE \"personas\".\"cedula\" = '88230510' AND \"personas\".\"clave\" = '123456789';","level":"info"}
{"message":"51b1b907-ba1a-421c-acfd-c41044cfb0d3[METODO->validarLogin][ERROR]->No se encontraron datos con ese criterio de busqueda. Debe verificar su clave.","level":"error"}
{"message":"51b1b907-ba1a-421c-acfd-c41044cfb0d3[METODO->validarLogin][OK]->consulta exitosa","level":"info"}
{"message":"904ec978-e975-4f8e-b704-7b5a4331e911[METODO->validateMessage][BODY]{\"data\":{\"requestLogin\":{\"idrol\":1,\"cedula\":\"88230510\",\"password\":\"123456789\"}},\"expDate\":\"2021-07-24 18:57:56\"}","level":"info"}
{"message":"904ec978-e975-4f8e-b704-7b5a4331e911[METODO->validarLogin][SQL]Executing (default): SELECT \"idpersona\", \"cedula\", \"nombre\", \"direccion\", \"telefono\", \"email\", \"clave\", \"activo\" FROM \"autos\".\"personas\" AS \"personas\" WHERE \"personas\".\"cedula\" = '88230510';","level":"info"}
{"message":"904ec978-e975-4f8e-b704-7b5a4331e911[METODO->validarLogin][SQL]Executing (default): SELECT \"idpersona\", \"cedula\", \"nombre\", \"direccion\", \"telefono\", \"email\", \"clave\", \"activo\" FROM \"autos\".\"personas\" AS \"personas\" WHERE \"personas\".\"cedula\" = '88230510' AND \"personas\".\"clave\" = '123456789';","level":"info"}
{"message":"904ec978-e975-4f8e-b704-7b5a4331e911[METODO->validarLogin][OK]->Consulta ok","level":"error"}
{"message":"904ec978-e975-4f8e-b704-7b5a4331e911[METODO->validarLogin][OK]->consulta exitosa","level":"info"}
{"message":"affd96e0-b7a7-4832-a317-c7c837a92bb0[METODO->validateMessage][BODY]{\"data\":{\"requestLogin\":{\"idrol\":1,\"cedula\":\"88230510\",\"password\":\"123456789\"}},\"expDate\":\"2021-07-24 18:57:56\"}","level":"info"}
{"message":"affd96e0-b7a7-4832-a317-c7c837a92bb0[METODO->validarLogin][SQL]Executing (default): SELECT \"idpersona\", \"cedula\", \"nombre\", \"direccion\", \"telefono\", \"email\", \"clave\", \"activo\" FROM \"autos\".\"personas\" AS \"personas\" WHERE \"personas\".\"cedula\" = '88230510';","level":"info"}
{"message":"affd96e0-b7a7-4832-a317-c7c837a92bb0[METODO->validarLogin][SQL]Executing (default): SELECT \"idpersona\", \"cedula\", \"nombre\", \"direccion\", \"telefono\", \"email\", \"clave\", \"activo\" FROM \"autos\".\"personas\" AS \"personas\" WHERE \"personas\".\"cedula\" = '88230510' AND \"personas\".\"clave\" = '123456789';","level":"info"}
{"message":"affd96e0-b7a7-4832-a317-c7c837a92bb0[METODO->validarLogin][ERROR]->No se encontraron datos con ese criterio de busqueda. Debe verificar su clave.","level":"error"}
{"message":"affd96e0-b7a7-4832-a317-c7c837a92bb0[METODO->validarLogin][OK]->consulta exitosa","level":"info"}
{"message":"cd4fa1b1-9bb2-4f92-816a-e2cf66a9d662[METODO->validateMessage][BODY]{\"data\":{\"requestLogin\":{\"idrol\":1,\"cedula\":\"88230510\",\"password\":\"123456789\"}},\"expDate\":\"2021-07-24 18:57:56\"}","level":"info"}
{"message":"cd4fa1b1-9bb2-4f92-816a-e2cf66a9d662[METODO->validarLogin][SQL]Executing (default): SELECT \"idpersona\", \"cedula\", \"nombre\", \"direccion\", \"telefono\", \"email\", \"clave\", \"activo\" FROM \"autos\".\"personas\" AS \"personas\" WHERE \"personas\".\"cedula\" = '88230510';","level":"info"}
{"message":"cd4fa1b1-9bb2-4f92-816a-e2cf66a9d662[METODO->validarLogin][SQL]Executing (default): SELECT \"idpersona\", \"cedula\", \"nombre\", \"direccion\", \"telefono\", \"email\", \"clave\", \"activo\" FROM \"autos\".\"personas\" AS \"personas\" WHERE \"personas\".\"cedula\" = '88230510' AND \"personas\".\"clave\" = '123456789';","level":"info"}
{"message":"cd4fa1b1-9bb2-4f92-816a-e2cf66a9d662[METODO->validarLogin][OK]->Consulta ok","level":"error"}
{"message":"cd4fa1b1-9bb2-4f92-816a-e2cf66a9d662[METODO->validarLogin][OK]->consulta exitosa","level":"info"}
{"message":"9c0960aa-508e-4d64-9310-d210098d0795[METODO->validateMessage][BODY]{\"data\":{\"requestLogin\":{\"idrol\":1,\"cedula\":\"88230510\",\"password\":\"123456789\"}},\"expDate\":\"2021-07-24 18:57:56\"}","level":"info"}
{"message":"9c0960aa-508e-4d64-9310-d210098d0795[METODO->validarLogin][SQL]Executing (default): SELECT \"idpersona\", \"cedula\", \"nombre\", \"direccion\", \"telefono\", \"email\", \"clave\", \"activo\" FROM \"autos\".\"personas\" AS \"personas\" WHERE \"personas\".\"cedula\" = '88230510';","level":"info"}
{"message":"9c0960aa-508e-4d64-9310-d210098d0795[METODO->validarLogin][SQL]Executing (default): SELECT \"idpersona\", \"cedula\", \"nombre\", \"direccion\", \"telefono\", \"email\", \"clave\", \"activo\" FROM \"autos\".\"personas\" AS \"personas\" WHERE \"personas\".\"cedula\" = '88230510' AND \"personas\".\"clave\" = '123456789';","level":"info"}
{"message":"9c0960aa-508e-4d64-9310-d210098d0795[METODO->validarLogin][ERROR]->No se encontraron datos con ese criterio de busqueda. Debe verificar su clave.","level":"error"}
{"message":"9c0960aa-508e-4d64-9310-d210098d0795[METODO->validarLogin][OK]->consulta exitosa","level":"info"}
