{"message":"You have successfully started working with winston and morgan","level":"info"}
{"message":"c37d4d9b-d994-42ec-81da-0350071fdd4d[METODO->validateMessage][BODY]{\"data\":{\"requestLogin\":{\"idrol\":\"2\",\"cedula\":\"88230510\",\"clave\":\"U2FsdGVkX19L8RaKdhbsjJGS9R/X35vfTrp3cpa6zvg=\"}},\"expDate\":\"2021-07-25 08:53:30\"}","level":"info"}
{"message":"c37d4d9b-d994-42ec-81da-0350071fdd4d[METODO->validarLogin][SQL]Executing (default): SELECT \"idpersona\", \"cedula\", \"nombre\", \"direccion\", \"telefono\", \"email\", \"clave\", \"activo\" FROM \"autos\".\"personas\" AS \"personas\" WHERE \"personas\".\"cedula\" = '88230510';","level":"info"}
{"message":"c37d4d9b-d994-42ec-81da-0350071fdd4d[METODO->validarLogin][SQL]Executing (default): SELECT \"idpersona\", \"cedula\", \"nombre\", \"direccion\", \"telefono\", \"email\", \"activo\" FROM \"autos\".\"personas\" AS \"personas\" WHERE \"personas\".\"cedula\" = '88230510' AND \"personas\".\"clave\" = '456';","level":"info"}
{"message":"c37d4d9b-d994-42ec-81da-0350071fdd4d[METODO->validarLogin][SQL]Executing (default): SELECT \"rolesxpersona\".\"idrolesxpersona\", \"rolesxpersona\".\"idrol\", \"rolesxpersona\".\"idpersona\", \"rol\".\"idrol\" AS \"rol.idrol\", \"rol\".\"descripcion\" AS \"rol.descripcion\", \"persona\".\"idpersona\" AS \"persona.idpersona\", \"persona\".\"cedula\" AS \"persona.cedula\", \"persona\".\"nombre\" AS \"persona.nombre\", \"persona\".\"direccion\" AS \"persona.direccion\", \"persona\".\"telefono\" AS \"persona.telefono\", \"persona\".\"email\" AS \"persona.email\", \"persona\".\"clave\" AS \"persona.clave\", \"persona\".\"activo\" AS \"persona.activo\" FROM \"autos\".\"rolesxpersona\" AS \"rolesxpersona\" LEFT OUTER JOIN \"autos\".\"roles\" AS \"rol\" ON \"rolesxpersona\".\"idrol\" = \"rol\".\"idrol\" LEFT OUTER JOIN \"autos\".\"personas\" AS \"persona\" ON \"rolesxpersona\".\"idpersona\" = \"persona\".\"idpersona\" WHERE \"rolesxpersona\".\"idpersona\" = '2' AND \"rolesxpersona\".\"idrol\" = '2' ORDER BY \"rolesxpersona\".\"idrolesxpersona\";","level":"info"}
{"message":"c37d4d9b-d994-42ec-81da-0350071fdd4d[METODO->validarLogin][ERROR]->Aunque los datos de la persona fueron encontrados, esta no se encuentra relacionada con el rol seleccionado.","level":"error"}
{"message":"33c511da-3a99-4d65-a099-24b3c54149eb[METODO->validateMessage][BODY]{\"data\":{\"requestLogin\":{\"idrol\":\"1\",\"cedula\":\"88230510\",\"clave\":\"U2FsdGVkX1+pduMT/Pk7yuZHg+fe1qEuDTksyQtQ1/s=\"}},\"expDate\":\"2021-07-25 08:53:49\"}","level":"info"}
{"message":"33c511da-3a99-4d65-a099-24b3c54149eb[METODO->validarLogin][SQL]Executing (default): SELECT \"idpersona\", \"cedula\", \"nombre\", \"direccion\", \"telefono\", \"email\", \"clave\", \"activo\" FROM \"autos\".\"personas\" AS \"personas\" WHERE \"personas\".\"cedula\" = '88230510';","level":"info"}
{"message":"33c511da-3a99-4d65-a099-24b3c54149eb[METODO->validarLogin][SQL]Executing (default): SELECT \"idpersona\", \"cedula\", \"nombre\", \"direccion\", \"telefono\", \"email\", \"activo\" FROM \"autos\".\"personas\" AS \"personas\" WHERE \"personas\".\"cedula\" = '88230510' AND \"personas\".\"clave\" = '456';","level":"info"}
{"message":"33c511da-3a99-4d65-a099-24b3c54149eb[METODO->validarLogin][SQL]Executing (default): SELECT \"rolesxpersona\".\"idrolesxpersona\", \"rolesxpersona\".\"idrol\", \"rolesxpersona\".\"idpersona\", \"rol\".\"idrol\" AS \"rol.idrol\", \"rol\".\"descripcion\" AS \"rol.descripcion\", \"persona\".\"idpersona\" AS \"persona.idpersona\", \"persona\".\"cedula\" AS \"persona.cedula\", \"persona\".\"nombre\" AS \"persona.nombre\", \"persona\".\"direccion\" AS \"persona.direccion\", \"persona\".\"telefono\" AS \"persona.telefono\", \"persona\".\"email\" AS \"persona.email\", \"persona\".\"clave\" AS \"persona.clave\", \"persona\".\"activo\" AS \"persona.activo\" FROM \"autos\".\"rolesxpersona\" AS \"rolesxpersona\" LEFT OUTER JOIN \"autos\".\"roles\" AS \"rol\" ON \"rolesxpersona\".\"idrol\" = \"rol\".\"idrol\" LEFT OUTER JOIN \"autos\".\"personas\" AS \"persona\" ON \"rolesxpersona\".\"idpersona\" = \"persona\".\"idpersona\" WHERE \"rolesxpersona\".\"idpersona\" = '2' AND \"rolesxpersona\".\"idrol\" = '1' ORDER BY \"rolesxpersona\".\"idrolesxpersona\";","level":"info"}
{"message":"33c511da-3a99-4d65-a099-24b3c54149eb[METODO->validarLogin][OK]->Consulta ok","level":"error"}
{"message":"bdfca40c-4a5f-4770-9d2b-9e0c532a5040[METODO->validateMessage][BODY]{\"data\":{\"token\":\"f1d3854a-f477-47ef-8fc9-bd035b17a571\"},\"expDate\":\"2021-07-25 08:56:18\"}","level":"info"}
{"message":"bdfca40c-4a5f-4770-9d2b-9e0c532a5040[METODO->getRoles][SQL]Executing (default): SELECT \"idrol\", \"descripcion\" FROM \"autos\".\"roles\" AS \"roles\" ORDER BY \"roles\".\"descripcion\";","level":"info"}
{"message":"bdfca40c-4a5f-4770-9d2b-9e0c532a5040[METODO->getRoles][OK]->consulta exitosa","level":"info"}
{"message":"e0d378ad-f5d5-46ce-b94c-f11b8b7226f6[METODO->validateMessage][BODY]{\"data\":{\"requestLogin\":{\"idrol\":\"1\",\"cedula\":\"88230510\",\"clave\":\"U2FsdGVkX18rqxN9K902LhaKcd2xBcZM696xZ801x8Y=\"}},\"expDate\":\"2021-07-25 08:56:30\"}","level":"info"}
{"message":"e0d378ad-f5d5-46ce-b94c-f11b8b7226f6[METODO->validarLogin][SQL]Executing (default): SELECT \"idpersona\", \"cedula\", \"nombre\", \"direccion\", \"telefono\", \"email\", \"clave\", \"activo\" FROM \"autos\".\"personas\" AS \"personas\" WHERE \"personas\".\"cedula\" = '88230510';","level":"info"}
{"message":"e0d378ad-f5d5-46ce-b94c-f11b8b7226f6[METODO->validarLogin][SQL]Executing (default): SELECT \"idpersona\", \"cedula\", \"nombre\", \"direccion\", \"telefono\", \"email\", \"activo\" FROM \"autos\".\"personas\" AS \"personas\" WHERE \"personas\".\"cedula\" = '88230510' AND \"personas\".\"clave\" = '456';","level":"info"}
{"message":"e0d378ad-f5d5-46ce-b94c-f11b8b7226f6[METODO->validarLogin][SQL]Executing (default): SELECT \"rolesxpersona\".\"idrolesxpersona\", \"rolesxpersona\".\"idrol\", \"rolesxpersona\".\"idpersona\", \"rol\".\"idrol\" AS \"rol.idrol\", \"rol\".\"descripcion\" AS \"rol.descripcion\", \"persona\".\"idpersona\" AS \"persona.idpersona\", \"persona\".\"cedula\" AS \"persona.cedula\", \"persona\".\"nombre\" AS \"persona.nombre\", \"persona\".\"direccion\" AS \"persona.direccion\", \"persona\".\"telefono\" AS \"persona.telefono\", \"persona\".\"email\" AS \"persona.email\", \"persona\".\"clave\" AS \"persona.clave\", \"persona\".\"activo\" AS \"persona.activo\" FROM \"autos\".\"rolesxpersona\" AS \"rolesxpersona\" LEFT OUTER JOIN \"autos\".\"roles\" AS \"rol\" ON \"rolesxpersona\".\"idrol\" = \"rol\".\"idrol\" LEFT OUTER JOIN \"autos\".\"personas\" AS \"persona\" ON \"rolesxpersona\".\"idpersona\" = \"persona\".\"idpersona\" WHERE \"rolesxpersona\".\"idpersona\" = '2' AND \"rolesxpersona\".\"idrol\" = '1' ORDER BY \"rolesxpersona\".\"idrolesxpersona\";","level":"info"}
{"message":"e0d378ad-f5d5-46ce-b94c-f11b8b7226f6[METODO->validarLogin][OK]->Consulta ok","level":"error"}
{"message":"6c358f21-2dfd-48b9-9dfa-08f70f6da0d5[METODO->validateMessage][BODY]{\"data\":{\"token\":\"4ac2a561-a2b1-4f4c-8301-4d2bbe7fd640\"},\"expDate\":\"2021-07-25 09:02:52\"}","level":"info"}
{"message":"6c358f21-2dfd-48b9-9dfa-08f70f6da0d5[METODO->getRoles][SQL]Executing (default): SELECT \"idrol\", \"descripcion\" FROM \"autos\".\"roles\" AS \"roles\" ORDER BY \"roles\".\"descripcion\";","level":"info"}
{"message":"6c358f21-2dfd-48b9-9dfa-08f70f6da0d5[METODO->getRoles][OK]->consulta exitosa","level":"info"}
{"message":"e885e5c9-ade4-44e9-9cef-4aa202cb4c8d[METODO->validateMessage][BODY]{\"data\":{\"requestLogin\":{\"idrol\":\"1\",\"cedula\":\"88230510\",\"clave\":\"U2FsdGVkX199xhTYz8vlLd4Ok4LUyBoX8DRpIhLOFdQ=\"}},\"expDate\":\"2021-07-25 09:07:26\"}","level":"info"}
{"message":"e885e5c9-ade4-44e9-9cef-4aa202cb4c8d[METODO->validarLogin][SQL]Executing (default): SELECT \"idpersona\", \"cedula\", \"nombre\", \"direccion\", \"telefono\", \"email\", \"clave\", \"activo\" FROM \"autos\".\"personas\" AS \"personas\" WHERE \"personas\".\"cedula\" = '88230510';","level":"info"}
{"message":"e885e5c9-ade4-44e9-9cef-4aa202cb4c8d[METODO->validarLogin][SQL]Executing (default): SELECT \"idpersona\", \"cedula\", \"nombre\", \"direccion\", \"telefono\", \"email\", \"activo\" FROM \"autos\".\"personas\" AS \"personas\" WHERE \"personas\".\"cedula\" = '88230510' AND \"personas\".\"clave\" = '456';","level":"info"}
{"message":"e885e5c9-ade4-44e9-9cef-4aa202cb4c8d[METODO->validarLogin][SQL]Executing (default): SELECT \"rolesxpersona\".\"idrolesxpersona\", \"rolesxpersona\".\"idrol\", \"rolesxpersona\".\"idpersona\", \"rol\".\"idrol\" AS \"rol.idrol\", \"rol\".\"descripcion\" AS \"rol.descripcion\", \"persona\".\"idpersona\" AS \"persona.idpersona\", \"persona\".\"cedula\" AS \"persona.cedula\", \"persona\".\"nombre\" AS \"persona.nombre\", \"persona\".\"direccion\" AS \"persona.direccion\", \"persona\".\"telefono\" AS \"persona.telefono\", \"persona\".\"email\" AS \"persona.email\", \"persona\".\"clave\" AS \"persona.clave\", \"persona\".\"activo\" AS \"persona.activo\" FROM \"autos\".\"rolesxpersona\" AS \"rolesxpersona\" LEFT OUTER JOIN \"autos\".\"roles\" AS \"rol\" ON \"rolesxpersona\".\"idrol\" = \"rol\".\"idrol\" LEFT OUTER JOIN \"autos\".\"personas\" AS \"persona\" ON \"rolesxpersona\".\"idpersona\" = \"persona\".\"idpersona\" WHERE \"rolesxpersona\".\"idpersona\" = '2' AND \"rolesxpersona\".\"idrol\" = '1' ORDER BY \"rolesxpersona\".\"idrolesxpersona\";","level":"info"}
{"message":"e885e5c9-ade4-44e9-9cef-4aa202cb4c8d[METODO->validarLogin][OK]->Consulta ok","level":"error"}
{"message":"ac890014-9483-4dd8-a0e0-f4ab0ba6d18b[METODO->validateMessage][BODY]{\"data\":{\"token\":\"f27a7b1f-158e-4730-8aff-ca6734b45bc8\"},\"expDate\":\"2021-07-25 09:16:28\"}","level":"info"}
{"message":"ac890014-9483-4dd8-a0e0-f4ab0ba6d18b[METODO->getRoles][SQL]Executing (default): SELECT \"idrol\", \"descripcion\" FROM \"autos\".\"roles\" AS \"roles\" ORDER BY \"roles\".\"descripcion\";","level":"info"}
{"message":"ac890014-9483-4dd8-a0e0-f4ab0ba6d18b[METODO->getRoles][OK]->consulta exitosa","level":"info"}
{"message":"0af8084d-3a49-49f0-87d6-5a1e0e0773be[METODO->validateMessage][BODY]{\"data\":{\"token\":\"282e8496-8caa-4253-95f4-9d9421caed28\"},\"expDate\":\"2021-07-25 09:22:20\"}","level":"info"}
{"message":"0af8084d-3a49-49f0-87d6-5a1e0e0773be[METODO->getRoles][SQL]Executing (default): SELECT \"idrol\", \"descripcion\" FROM \"autos\".\"roles\" AS \"roles\" ORDER BY \"roles\".\"descripcion\";","level":"info"}
{"message":"0af8084d-3a49-49f0-87d6-5a1e0e0773be[METODO->getRoles][OK]->consulta exitosa","level":"info"}
{"message":"e8edf2b7-f9f3-4daa-a57d-709e0a6442f3[METODO->validateMessage][BODY]{\"data\":{\"token\":\"06276e9d-c2eb-48bb-b0e4-1c790fbb3c01\"},\"expDate\":\"2021-07-25 09:23:52\"}","level":"info"}
{"message":"e8edf2b7-f9f3-4daa-a57d-709e0a6442f3[METODO->getRoles][SQL]Executing (default): SELECT \"idrol\", \"descripcion\" FROM \"autos\".\"roles\" AS \"roles\" ORDER BY \"roles\".\"descripcion\";","level":"info"}
{"message":"e8edf2b7-f9f3-4daa-a57d-709e0a6442f3[METODO->getRoles][OK]->consulta exitosa","level":"info"}
{"message":"5a40a1b2-4f15-4966-983d-393ffb03fa82[METODO->validateMessage][BODY]{\"data\":{\"token\":\"5833e1b4-a629-4e3c-9a47-9f4f67a5d046\"},\"expDate\":\"2021-07-25 09:23:55\"}","level":"info"}
{"message":"5a40a1b2-4f15-4966-983d-393ffb03fa82[METODO->getRoles][SQL]Executing (default): SELECT \"idrol\", \"descripcion\" FROM \"autos\".\"roles\" AS \"roles\" ORDER BY \"roles\".\"descripcion\";","level":"info"}
{"message":"5a40a1b2-4f15-4966-983d-393ffb03fa82[METODO->getRoles][OK]->consulta exitosa","level":"info"}
{"message":"2cc67000-dbd4-498a-97af-fce41ac05c73[METODO->validateMessage][BODY]{\"data\":{\"token\":\"b595faf0-a9bb-4c70-b11e-cf3b5b35a229\"},\"expDate\":\"2021-07-25 09:24:02\"}","level":"info"}
{"message":"2cc67000-dbd4-498a-97af-fce41ac05c73[METODO->getRoles][SQL]Executing (default): SELECT \"idrol\", \"descripcion\" FROM \"autos\".\"roles\" AS \"roles\" ORDER BY \"roles\".\"descripcion\";","level":"info"}
{"message":"2cc67000-dbd4-498a-97af-fce41ac05c73[METODO->getRoles][OK]->consulta exitosa","level":"info"}
{"message":"0cb60054-9774-4778-87db-da61a60ca028[METODO->validateMessage][BODY]{\"data\":{\"requestLogin\":{\"idrol\":\"1\",\"cedula\":\"88230510\",\"clave\":\"U2FsdGVkX1+/U9kQmIESE0W6qDXWXTGimURG+oQ1dpo=\"}},\"expDate\":\"2021-07-25 09:24:20\"}","level":"info"}
{"message":"0cb60054-9774-4778-87db-da61a60ca028[METODO->validarLogin][SQL]Executing (default): SELECT \"idpersona\", \"cedula\", \"nombre\", \"direccion\", \"telefono\", \"email\", \"clave\", \"activo\" FROM \"autos\".\"personas\" AS \"personas\" WHERE \"personas\".\"cedula\" = '88230510';","level":"info"}
{"message":"0cb60054-9774-4778-87db-da61a60ca028[METODO->validarLogin][SQL]Executing (default): SELECT \"idpersona\", \"cedula\", \"nombre\", \"direccion\", \"telefono\", \"email\", \"activo\" FROM \"autos\".\"personas\" AS \"personas\" WHERE \"personas\".\"cedula\" = '88230510' AND \"personas\".\"clave\" = '456';","level":"info"}
{"message":"0cb60054-9774-4778-87db-da61a60ca028[METODO->validarLogin][SQL]Executing (default): SELECT \"rolesxpersona\".\"idrolesxpersona\", \"rolesxpersona\".\"idrol\", \"rolesxpersona\".\"idpersona\", \"rol\".\"idrol\" AS \"rol.idrol\", \"rol\".\"descripcion\" AS \"rol.descripcion\", \"persona\".\"idpersona\" AS \"persona.idpersona\", \"persona\".\"cedula\" AS \"persona.cedula\", \"persona\".\"nombre\" AS \"persona.nombre\", \"persona\".\"direccion\" AS \"persona.direccion\", \"persona\".\"telefono\" AS \"persona.telefono\", \"persona\".\"email\" AS \"persona.email\", \"persona\".\"clave\" AS \"persona.clave\", \"persona\".\"activo\" AS \"persona.activo\" FROM \"autos\".\"rolesxpersona\" AS \"rolesxpersona\" LEFT OUTER JOIN \"autos\".\"roles\" AS \"rol\" ON \"rolesxpersona\".\"idrol\" = \"rol\".\"idrol\" LEFT OUTER JOIN \"autos\".\"personas\" AS \"persona\" ON \"rolesxpersona\".\"idpersona\" = \"persona\".\"idpersona\" WHERE \"rolesxpersona\".\"idpersona\" = '2' AND \"rolesxpersona\".\"idrol\" = '1' ORDER BY \"rolesxpersona\".\"idrolesxpersona\";","level":"info"}
{"message":"0cb60054-9774-4778-87db-da61a60ca028[METODO->validarLogin][OK]->Consulta ok","level":"error"}
{"message":"a6162134-455b-435f-9da9-3e49cb108cd1[METODO->validateMessage][BODY]{\"data\":{\"requestLogin\":{\"idrol\":\"1\",\"cedula\":\"88230510\",\"clave\":\"U2FsdGVkX1+hw+FOi5AF+In7Owi7hlWe4kDHAcSdCck=\"}},\"expDate\":\"2021-07-25 09:24:24\"}","level":"info"}
{"message":"a6162134-455b-435f-9da9-3e49cb108cd1[METODO->validarLogin][SQL]Executing (default): SELECT \"idpersona\", \"cedula\", \"nombre\", \"direccion\", \"telefono\", \"email\", \"clave\", \"activo\" FROM \"autos\".\"personas\" AS \"personas\" WHERE \"personas\".\"cedula\" = '88230510';","level":"info"}
{"message":"a6162134-455b-435f-9da9-3e49cb108cd1[METODO->validarLogin][SQL]Executing (default): SELECT \"idpersona\", \"cedula\", \"nombre\", \"direccion\", \"telefono\", \"email\", \"activo\" FROM \"autos\".\"personas\" AS \"personas\" WHERE \"personas\".\"cedula\" = '88230510' AND \"personas\".\"clave\" = '456';","level":"info"}
{"message":"a6162134-455b-435f-9da9-3e49cb108cd1[METODO->validarLogin][SQL]Executing (default): SELECT \"rolesxpersona\".\"idrolesxpersona\", \"rolesxpersona\".\"idrol\", \"rolesxpersona\".\"idpersona\", \"rol\".\"idrol\" AS \"rol.idrol\", \"rol\".\"descripcion\" AS \"rol.descripcion\", \"persona\".\"idpersona\" AS \"persona.idpersona\", \"persona\".\"cedula\" AS \"persona.cedula\", \"persona\".\"nombre\" AS \"persona.nombre\", \"persona\".\"direccion\" AS \"persona.direccion\", \"persona\".\"telefono\" AS \"persona.telefono\", \"persona\".\"email\" AS \"persona.email\", \"persona\".\"clave\" AS \"persona.clave\", \"persona\".\"activo\" AS \"persona.activo\" FROM \"autos\".\"rolesxpersona\" AS \"rolesxpersona\" LEFT OUTER JOIN \"autos\".\"roles\" AS \"rol\" ON \"rolesxpersona\".\"idrol\" = \"rol\".\"idrol\" LEFT OUTER JOIN \"autos\".\"personas\" AS \"persona\" ON \"rolesxpersona\".\"idpersona\" = \"persona\".\"idpersona\" WHERE \"rolesxpersona\".\"idpersona\" = '2' AND \"rolesxpersona\".\"idrol\" = '1' ORDER BY \"rolesxpersona\".\"idrolesxpersona\";","level":"info"}
{"message":"a6162134-455b-435f-9da9-3e49cb108cd1[METODO->validarLogin][OK]->Consulta ok","level":"error"}
{"message":"27a734c2-caad-46ca-935f-be72a6e3f1ec[METODO->validateMessage][BODY]{\"data\":{\"token\":\"606eed5e-0149-459a-acc5-28d3d924001d\"},\"expDate\":\"2021-07-25 09:24:54\"}","level":"info"}
{"message":"27a734c2-caad-46ca-935f-be72a6e3f1ec[METODO->getRoles][SQL]Executing (default): SELECT \"idrol\", \"descripcion\" FROM \"autos\".\"roles\" AS \"roles\" ORDER BY \"roles\".\"descripcion\";","level":"info"}
{"message":"27a734c2-caad-46ca-935f-be72a6e3f1ec[METODO->getRoles][OK]->consulta exitosa","level":"info"}
{"message":"2c7be629-396a-4daa-9969-6dd28c30dad2[METODO->validateMessage][BODY]{\"data\":{\"requestLogin\":{\"idrol\":\"1\",\"cedula\":\"88230510\",\"clave\":\"U2FsdGVkX18xRHhRYaBR4v6/5pdLSURgcStvQuw6dt8=\"}},\"expDate\":\"2021-07-25 09:25:03\"}","level":"info"}
{"message":"2c7be629-396a-4daa-9969-6dd28c30dad2[METODO->validarLogin][SQL]Executing (default): SELECT \"idpersona\", \"cedula\", \"nombre\", \"direccion\", \"telefono\", \"email\", \"clave\", \"activo\" FROM \"autos\".\"personas\" AS \"personas\" WHERE \"personas\".\"cedula\" = '88230510';","level":"info"}
{"message":"2c7be629-396a-4daa-9969-6dd28c30dad2[METODO->validarLogin][SQL]Executing (default): SELECT \"idpersona\", \"cedula\", \"nombre\", \"direccion\", \"telefono\", \"email\", \"activo\" FROM \"autos\".\"personas\" AS \"personas\" WHERE \"personas\".\"cedula\" = '88230510' AND \"personas\".\"clave\" = '456';","level":"info"}
{"message":"2c7be629-396a-4daa-9969-6dd28c30dad2[METODO->validarLogin][SQL]Executing (default): SELECT \"rolesxpersona\".\"idrolesxpersona\", \"rolesxpersona\".\"idrol\", \"rolesxpersona\".\"idpersona\", \"rol\".\"idrol\" AS \"rol.idrol\", \"rol\".\"descripcion\" AS \"rol.descripcion\", \"persona\".\"idpersona\" AS \"persona.idpersona\", \"persona\".\"cedula\" AS \"persona.cedula\", \"persona\".\"nombre\" AS \"persona.nombre\", \"persona\".\"direccion\" AS \"persona.direccion\", \"persona\".\"telefono\" AS \"persona.telefono\", \"persona\".\"email\" AS \"persona.email\", \"persona\".\"clave\" AS \"persona.clave\", \"persona\".\"activo\" AS \"persona.activo\" FROM \"autos\".\"rolesxpersona\" AS \"rolesxpersona\" LEFT OUTER JOIN \"autos\".\"roles\" AS \"rol\" ON \"rolesxpersona\".\"idrol\" = \"rol\".\"idrol\" LEFT OUTER JOIN \"autos\".\"personas\" AS \"persona\" ON \"rolesxpersona\".\"idpersona\" = \"persona\".\"idpersona\" WHERE \"rolesxpersona\".\"idpersona\" = '2' AND \"rolesxpersona\".\"idrol\" = '1' ORDER BY \"rolesxpersona\".\"idrolesxpersona\";","level":"info"}
{"message":"2c7be629-396a-4daa-9969-6dd28c30dad2[METODO->validarLogin][OK]->Consulta ok","level":"error"}
{"message":"3224f5ff-ed01-4eca-aaa0-c6f53e1a7e7f[METODO->validateMessage][BODY]{\"data\":{\"token\":\"c4ada44c-3c42-4206-9f6f-fbdc18a1b3ae\"},\"expDate\":\"2021-07-25 09:35:15\"}","level":"info"}
{"message":"3224f5ff-ed01-4eca-aaa0-c6f53e1a7e7f[METODO->getRoles][SQL]Executing (default): SELECT \"idrol\", \"descripcion\" FROM \"autos\".\"roles\" AS \"roles\" ORDER BY \"roles\".\"descripcion\";","level":"info"}
{"message":"3224f5ff-ed01-4eca-aaa0-c6f53e1a7e7f[METODO->getRoles][OK]->consulta exitosa","level":"info"}
{"message":"a68f9f41-a293-44ac-b232-50cfadb2992d[METODO->validateMessage][BODY]{\"data\":{\"requestLogin\":{\"idrol\":\"1\",\"cedula\":\"88230510\",\"clave\":\"U2FsdGVkX19DbsK2jtqc5EhsEG/9ySFUiEJXibU6eyY=\"}},\"expDate\":\"2021-07-25 09:39:05\"}","level":"info"}
{"message":"a68f9f41-a293-44ac-b232-50cfadb2992d[METODO->validarLogin][SQL]Executing (default): SELECT \"idpersona\", \"cedula\", \"nombre\", \"direccion\", \"telefono\", \"email\", \"clave\", \"activo\" FROM \"autos\".\"personas\" AS \"personas\" WHERE \"personas\".\"cedula\" = '88230510';","level":"info"}
{"message":"a68f9f41-a293-44ac-b232-50cfadb2992d[METODO->validarLogin][SQL]Executing (default): SELECT \"idpersona\", \"cedula\", \"nombre\", \"direccion\", \"telefono\", \"email\", \"activo\" FROM \"autos\".\"personas\" AS \"personas\" WHERE \"personas\".\"cedula\" = '88230510' AND \"personas\".\"clave\" = '456';","level":"info"}
{"message":"a68f9f41-a293-44ac-b232-50cfadb2992d[METODO->validarLogin][SQL]Executing (default): SELECT \"rolesxpersona\".\"idrolesxpersona\", \"rolesxpersona\".\"idrol\", \"rolesxpersona\".\"idpersona\", \"rol\".\"idrol\" AS \"rol.idrol\", \"rol\".\"descripcion\" AS \"rol.descripcion\", \"persona\".\"idpersona\" AS \"persona.idpersona\", \"persona\".\"cedula\" AS \"persona.cedula\", \"persona\".\"nombre\" AS \"persona.nombre\", \"persona\".\"direccion\" AS \"persona.direccion\", \"persona\".\"telefono\" AS \"persona.telefono\", \"persona\".\"email\" AS \"persona.email\", \"persona\".\"clave\" AS \"persona.clave\", \"persona\".\"activo\" AS \"persona.activo\" FROM \"autos\".\"rolesxpersona\" AS \"rolesxpersona\" LEFT OUTER JOIN \"autos\".\"roles\" AS \"rol\" ON \"rolesxpersona\".\"idrol\" = \"rol\".\"idrol\" LEFT OUTER JOIN \"autos\".\"personas\" AS \"persona\" ON \"rolesxpersona\".\"idpersona\" = \"persona\".\"idpersona\" WHERE \"rolesxpersona\".\"idpersona\" = '2' AND \"rolesxpersona\".\"idrol\" = '1' ORDER BY \"rolesxpersona\".\"idrolesxpersona\";","level":"info"}
{"message":"a68f9f41-a293-44ac-b232-50cfadb2992d[METODO->validarLogin][OK]->Consulta ok","level":"error"}
{"message":"3c173963-fb74-488e-82c3-5eabe476adfa[METODO->validateMessage][BODY]{\"data\":{\"token\":\"4c68f151-4a22-4817-9855-883c222582d4\"},\"expDate\":\"2021-07-25 09:44:12\"}","level":"info"}
{"message":"3c173963-fb74-488e-82c3-5eabe476adfa[METODO->getRoles][SQL]Executing (default): SELECT \"idrol\", \"descripcion\" FROM \"autos\".\"roles\" AS \"roles\" ORDER BY \"roles\".\"descripcion\";","level":"info"}
{"message":"3c173963-fb74-488e-82c3-5eabe476adfa[METODO->getRoles][OK]->consulta exitosa","level":"info"}
{"message":"cb2e8489-8cb4-4b4b-9059-0998010f6db4[METODO->validateMessage][BODY]{\"data\":{\"token\":\"92abbe7a-82f4-440d-8be7-5a357ff66f26\"},\"expDate\":\"2021-07-25 09:44:30\"}","level":"info"}
{"message":"cb2e8489-8cb4-4b4b-9059-0998010f6db4[METODO->getRoles][SQL]Executing (default): SELECT \"idrol\", \"descripcion\" FROM \"autos\".\"roles\" AS \"roles\" ORDER BY \"roles\".\"descripcion\";","level":"info"}
{"message":"cb2e8489-8cb4-4b4b-9059-0998010f6db4[METODO->getRoles][OK]->consulta exitosa","level":"info"}
{"message":"2c7e8a6c-45fe-4e36-af1f-b563854c3da0[METODO->validateMessage][BODY]{\"data\":{\"token\":\"11dd439b-cbcf-4097-91cb-74e7442c74d3\"},\"expDate\":\"2021-07-25 09:44:33\"}","level":"info"}
{"message":"2c7e8a6c-45fe-4e36-af1f-b563854c3da0[METODO->getRoles][SQL]Executing (default): SELECT \"idrol\", \"descripcion\" FROM \"autos\".\"roles\" AS \"roles\" ORDER BY \"roles\".\"descripcion\";","level":"info"}
{"message":"2c7e8a6c-45fe-4e36-af1f-b563854c3da0[METODO->getRoles][OK]->consulta exitosa","level":"info"}
{"message":"084c73e0-1726-4f94-8287-96c306180b4a[METODO->validateMessage][BODY]{\"data\":{\"token\":\"a3fb14a5-cd2e-4e6f-8439-839f4e11b461\"},\"expDate\":\"2021-07-25 09:45:10\"}","level":"info"}
{"message":"084c73e0-1726-4f94-8287-96c306180b4a[METODO->getRoles][SQL]Executing (default): SELECT \"idrol\", \"descripcion\" FROM \"autos\".\"roles\" AS \"roles\" ORDER BY \"roles\".\"descripcion\";","level":"info"}
{"message":"084c73e0-1726-4f94-8287-96c306180b4a[METODO->getRoles][OK]->consulta exitosa","level":"info"}
{"message":"11ce004a-6488-4a22-907a-e88985c9d536[METODO->validateMessage][BODY]{\"data\":{\"token\":\"8d03e5e5-a07e-493b-954d-d6d95d05b3c4\"},\"expDate\":\"2021-07-25 09:46:05\"}","level":"info"}
{"message":"11ce004a-6488-4a22-907a-e88985c9d536[METODO->getRoles][SQL]Executing (default): SELECT \"idrol\", \"descripcion\" FROM \"autos\".\"roles\" AS \"roles\" ORDER BY \"roles\".\"descripcion\";","level":"info"}
{"message":"11ce004a-6488-4a22-907a-e88985c9d536[METODO->getRoles][OK]->consulta exitosa","level":"info"}
{"message":"bc4fa010-b7e7-4eee-bddb-d5f0ffd112fd[METODO->validateMessage][BODY]{\"data\":{\"token\":\"a379f261-fcc6-4a34-8f15-17d25bf5f8b0\"},\"expDate\":\"2021-07-25 09:46:28\"}","level":"info"}
{"message":"bc4fa010-b7e7-4eee-bddb-d5f0ffd112fd[METODO->getRoles][SQL]Executing (default): SELECT \"idrol\", \"descripcion\" FROM \"autos\".\"roles\" AS \"roles\" ORDER BY \"roles\".\"descripcion\";","level":"info"}
{"message":"bc4fa010-b7e7-4eee-bddb-d5f0ffd112fd[METODO->getRoles][OK]->consulta exitosa","level":"info"}
{"message":"0efe6947-6d0d-40b3-9c5c-8ab2ebfae7a6[METODO->validateMessage][BODY]{\"data\":{\"token\":\"01396920-9cf8-4455-9e63-aa73e48b02bd\"},\"expDate\":\"2021-07-25 09:53:26\"}","level":"info"}
{"message":"0efe6947-6d0d-40b3-9c5c-8ab2ebfae7a6[METODO->getRoles][SQL]Executing (default): SELECT \"idrol\", \"descripcion\" FROM \"autos\".\"roles\" AS \"roles\" ORDER BY \"roles\".\"descripcion\";","level":"info"}
{"message":"0efe6947-6d0d-40b3-9c5c-8ab2ebfae7a6[METODO->getRoles][OK]->consulta exitosa","level":"info"}
{"message":"309808da-27c0-444b-9269-74f9e03aa9be[METODO->validateMessage][BODY]{\"data\":{\"requestLogin\":{\"idrol\":\"1\",\"cedula\":\"88230510\",\"clave\":\"U2FsdGVkX18M9UTb+V5iYtX62F17tZeUkOwKQEOWhCA=\"}},\"expDate\":\"2021-07-25 09:53:35\"}","level":"info"}
{"message":"309808da-27c0-444b-9269-74f9e03aa9be[METODO->validarLogin][SQL]Executing (default): SELECT \"idpersona\", \"cedula\", \"nombre\", \"direccion\", \"telefono\", \"email\", \"clave\", \"activo\" FROM \"autos\".\"personas\" AS \"personas\" WHERE \"personas\".\"cedula\" = '88230510';","level":"info"}
{"message":"309808da-27c0-444b-9269-74f9e03aa9be[METODO->validarLogin][SQL]Executing (default): SELECT \"idpersona\", \"cedula\", \"nombre\", \"direccion\", \"telefono\", \"email\", \"activo\" FROM \"autos\".\"personas\" AS \"personas\" WHERE \"personas\".\"cedula\" = '88230510' AND \"personas\".\"clave\" = '456';","level":"info"}
{"message":"309808da-27c0-444b-9269-74f9e03aa9be[METODO->validarLogin][SQL]Executing (default): SELECT \"rolesxpersona\".\"idrolesxpersona\", \"rolesxpersona\".\"idrol\", \"rolesxpersona\".\"idpersona\", \"rol\".\"idrol\" AS \"rol.idrol\", \"rol\".\"descripcion\" AS \"rol.descripcion\", \"persona\".\"idpersona\" AS \"persona.idpersona\", \"persona\".\"cedula\" AS \"persona.cedula\", \"persona\".\"nombre\" AS \"persona.nombre\", \"persona\".\"direccion\" AS \"persona.direccion\", \"persona\".\"telefono\" AS \"persona.telefono\", \"persona\".\"email\" AS \"persona.email\", \"persona\".\"clave\" AS \"persona.clave\", \"persona\".\"activo\" AS \"persona.activo\" FROM \"autos\".\"rolesxpersona\" AS \"rolesxpersona\" LEFT OUTER JOIN \"autos\".\"roles\" AS \"rol\" ON \"rolesxpersona\".\"idrol\" = \"rol\".\"idrol\" LEFT OUTER JOIN \"autos\".\"personas\" AS \"persona\" ON \"rolesxpersona\".\"idpersona\" = \"persona\".\"idpersona\" WHERE \"rolesxpersona\".\"idpersona\" = '2' AND \"rolesxpersona\".\"idrol\" = '1' ORDER BY \"rolesxpersona\".\"idrolesxpersona\";","level":"info"}
{"message":"309808da-27c0-444b-9269-74f9e03aa9be[METODO->validarLogin][OK]->Consulta ok","level":"error"}
{"message":"6d4dd899-56a5-440b-aff5-e66dfa047551[METODO->validateMessage][BODY]{\"data\":{\"token\":\"a5c88e6b-bc42-418e-ba4b-77fc218a4aa1\"},\"expDate\":\"2021-07-25 09:53:45\"}","level":"info"}
{"message":"6d4dd899-56a5-440b-aff5-e66dfa047551[METODO->getRoles][SQL]Executing (default): SELECT \"idrol\", \"descripcion\" FROM \"autos\".\"roles\" AS \"roles\" ORDER BY \"roles\".\"descripcion\";","level":"info"}
{"message":"6d4dd899-56a5-440b-aff5-e66dfa047551[METODO->getRoles][OK]->consulta exitosa","level":"info"}
{"message":"ac3813f3-4abf-4fd4-b059-3ed6828018df[METODO->validateMessage][BODY]{\"data\":{\"requestLogin\":{\"idrol\":\"1\",\"cedula\":\"88230510\",\"clave\":\"U2FsdGVkX19d8S6hnn5z+MAv9lwvuKXEOKsFzXfSVAE=\"}},\"expDate\":\"2021-07-25 09:54:15\"}","level":"info"}
{"message":"ac3813f3-4abf-4fd4-b059-3ed6828018df[METODO->validarLogin][SQL]Executing (default): SELECT \"idpersona\", \"cedula\", \"nombre\", \"direccion\", \"telefono\", \"email\", \"clave\", \"activo\" FROM \"autos\".\"personas\" AS \"personas\" WHERE \"personas\".\"cedula\" = '88230510';","level":"info"}
{"message":"ac3813f3-4abf-4fd4-b059-3ed6828018df[METODO->validarLogin][SQL]Executing (default): SELECT \"idpersona\", \"cedula\", \"nombre\", \"direccion\", \"telefono\", \"email\", \"activo\" FROM \"autos\".\"personas\" AS \"personas\" WHERE \"personas\".\"cedula\" = '88230510' AND \"personas\".\"clave\" = '456';","level":"info"}
{"message":"ac3813f3-4abf-4fd4-b059-3ed6828018df[METODO->validarLogin][SQL]Executing (default): SELECT \"rolesxpersona\".\"idrolesxpersona\", \"rolesxpersona\".\"idrol\", \"rolesxpersona\".\"idpersona\", \"rol\".\"idrol\" AS \"rol.idrol\", \"rol\".\"descripcion\" AS \"rol.descripcion\", \"persona\".\"idpersona\" AS \"persona.idpersona\", \"persona\".\"cedula\" AS \"persona.cedula\", \"persona\".\"nombre\" AS \"persona.nombre\", \"persona\".\"direccion\" AS \"persona.direccion\", \"persona\".\"telefono\" AS \"persona.telefono\", \"persona\".\"email\" AS \"persona.email\", \"persona\".\"clave\" AS \"persona.clave\", \"persona\".\"activo\" AS \"persona.activo\" FROM \"autos\".\"rolesxpersona\" AS \"rolesxpersona\" LEFT OUTER JOIN \"autos\".\"roles\" AS \"rol\" ON \"rolesxpersona\".\"idrol\" = \"rol\".\"idrol\" LEFT OUTER JOIN \"autos\".\"personas\" AS \"persona\" ON \"rolesxpersona\".\"idpersona\" = \"persona\".\"idpersona\" WHERE \"rolesxpersona\".\"idpersona\" = '2' AND \"rolesxpersona\".\"idrol\" = '1' ORDER BY \"rolesxpersona\".\"idrolesxpersona\";","level":"info"}
{"message":"ac3813f3-4abf-4fd4-b059-3ed6828018df[METODO->validarLogin][OK]->Consulta ok","level":"error"}
{"message":"9ff6e7b4-2e08-4e8a-848b-6b9d407e57f7[METODO->validateMessage][BODY]{\"data\":{\"token\":\"c5c7d31a-6240-407e-ab76-38371f94523d\"},\"expDate\":\"2021-07-25 09:55:09\"}","level":"info"}
{"message":"9ff6e7b4-2e08-4e8a-848b-6b9d407e57f7[METODO->getRoles][SQL]Executing (default): SELECT \"idrol\", \"descripcion\" FROM \"autos\".\"roles\" AS \"roles\" ORDER BY \"roles\".\"descripcion\";","level":"info"}
{"message":"9ff6e7b4-2e08-4e8a-848b-6b9d407e57f7[METODO->getRoles][OK]->consulta exitosa","level":"info"}
{"message":"e7f12cfb-6d22-4bbb-bf3c-9f75dd15daec[METODO->validateMessage][BODY]{\"data\":{\"token\":\"918b703d-da2c-455a-ad26-3ff2f4e16324\"},\"expDate\":\"2021-07-25 09:56:51\"}","level":"info"}
{"message":"e7f12cfb-6d22-4bbb-bf3c-9f75dd15daec[METODO->getRoles][SQL]Executing (default): SELECT \"idrol\", \"descripcion\" FROM \"autos\".\"roles\" AS \"roles\" ORDER BY \"roles\".\"descripcion\";","level":"info"}
{"message":"e7f12cfb-6d22-4bbb-bf3c-9f75dd15daec[METODO->getRoles][OK]->consulta exitosa","level":"info"}
{"message":"df2589d3-2b2f-48fb-ab9f-5ef18be3a35e[METODO->validateMessage][BODY]{\"data\":{\"token\":\"a1293ad7-1cfe-44aa-9262-9f0eb936b10a\"},\"expDate\":\"2021-07-25 09:59:47\"}","level":"info"}
{"message":"df2589d3-2b2f-48fb-ab9f-5ef18be3a35e[METODO->getRoles][SQL]Executing (default): SELECT \"idrol\", \"descripcion\" FROM \"autos\".\"roles\" AS \"roles\" ORDER BY \"roles\".\"descripcion\";","level":"info"}
{"message":"df2589d3-2b2f-48fb-ab9f-5ef18be3a35e[METODO->getRoles][OK]->consulta exitosa","level":"info"}
{"message":"007c7439-3d01-4b4e-af7d-3db4eb0223fa[METODO->validateMessage][BODY]{\"data\":{\"token\":\"92b7d407-5ba2-491b-af54-0b1d562fd92d\"},\"expDate\":\"2021-07-25 10:01:23\"}","level":"info"}
{"message":"007c7439-3d01-4b4e-af7d-3db4eb0223fa[METODO->getRoles][SQL]Executing (default): SELECT \"idrol\", \"descripcion\" FROM \"autos\".\"roles\" AS \"roles\" ORDER BY \"roles\".\"descripcion\";","level":"info"}
{"message":"007c7439-3d01-4b4e-af7d-3db4eb0223fa[METODO->getRoles][OK]->consulta exitosa","level":"info"}
{"message":"d73808d1-7d42-485b-8391-09c56b9f4548[METODO->validateMessage][BODY]{\"data\":{\"token\":\"bf1f5372-ed79-4c15-8ebf-9a01ba27c06e\"},\"expDate\":\"2021-07-25 10:02:45\"}","level":"info"}
{"message":"d73808d1-7d42-485b-8391-09c56b9f4548[METODO->getRoles][SQL]Executing (default): SELECT \"idrol\", \"descripcion\" FROM \"autos\".\"roles\" AS \"roles\" ORDER BY \"roles\".\"descripcion\";","level":"info"}
{"message":"d73808d1-7d42-485b-8391-09c56b9f4548[METODO->getRoles][OK]->consulta exitosa","level":"info"}
{"message":"28a522c2-8d94-47f1-b916-b6f7ae5c1542[METODO->validateMessage][BODY]{\"data\":{\"token\":\"ac4f6cca-4cd3-42af-8e23-3c54b096e7b4\"},\"expDate\":\"2021-07-25 10:02:49\"}","level":"info"}
{"message":"28a522c2-8d94-47f1-b916-b6f7ae5c1542[METODO->getRoles][SQL]Executing (default): SELECT \"idrol\", \"descripcion\" FROM \"autos\".\"roles\" AS \"roles\" ORDER BY \"roles\".\"descripcion\";","level":"info"}
{"message":"28a522c2-8d94-47f1-b916-b6f7ae5c1542[METODO->getRoles][OK]->consulta exitosa","level":"info"}
{"message":"4d304b86-4d5e-49e7-aea5-ccb6c58b79a6[METODO->validateMessage][BODY]{\"data\":{\"token\":\"16fddec8-7bbb-4a0e-abbb-25cc0523caab\"},\"expDate\":\"2021-07-25 10:03:58\"}","level":"info"}
{"message":"4d304b86-4d5e-49e7-aea5-ccb6c58b79a6[METODO->getRoles][SQL]Executing (default): SELECT \"idrol\", \"descripcion\" FROM \"autos\".\"roles\" AS \"roles\" ORDER BY \"roles\".\"descripcion\";","level":"info"}
{"message":"4d304b86-4d5e-49e7-aea5-ccb6c58b79a6[METODO->getRoles][OK]->consulta exitosa","level":"info"}
{"message":"a85a233f-c911-4df4-9c7c-a1ab1b805754[METODO->validateMessage][BODY]{\"data\":{\"token\":\"78686b21-1082-499c-bd5b-6e4b3b29af41\"},\"expDate\":\"2021-07-25 10:04:25\"}","level":"info"}
{"message":"a85a233f-c911-4df4-9c7c-a1ab1b805754[METODO->getRoles][SQL]Executing (default): SELECT \"idrol\", \"descripcion\" FROM \"autos\".\"roles\" AS \"roles\" ORDER BY \"roles\".\"descripcion\";","level":"info"}
{"message":"a85a233f-c911-4df4-9c7c-a1ab1b805754[METODO->getRoles][OK]->consulta exitosa","level":"info"}
{"message":"baeb3023-fa58-4796-b851-04e42c28859f[METODO->validateMessage][BODY]{\"data\":{\"token\":\"54b697f0-8de8-46e7-aa94-35d87a715c55\"},\"expDate\":\"2021-07-25 10:04:58\"}","level":"info"}
{"message":"baeb3023-fa58-4796-b851-04e42c28859f[METODO->getRoles][SQL]Executing (default): SELECT \"idrol\", \"descripcion\" FROM \"autos\".\"roles\" AS \"roles\" ORDER BY \"roles\".\"descripcion\";","level":"info"}
{"message":"baeb3023-fa58-4796-b851-04e42c28859f[METODO->getRoles][OK]->consulta exitosa","level":"info"}
{"message":"d1b453e8-dc73-4775-95dd-b1e9abe25a0e[METODO->validateMessage][BODY]{\"data\":{\"token\":\"2d03c348-227e-4b3d-9557-caaf93c6baf5\"},\"expDate\":\"2021-07-25 10:06:39\"}","level":"info"}
{"message":"d1b453e8-dc73-4775-95dd-b1e9abe25a0e[METODO->getRoles][SQL]Executing (default): SELECT \"idrol\", \"descripcion\" FROM \"autos\".\"roles\" AS \"roles\" ORDER BY \"roles\".\"descripcion\";","level":"info"}
{"message":"d1b453e8-dc73-4775-95dd-b1e9abe25a0e[METODO->getRoles][OK]->consulta exitosa","level":"info"}
{"message":"3b2af355-00d6-4fc2-8fe5-2bf4e3d5226f[METODO->validateMessage][BODY]{\"data\":{\"token\":\"d115aaa9-0633-413e-8199-9af54827e5de\"},\"expDate\":\"2021-07-25 10:06:42\"}","level":"info"}
{"message":"3b2af355-00d6-4fc2-8fe5-2bf4e3d5226f[METODO->getRoles][SQL]Executing (default): SELECT \"idrol\", \"descripcion\" FROM \"autos\".\"roles\" AS \"roles\" ORDER BY \"roles\".\"descripcion\";","level":"info"}
{"message":"3b2af355-00d6-4fc2-8fe5-2bf4e3d5226f[METODO->getRoles][OK]->consulta exitosa","level":"info"}
{"message":"70a0b312-26e9-4b9d-b861-360df19bfacb[METODO->validateMessage][BODY]{\"data\":{\"token\":\"b8dcd8c0-20ad-42cb-b1e1-8bdeab28d22f\"},\"expDate\":\"2021-07-25 10:07:10\"}","level":"info"}
{"message":"70a0b312-26e9-4b9d-b861-360df19bfacb[METODO->getRoles][SQL]Executing (default): SELECT \"idrol\", \"descripcion\" FROM \"autos\".\"roles\" AS \"roles\" ORDER BY \"roles\".\"descripcion\";","level":"info"}
{"message":"70a0b312-26e9-4b9d-b861-360df19bfacb[METODO->getRoles][OK]->consulta exitosa","level":"info"}
{"message":"741e13fe-7bb4-4c55-add5-ce2307021829[METODO->validateMessage][BODY]{\"data\":{\"token\":\"6e93a27f-8921-4803-b5a2-6b82e8541d08\"},\"expDate\":\"2021-07-25 10:07:44\"}","level":"info"}
{"message":"741e13fe-7bb4-4c55-add5-ce2307021829[METODO->getRoles][SQL]Executing (default): SELECT \"idrol\", \"descripcion\" FROM \"autos\".\"roles\" AS \"roles\" ORDER BY \"roles\".\"descripcion\";","level":"info"}
{"message":"741e13fe-7bb4-4c55-add5-ce2307021829[METODO->getRoles][OK]->consulta exitosa","level":"info"}
{"message":"79f37a2c-fb07-4e07-be08-7cf1bbc7f84b[METODO->validateMessage][BODY]{\"data\":{\"token\":\"5f31d9e6-2639-4742-ab04-034a0b64ac8e\"},\"expDate\":\"2021-07-25 10:08:10\"}","level":"info"}
{"message":"79f37a2c-fb07-4e07-be08-7cf1bbc7f84b[METODO->getRoles][SQL]Executing (default): SELECT \"idrol\", \"descripcion\" FROM \"autos\".\"roles\" AS \"roles\" ORDER BY \"roles\".\"descripcion\";","level":"info"}
{"message":"79f37a2c-fb07-4e07-be08-7cf1bbc7f84b[METODO->getRoles][OK]->consulta exitosa","level":"info"}
{"message":"a1b48498-a118-42d9-98ee-80e1d6dd518b[METODO->validateMessage][BODY]{\"data\":{\"token\":\"5a3c6c89-4560-4c08-97fb-bf412a3ced78\"},\"expDate\":\"2021-07-25 10:12:15\"}","level":"info"}
{"message":"a1b48498-a118-42d9-98ee-80e1d6dd518b[METODO->getRoles][SQL]Executing (default): SELECT \"idrol\", \"descripcion\" FROM \"autos\".\"roles\" AS \"roles\" ORDER BY \"roles\".\"descripcion\";","level":"info"}
{"message":"a1b48498-a118-42d9-98ee-80e1d6dd518b[METODO->getRoles][OK]->consulta exitosa","level":"info"}
{"message":"1fce76ed-47d9-40a3-97cb-a4bc9a00be24[METODO->validateMessage][BODY]{\"data\":{\"token\":\"6f6946f5-299f-4620-9c66-42d9638595ae\"},\"expDate\":\"2021-07-25 10:12:19\"}","level":"info"}
{"message":"1fce76ed-47d9-40a3-97cb-a4bc9a00be24[METODO->getRoles][SQL]Executing (default): SELECT \"idrol\", \"descripcion\" FROM \"autos\".\"roles\" AS \"roles\" ORDER BY \"roles\".\"descripcion\";","level":"info"}
{"message":"1fce76ed-47d9-40a3-97cb-a4bc9a00be24[METODO->getRoles][OK]->consulta exitosa","level":"info"}
{"message":"eb372ccb-5199-44f0-a8ba-69c8218f622f[METODO->validateMessage][BODY]{\"data\":{\"token\":\"236c0f68-b577-49d3-b6b7-8dd944b74da1\"},\"expDate\":\"2021-07-25 10:19:12\"}","level":"info"}
{"message":"eb372ccb-5199-44f0-a8ba-69c8218f622f[METODO->getRoles][SQL]Executing (default): SELECT \"idrol\", \"descripcion\" FROM \"autos\".\"roles\" AS \"roles\" ORDER BY \"roles\".\"descripcion\";","level":"info"}
{"message":"eb372ccb-5199-44f0-a8ba-69c8218f622f[METODO->getRoles][OK]->consulta exitosa","level":"info"}
{"message":"9dce9da2-8fb0-4c33-893a-76baaa8d9c50[METODO->validateMessage][BODY]{\"data\":{\"token\":\"1c26ab0a-da6c-461e-b2f9-c1db4776b4b6\"},\"expDate\":\"2021-07-25 10:19:15\"}","level":"info"}
{"message":"9dce9da2-8fb0-4c33-893a-76baaa8d9c50[METODO->getRoles][SQL]Executing (default): SELECT \"idrol\", \"descripcion\" FROM \"autos\".\"roles\" AS \"roles\" ORDER BY \"roles\".\"descripcion\";","level":"info"}
{"message":"9dce9da2-8fb0-4c33-893a-76baaa8d9c50[METODO->getRoles][OK]->consulta exitosa","level":"info"}
{"message":"81ce5458-1aeb-4181-9bb5-3752e803a9e5[METODO->validateMessage][BODY]{\"data\":{\"token\":\"a51a6ce4-05fc-4892-9856-b7fd3abbe0e4\"},\"expDate\":\"2021-07-25 10:19:19\"}","level":"info"}
{"message":"81ce5458-1aeb-4181-9bb5-3752e803a9e5[METODO->getRoles][SQL]Executing (default): SELECT \"idrol\", \"descripcion\" FROM \"autos\".\"roles\" AS \"roles\" ORDER BY \"roles\".\"descripcion\";","level":"info"}
{"message":"81ce5458-1aeb-4181-9bb5-3752e803a9e5[METODO->getRoles][OK]->consulta exitosa","level":"info"}
{"message":"3e436d02-670b-410c-a841-0e2dc873f3f8[METODO->validateMessage][BODY]{\"data\":{\"requestLogin\":{\"idrol\":\"1\",\"cedula\":\"88230510\",\"clave\":\"U2FsdGVkX1+EDqwaDZrtw1PRoJlr5N2qc+LlM78vUms=\"}},\"expDate\":\"2021-07-25 10:19:27\"}","level":"info"}
{"message":"3e436d02-670b-410c-a841-0e2dc873f3f8[METODO->validarLogin][SQL]Executing (default): SELECT \"idpersona\", \"cedula\", \"nombre\", \"direccion\", \"telefono\", \"email\", \"clave\", \"activo\" FROM \"autos\".\"personas\" AS \"personas\" WHERE \"personas\".\"cedula\" = '88230510';","level":"info"}
{"message":"3e436d02-670b-410c-a841-0e2dc873f3f8[METODO->validarLogin][SQL]Executing (default): SELECT \"idpersona\", \"cedula\", \"nombre\", \"direccion\", \"telefono\", \"email\", \"activo\" FROM \"autos\".\"personas\" AS \"personas\" WHERE \"personas\".\"cedula\" = '88230510' AND \"personas\".\"clave\" = '456';","level":"info"}
{"message":"3e436d02-670b-410c-a841-0e2dc873f3f8[METODO->validarLogin][SQL]Executing (default): SELECT \"rolesxpersona\".\"idrolesxpersona\", \"rolesxpersona\".\"idrol\", \"rolesxpersona\".\"idpersona\", \"rol\".\"idrol\" AS \"rol.idrol\", \"rol\".\"descripcion\" AS \"rol.descripcion\", \"persona\".\"idpersona\" AS \"persona.idpersona\", \"persona\".\"cedula\" AS \"persona.cedula\", \"persona\".\"nombre\" AS \"persona.nombre\", \"persona\".\"direccion\" AS \"persona.direccion\", \"persona\".\"telefono\" AS \"persona.telefono\", \"persona\".\"email\" AS \"persona.email\", \"persona\".\"clave\" AS \"persona.clave\", \"persona\".\"activo\" AS \"persona.activo\" FROM \"autos\".\"rolesxpersona\" AS \"rolesxpersona\" LEFT OUTER JOIN \"autos\".\"roles\" AS \"rol\" ON \"rolesxpersona\".\"idrol\" = \"rol\".\"idrol\" LEFT OUTER JOIN \"autos\".\"personas\" AS \"persona\" ON \"rolesxpersona\".\"idpersona\" = \"persona\".\"idpersona\" WHERE \"rolesxpersona\".\"idpersona\" = '2' AND \"rolesxpersona\".\"idrol\" = '1' ORDER BY \"rolesxpersona\".\"idrolesxpersona\";","level":"info"}
{"message":"3e436d02-670b-410c-a841-0e2dc873f3f8[METODO->validarLogin][OK]->Consulta ok","level":"error"}
{"message":"8a79713d-232e-4a19-b20e-8aa409f9bfaf[METODO->validateMessage][BODY]{\"data\":{\"token\":\"19bddc02-95a9-422e-839d-909cf8df4e56\"},\"expDate\":\"2021-07-25 10:21:09\"}","level":"info"}
{"message":"8a79713d-232e-4a19-b20e-8aa409f9bfaf[METODO->getRoles][SQL]Executing (default): SELECT \"idrol\", \"descripcion\" FROM \"autos\".\"roles\" AS \"roles\" ORDER BY \"roles\".\"descripcion\";","level":"info"}
{"message":"8a79713d-232e-4a19-b20e-8aa409f9bfaf[METODO->getRoles][OK]->consulta exitosa","level":"info"}
{"message":"401a8fec-91ee-4dbb-8896-5c32d87ab51f[METODO->validateMessage][BODY]{\"data\":{\"token\":\"92669dcf-8e0f-432c-8475-9317d54a01fc\"},\"expDate\":\"2021-07-25 10:28:06\"}","level":"info"}
{"message":"401a8fec-91ee-4dbb-8896-5c32d87ab51f[METODO->getRoles][SQL]Executing (default): SELECT \"idrol\", \"descripcion\" FROM \"autos\".\"roles\" AS \"roles\" ORDER BY \"roles\".\"descripcion\";","level":"info"}
{"message":"401a8fec-91ee-4dbb-8896-5c32d87ab51f[METODO->getRoles][OK]->consulta exitosa","level":"info"}
{"message":"4f14fd34-cc77-49b0-9086-8bcc9ee8c88c[METODO->validateMessage][BODY]{\"data\":{\"token\":\"75416687-6837-49bc-9d46-91c2727b8b03\"},\"expDate\":\"2021-07-25 10:29:01\"}","level":"info"}
{"message":"4f14fd34-cc77-49b0-9086-8bcc9ee8c88c[METODO->getRoles][SQL]Executing (default): SELECT \"idrol\", \"descripcion\" FROM \"autos\".\"roles\" AS \"roles\" ORDER BY \"roles\".\"descripcion\";","level":"info"}
{"message":"4f14fd34-cc77-49b0-9086-8bcc9ee8c88c[METODO->getRoles][OK]->consulta exitosa","level":"info"}
{"message":"e9c9b22e-d88c-43f8-9ede-fdadc6be266e[METODO->validateMessage][BODY]{\"data\":{\"token\":\"459fa7bf-1303-471f-91fb-943566c36556\"},\"expDate\":\"2021-07-25 10:29:04\"}","level":"info"}
{"message":"e9c9b22e-d88c-43f8-9ede-fdadc6be266e[METODO->getRoles][SQL]Executing (default): SELECT \"idrol\", \"descripcion\" FROM \"autos\".\"roles\" AS \"roles\" ORDER BY \"roles\".\"descripcion\";","level":"info"}
{"message":"e9c9b22e-d88c-43f8-9ede-fdadc6be266e[METODO->getRoles][OK]->consulta exitosa","level":"info"}
{"message":"2d1520ac-4cfa-4961-a892-d3326276b13c[METODO->validateMessage][BODY]{\"data\":{\"token\":\"33ddf9b4-9463-44fd-948a-da4a981608d3\"},\"expDate\":\"2021-07-25 10:29:06\"}","level":"info"}
{"message":"2d1520ac-4cfa-4961-a892-d3326276b13c[METODO->getRoles][SQL]Executing (default): SELECT \"idrol\", \"descripcion\" FROM \"autos\".\"roles\" AS \"roles\" ORDER BY \"roles\".\"descripcion\";","level":"info"}
{"message":"2d1520ac-4cfa-4961-a892-d3326276b13c[METODO->getRoles][OK]->consulta exitosa","level":"info"}
{"message":"2b7eac09-3aad-477c-8fd1-cf37a0a3162a[METODO->validateMessage][BODY]{\"data\":{\"token\":\"94826fb9-f973-460f-a4a0-e58c278a6974\"},\"expDate\":\"2021-07-25 10:29:09\"}","level":"info"}
{"message":"2b7eac09-3aad-477c-8fd1-cf37a0a3162a[METODO->getRoles][SQL]Executing (default): SELECT \"idrol\", \"descripcion\" FROM \"autos\".\"roles\" AS \"roles\" ORDER BY \"roles\".\"descripcion\";","level":"info"}
{"message":"2b7eac09-3aad-477c-8fd1-cf37a0a3162a[METODO->getRoles][OK]->consulta exitosa","level":"info"}
{"message":"4c8b0dc9-522f-4828-a4a5-b183ee0187fa[METODO->validateMessage][BODY]{\"data\":{\"token\":\"4013bfb9-feba-4369-98cd-0ca7daaf02a5\"},\"expDate\":\"2021-07-25 10:29:14\"}","level":"info"}
{"message":"4c8b0dc9-522f-4828-a4a5-b183ee0187fa[METODO->getRoles][SQL]Executing (default): SELECT \"idrol\", \"descripcion\" FROM \"autos\".\"roles\" AS \"roles\" ORDER BY \"roles\".\"descripcion\";","level":"info"}
{"message":"4c8b0dc9-522f-4828-a4a5-b183ee0187fa[METODO->getRoles][OK]->consulta exitosa","level":"info"}
{"message":"546bf5e0-fcf0-4a5d-81a5-b58afa99ada2[METODO->validateMessage][BODY]{\"data\":{\"token\":\"5479642d-3042-448c-bf8e-eb129e5bbb91\"},\"expDate\":\"2021-07-25 10:29:16\"}","level":"info"}
{"message":"546bf5e0-fcf0-4a5d-81a5-b58afa99ada2[METODO->getRoles][SQL]Executing (default): SELECT \"idrol\", \"descripcion\" FROM \"autos\".\"roles\" AS \"roles\" ORDER BY \"roles\".\"descripcion\";","level":"info"}
{"message":"546bf5e0-fcf0-4a5d-81a5-b58afa99ada2[METODO->getRoles][OK]->consulta exitosa","level":"info"}
{"message":"a393b27a-f710-4886-87e6-0f5c0d3a6459[METODO->validateMessage][BODY]{\"data\":{\"token\":\"cc4dbc26-816e-4684-8626-85db97b19864\"},\"expDate\":\"2021-07-25 10:29:19\"}","level":"info"}
{"message":"a393b27a-f710-4886-87e6-0f5c0d3a6459[METODO->getRoles][SQL]Executing (default): SELECT \"idrol\", \"descripcion\" FROM \"autos\".\"roles\" AS \"roles\" ORDER BY \"roles\".\"descripcion\";","level":"info"}
{"message":"a393b27a-f710-4886-87e6-0f5c0d3a6459[METODO->getRoles][OK]->consulta exitosa","level":"info"}
{"message":"4167392d-2199-4f12-8227-bbc79d384a4d[METODO->validateMessage][BODY]{\"data\":{\"token\":\"2817157e-f620-4e02-8a95-e193c3ba85c0\"},\"expDate\":\"2021-07-25 10:29:57\"}","level":"info"}
{"message":"4167392d-2199-4f12-8227-bbc79d384a4d[METODO->getRoles][SQL]Executing (default): SELECT \"idrol\", \"descripcion\" FROM \"autos\".\"roles\" AS \"roles\" ORDER BY \"roles\".\"descripcion\";","level":"info"}
{"message":"4167392d-2199-4f12-8227-bbc79d384a4d[METODO->getRoles][OK]->consulta exitosa","level":"info"}
{"message":"be83e4bc-4054-4aa0-81d2-4e67bfb6f827[METODO->validateMessage][BODY]{\"data\":{\"token\":\"7a75d650-f2b1-4fc5-bd53-b8a171e59aab\"},\"expDate\":\"2021-07-25 10:30:02\"}","level":"info"}
{"message":"be83e4bc-4054-4aa0-81d2-4e67bfb6f827[METODO->getRoles][SQL]Executing (default): SELECT \"idrol\", \"descripcion\" FROM \"autos\".\"roles\" AS \"roles\" ORDER BY \"roles\".\"descripcion\";","level":"info"}
{"message":"be83e4bc-4054-4aa0-81d2-4e67bfb6f827[METODO->getRoles][OK]->consulta exitosa","level":"info"}
{"message":"8afc8d60-53db-4947-8add-1c9cef6576d9[METODO->validateMessage][BODY]{\"data\":{\"token\":\"5164bd61-5163-4423-9ad1-7610bb0aedbd\"},\"expDate\":\"2021-07-25 10:30:06\"}","level":"info"}
{"message":"8afc8d60-53db-4947-8add-1c9cef6576d9[METODO->getRoles][SQL]Executing (default): SELECT \"idrol\", \"descripcion\" FROM \"autos\".\"roles\" AS \"roles\" ORDER BY \"roles\".\"descripcion\";","level":"info"}
{"message":"8afc8d60-53db-4947-8add-1c9cef6576d9[METODO->getRoles][OK]->consulta exitosa","level":"info"}
{"message":"51c86f39-203e-434b-82c5-12d182bd5833[METODO->validateMessage][BODY]{\"data\":{\"token\":\"8cd0f509-e344-4328-b999-d1452f555a26\"},\"expDate\":\"2021-07-25 10:31:03\"}","level":"info"}
{"message":"51c86f39-203e-434b-82c5-12d182bd5833[METODO->getRoles][SQL]Executing (default): SELECT \"idrol\", \"descripcion\" FROM \"autos\".\"roles\" AS \"roles\" ORDER BY \"roles\".\"descripcion\";","level":"info"}
{"message":"51c86f39-203e-434b-82c5-12d182bd5833[METODO->getRoles][OK]->consulta exitosa","level":"info"}
{"message":"11b6325d-4e91-46b9-aba7-a47e6942b8ce[METODO->validateMessage][BODY]{\"data\":{\"token\":\"1f839a91-9201-4d32-b35f-dadadd1c0122\"},\"expDate\":\"2021-07-25 10:31:06\"}","level":"info"}
{"message":"11b6325d-4e91-46b9-aba7-a47e6942b8ce[METODO->getRoles][SQL]Executing (default): SELECT \"idrol\", \"descripcion\" FROM \"autos\".\"roles\" AS \"roles\" ORDER BY \"roles\".\"descripcion\";","level":"info"}
{"message":"11b6325d-4e91-46b9-aba7-a47e6942b8ce[METODO->getRoles][OK]->consulta exitosa","level":"info"}
{"message":"c467e334-907d-4b58-9f30-6568d3575b26[METODO->validateMessage][BODY]{\"data\":{\"token\":\"82eae95e-39b7-434a-ac90-0324b67762b1\"},\"expDate\":\"2021-07-25 10:54:06\"}","level":"info"}
{"message":"c467e334-907d-4b58-9f30-6568d3575b26[METODO->getRoles][SQL]Executing (default): SELECT \"idrol\", \"descripcion\" FROM \"autos\".\"roles\" AS \"roles\" ORDER BY \"roles\".\"descripcion\";","level":"info"}
{"message":"c467e334-907d-4b58-9f30-6568d3575b26[METODO->getRoles][OK]->consulta exitosa","level":"info"}
{"message":"08419a21-5dc2-4562-9ebf-4d3930a82412[METODO->validateMessage][BODY]{\"data\":{\"token\":\"15cd09e9-e5fc-4e9a-9d01-4ddd2320c51b\"},\"expDate\":\"2021-07-25 11:10:31\"}","level":"info"}
{"message":"08419a21-5dc2-4562-9ebf-4d3930a82412[METODO->getRoles][SQL]Executing (default): SELECT \"idrol\", \"descripcion\" FROM \"autos\".\"roles\" AS \"roles\" ORDER BY \"roles\".\"descripcion\";","level":"info"}
{"message":"08419a21-5dc2-4562-9ebf-4d3930a82412[METODO->getRoles][OK]->consulta exitosa","level":"info"}
{"message":"c9f98912-12d0-400b-9de2-46d8c27a00de[METODO->validateMessage][BODY]{\"data\":{\"token\":\"3d2ad681-8390-4596-bfbd-45069fbe7b94\"},\"expDate\":\"2021-07-25 11:10:41\"}","level":"info"}
{"message":"c9f98912-12d0-400b-9de2-46d8c27a00de[METODO->getRoles][SQL]Executing (default): SELECT \"idrol\", \"descripcion\" FROM \"autos\".\"roles\" AS \"roles\" ORDER BY \"roles\".\"descripcion\";","level":"info"}
{"message":"c9f98912-12d0-400b-9de2-46d8c27a00de[METODO->getRoles][OK]->consulta exitosa","level":"info"}
